hostname sb042.cluster
ipconfig 1: lo: <LOOPBACK,UP,LOWER_UP> mtu 65536 qdisc noqueue state UNKNOWN group default qlen 1000 link/loopback 00:00:00:00:00:00 brd 00:00:00:00:00:00 inet 127.0.0.1/8 scope host lo valid_lft forever preferred_lft forever inet6 ::1/128 scope host valid_lft forever preferred_lft forever 2: enp4s0f0: <BROADCAST,MULTICAST,UP,LOWER_UP> mtu 9000 qdisc mq state UP group default qlen 1000 link/ether a0:8c:f8:74:c8:f0 brd ff:ff:ff:ff:ff:ff inet 10.3.81.122/22 brd 10.3.83.255 scope global enp4s0f0 valid_lft forever preferred_lft forever inet6 fe80::a28c:f8ff:fe74:c8f0/64 scope link valid_lft forever preferred_lft forever 3: enp4s0f1: <BROADCAST,MULTICAST> mtu 1500 qdisc noop state DOWN group default qlen 1000 link/ether a0:8c:f8:74:c8:f1 brd ff:ff:ff:ff:ff:ff 4: enp4s0f2: <BROADCAST,MULTICAST> mtu 1500 qdisc noop state DOWN group default qlen 1000 link/ether a0:8c:f8:74:c8:f2 brd ff:ff:ff:ff:ff:ff 5: enp4s0f3: <BROADCAST,MULTICAST> mtu 1500 qdisc noop state DOWN group default qlen 1000 link/ether a0:8c:f8:74:c8:f3 brd ff:ff:ff:ff:ff:ff 6: ib0: <BROADCAST,MULTICAST,UP,LOWER_UP> mtu 4092 qdisc pfifo_fast state UP group default qlen 256 link/infiniband 80:00:00:29:fe:80:00:00:00:00:00:00:38:bc:01:03:00:4c:f6:90 brd 00:ff:ff:ff:ff:12:40:1b:ff:ff:00:00:00:00:00:00:ff:ff:ff:ff inet 10.3.89.122/22 brd 10.3.91.255 scope global ib0 valid_lft forever preferred_lft forever inet 10.3.97.122/22 brd 10.3.99.255 scope global ib0:1 valid_lft forever preferred_lft forever inet6 fe80::3abc:103:4c:f690/64 scope link valid_lft forever preferred_lft forever 7: ib1: <NO-CARRIER,BROADCAST,MULTICAST,UP> mtu 4092 qdisc pfifo_fast state DOWN group default qlen 256 link/infiniband 80:00:00:29:fe:80:00:00:00:00:00:00:38:bc:01:03:00:4c:f6:91 brd 00:ff:ff:ff:ff:12:40:1b:ff:ff:00:00:00:00:00:00:ff:ff:ff:ff
2024-02-01 04:48:31,398 - distributed.nanny - INFO -         Start Nanny at: 'tcp://10.3.89.122:40015'
2024-02-01 04:49:48,043 - distributed.worker - INFO -       Start worker at:    tcp://10.3.89.122:37612
2024-02-01 04:49:48,054 - distributed.worker - INFO -          Listening to:    tcp://10.3.89.122:37612
2024-02-01 04:49:48,054 - distributed.worker - INFO -           Worker name:           SLURMCluster-249
2024-02-01 04:49:48,054 - distributed.worker - INFO -          dashboard at:          10.3.89.122:42901
2024-02-01 04:49:48,054 - distributed.worker - INFO - Waiting to connect to:     tcp://10.3.88.11:37020
2024-02-01 04:49:48,055 - distributed.worker - INFO - -------------------------------------------------
2024-02-01 04:49:48,055 - distributed.worker - INFO -               Threads:                          2
2024-02-01 04:49:48,055 - distributed.worker - INFO -                Memory:                  20.49 GiB
2024-02-01 04:49:48,055 - distributed.worker - INFO -       Local Directory: /scratch/dask-worker-space/worker-q18niohb
2024-02-01 04:49:48,055 - distributed.worker - INFO - -------------------------------------------------
2024-02-01 04:49:48,121 - distributed.worker - INFO -         Registered to:     tcp://10.3.88.11:37020
2024-02-01 04:49:48,121 - distributed.worker - INFO - -------------------------------------------------
2024-02-01 04:49:48,122 - distributed.core - INFO - Starting established connection to tcp://10.3.88.11:37020
2024-02-01 04:51:06,639 - distributed.core - INFO - Event loop was unresponsive in Worker for 72.08s.  This is often caused by long-running GIL-holding functions or moving large chunks of data. This can cause timeouts and instability.
2024-02-01 04:51:06,639 - distributed.core - INFO - Event loop was unresponsive in Nanny for 72.07s.  This is often caused by long-running GIL-holding functions or moving large chunks of data. This can cause timeouts and instability.
2024-02-01 04:52:39,737 - distributed.core - INFO - Event loop was unresponsive in Nanny for 75.03s.  This is often caused by long-running GIL-holding functions or moving large chunks of data. This can cause timeouts and instability.
2024-02-01 04:52:39,742 - distributed.core - INFO - Event loop was unresponsive in Worker for 79.64s.  This is often caused by long-running GIL-holding functions or moving large chunks of data. This can cause timeouts and instability.
2024-02-01 04:52:46,178 - distributed.core - INFO - Event loop was unresponsive in Nanny for 3.45s.  This is often caused by long-running GIL-holding functions or moving large chunks of data. This can cause timeouts and instability.
2024-02-01 04:52:50,808 - distributed.core - INFO - Event loop was unresponsive in Worker for 10.62s.  This is often caused by long-running GIL-holding functions or moving large chunks of data. This can cause timeouts and instability.
2024-02-01 04:53:20,893 - distributed.core - INFO - Event loop was unresponsive in Worker for 16.03s.  This is often caused by long-running GIL-holding functions or moving large chunks of data. This can cause timeouts and instability.
2024-02-01 04:53:20,894 - distributed.core - INFO - Event loop was unresponsive in Nanny for 16.02s.  This is often caused by long-running GIL-holding functions or moving large chunks of data. This can cause timeouts and instability.
2024-02-01 04:53:43,792 - distributed.core - INFO - Event loop was unresponsive in Worker for 3.67s.  This is often caused by long-running GIL-holding functions or moving large chunks of data. This can cause timeouts and instability.
2024-02-01 04:57:21,067 - distributed.core - INFO - Event loop was unresponsive in Worker for 160.17s.  This is often caused by long-running GIL-holding functions or moving large chunks of data. This can cause timeouts and instability.
2024-02-01 04:57:21,062 - distributed.core - INFO - Event loop was unresponsive in Nanny for 151.69s.  This is often caused by long-running GIL-holding functions or moving large chunks of data. This can cause timeouts and instability.
2024-02-01 04:58:10,837 - distributed.core - INFO - Event loop was unresponsive in Nanny for 5.49s.  This is often caused by long-running GIL-holding functions or moving large chunks of data. This can cause timeouts and instability.
2024-02-01 04:58:10,837 - distributed.core - INFO - Event loop was unresponsive in Worker for 5.49s.  This is often caused by long-running GIL-holding functions or moving large chunks of data. This can cause timeouts and instability.
2024-02-01 04:59:54,706 - distributed.core - INFO - Event loop was unresponsive in Nanny for 79.31s.  This is often caused by long-running GIL-holding functions or moving large chunks of data. This can cause timeouts and instability.
2024-02-01 05:00:19,765 - distributed.core - INFO - Event loop was unresponsive in Worker for 104.36s.  This is often caused by long-running GIL-holding functions or moving large chunks of data. This can cause timeouts and instability.
2024-02-01 05:00:19,771 - distributed.core - INFO - Event loop was unresponsive in Nanny for 25.07s.  This is often caused by long-running GIL-holding functions or moving large chunks of data. This can cause timeouts and instability.
2024-02-01 05:00:27,557 - distributed.core - INFO - Event loop was unresponsive in Worker for 7.13s.  This is often caused by long-running GIL-holding functions or moving large chunks of data. This can cause timeouts and instability.
2024-02-01 05:00:36,719 - distributed.core - INFO - Event loop was unresponsive in Worker for 7.10s.  This is often caused by long-running GIL-holding functions or moving large chunks of data. This can cause timeouts and instability.
2024-02-01 05:01:50,799 - distributed.core - INFO - Event loop was unresponsive in Nanny for 65.19s.  This is often caused by long-running GIL-holding functions or moving large chunks of data. This can cause timeouts and instability.
2024-02-01 05:01:50,800 - distributed.core - INFO - Event loop was unresponsive in Worker for 65.20s.  This is often caused by long-running GIL-holding functions or moving large chunks of data. This can cause timeouts and instability.
2024-02-01 05:02:28,696 - distributed.core - INFO - Event loop was unresponsive in Worker for 12.95s.  This is often caused by long-running GIL-holding functions or moving large chunks of data. This can cause timeouts and instability.
2024-02-01 05:02:28,696 - distributed.core - INFO - Event loop was unresponsive in Nanny for 12.95s.  This is often caused by long-running GIL-holding functions or moving large chunks of data. This can cause timeouts and instability.
2024-02-01 05:04:33,881 - distributed.core - INFO - Event loop was unresponsive in Nanny for 108.09s.  This is often caused by long-running GIL-holding functions or moving large chunks of data. This can cause timeouts and instability.
2024-02-01 05:04:33,883 - distributed.core - INFO - Event loop was unresponsive in Worker for 108.08s.  This is often caused by long-running GIL-holding functions or moving large chunks of data. This can cause timeouts and instability.
2024-02-01 05:06:50,210 - distributed.core - INFO - Event loop was unresponsive in Nanny for 124.22s.  This is often caused by long-running GIL-holding functions or moving large chunks of data. This can cause timeouts and instability.
2024-02-01 05:06:50,210 - distributed.core - INFO - Event loop was unresponsive in Worker for 124.23s.  This is often caused by long-running GIL-holding functions or moving large chunks of data. This can cause timeouts and instability.
2024-02-01 05:07:18,374 - distributed.core - INFO - Event loop was unresponsive in Nanny for 12.16s.  This is often caused by long-running GIL-holding functions or moving large chunks of data. This can cause timeouts and instability.
2024-02-01 05:07:18,376 - distributed.core - INFO - Event loop was unresponsive in Worker for 12.15s.  This is often caused by long-running GIL-holding functions or moving large chunks of data. This can cause timeouts and instability.
2024-02-01 05:08:08,152 - distributed.core - INFO - Event loop was unresponsive in Worker for 35.19s.  This is often caused by long-running GIL-holding functions or moving large chunks of data. This can cause timeouts and instability.
2024-02-01 05:07:46,090 - distributed.core - INFO - Event loop was unresponsive in Nanny for 9.82s.  This is often caused by long-running GIL-holding functions or moving large chunks of data. This can cause timeouts and instability.
2024-02-01 05:09:49,265 - distributed.core - INFO - Event loop was unresponsive in Worker for 101.11s.  This is often caused by long-running GIL-holding functions or moving large chunks of data. This can cause timeouts and instability.
2024-02-01 05:09:49,270 - distributed.core - INFO - Event loop was unresponsive in Nanny for 123.18s.  This is often caused by long-running GIL-holding functions or moving large chunks of data. This can cause timeouts and instability.
2024-02-01 05:10:06,068 - distributed.core - INFO - Event loop was unresponsive in Worker for 16.75s.  This is often caused by long-running GIL-holding functions or moving large chunks of data. This can cause timeouts and instability.
2024-02-01 05:11:11,388 - distributed.core - INFO - Event loop was unresponsive in Worker for 65.29s.  This is often caused by long-running GIL-holding functions or moving large chunks of data. This can cause timeouts and instability.
2024-02-01 05:11:11,388 [INFO] [core.py:595] distributed.core: Event loop was unresponsive in Worker for 65.29s.  This is often caused by long-running GIL-holding functions or moving large chunks of data. This can cause timeouts and instability.
2024-02-01 05:11:14,741 [WARNING] [rdkit_wrapper.py:3213] openff.toolkit.utils.rdkit_wrapper: Warning (not error because allow_undefined_stereo=True): RDMol has unspecified stereochemistry. Bonds with undefined stereochemistry are:
 - Bond 2 (atoms 2-3 of element (N-C)

/mnt/storage/nobackup/nmb1063/mamba/envs/fegrow/lib/python3.9/site-packages/parmed/structure.py:1775: UnitStrippedWarning: The unit of the quantity is stripped when downcasting to ndarray.
  coords = np.array(value, dtype=np.float64, copy=False, subok=True)
2024-02-01 05:13:00,159 [WARNING] [rdkit_wrapper.py:3213] openff.toolkit.utils.rdkit_wrapper: Warning (not error because allow_undefined_stereo=True): RDMol has unspecified stereochemistry. Bonds with undefined stereochemistry are:
 - Bond 2 (atoms 2-3 of element (N-C)

2024-02-01 05:15:14,522 - distributed.core - INFO - Event loop was unresponsive in Nanny for 227.89s.  This is often caused by long-running GIL-holding functions or moving large chunks of data. This can cause timeouts and instability.
2024-02-01 05:15:14,779 - distributed.core - INFO - Event loop was unresponsive in Worker for 232.73s.  This is often caused by long-running GIL-holding functions or moving large chunks of data. This can cause timeouts and instability.
2024-02-01 05:15:14,779 [INFO] [core.py:595] distributed.core: Event loop was unresponsive in Worker for 232.73s.  This is often caused by long-running GIL-holding functions or moving large chunks of data. This can cause timeouts and instability.
2024-02-01 05:15:16,616 [WARNING] [rdkit_wrapper.py:3213] openff.toolkit.utils.rdkit_wrapper: Warning (not error because allow_undefined_stereo=True): RDMol has unspecified stereochemistry. Undefined chiral centers are:
 - Atom C (index 4)
Bonds with undefined stereochemistry are:
 - Bond 8 (atoms 8-9 of element (C-C)

/mnt/storage/nobackup/nmb1063/mamba/envs/fegrow/lib/python3.9/site-packages/parmed/structure.py:1775: UnitStrippedWarning: The unit of the quantity is stripped when downcasting to ndarray.
  coords = np.array(value, dtype=np.float64, copy=False, subok=True)
2024-02-01 05:15:18,330 [WARNING] [rdkit_wrapper.py:3213] openff.toolkit.utils.rdkit_wrapper: Warning (not error because allow_undefined_stereo=True): RDMol has unspecified stereochemistry. Undefined chiral centers are:
 - Atom C (index 4)
Bonds with undefined stereochemistry are:
 - Bond 8 (atoms 8-9 of element (C-C)

2024-02-01 05:15:53,463 - distributed.core - INFO - Event loop was unresponsive in Worker for 3.34s.  This is often caused by long-running GIL-holding functions or moving large chunks of data. This can cause timeouts and instability.
2024-02-01 05:15:53,463 [INFO] [core.py:595] distributed.core: Event loop was unresponsive in Worker for 3.34s.  This is often caused by long-running GIL-holding functions or moving large chunks of data. This can cause timeouts and instability.
/mnt/storage/nobackup/nmb1063/mamba/envs/fegrow/lib/python3.9/site-packages/torchani/__init__.py:55: UserWarning: Dependency not satisfied, torchani.ase will not be available
  warnings.warn("Dependency not satisfied, torchani.ase will not be available")
2024-02-01 05:16:43,251 - distributed.core - INFO - Event loop was unresponsive in Nanny for 36.16s.  This is often caused by long-running GIL-holding functions or moving large chunks of data. This can cause timeouts and instability.
2024-02-01 05:17:04,906 - distributed.core - INFO - Event loop was unresponsive in Nanny for 7.76s.  This is often caused by long-running GIL-holding functions or moving large chunks of data. This can cause timeouts and instability.
2024-02-01 05:17:14,409 - distributed.core - INFO - Event loop was unresponsive in Worker for 70.49s.  This is often caused by long-running GIL-holding functions or moving large chunks of data. This can cause timeouts and instability.
2024-02-01 05:17:14,409 [INFO] [core.py:595] distributed.core: Event loop was unresponsive in Worker for 70.49s.  This is often caused by long-running GIL-holding functions or moving large chunks of data. This can cause timeouts and instability.
2024-02-01 05:17:16,476 [WARNING] [__init__.py:5] root: Warning: importing 'simtk.openmm' is deprecated.  Import 'openmm' instead.
2024-02-01 05:17:28,282 - distributed.nanny - INFO - Worker process 16312 was killed by signal 11
2024-02-01 05:17:28,294 - distributed.nanny - WARNING - Restarting worker
slurmstepd: error: *** JOB 19912125 ON sb042 CANCELLED AT 2024-02-01T05:17:43 ***
