hostname sb042.cluster
ipconfig 1: lo: <LOOPBACK,UP,LOWER_UP> mtu 65536 qdisc noqueue state UNKNOWN group default qlen 1000 link/loopback 00:00:00:00:00:00 brd 00:00:00:00:00:00 inet 127.0.0.1/8 scope host lo valid_lft forever preferred_lft forever inet6 ::1/128 scope host valid_lft forever preferred_lft forever 2: enp4s0f0: <BROADCAST,MULTICAST,UP,LOWER_UP> mtu 9000 qdisc mq state UP group default qlen 1000 link/ether a0:8c:f8:74:c8:f0 brd ff:ff:ff:ff:ff:ff inet 10.3.81.122/22 brd 10.3.83.255 scope global enp4s0f0 valid_lft forever preferred_lft forever inet6 fe80::a28c:f8ff:fe74:c8f0/64 scope link valid_lft forever preferred_lft forever 3: enp4s0f1: <BROADCAST,MULTICAST> mtu 1500 qdisc noop state DOWN group default qlen 1000 link/ether a0:8c:f8:74:c8:f1 brd ff:ff:ff:ff:ff:ff 4: enp4s0f2: <BROADCAST,MULTICAST> mtu 1500 qdisc noop state DOWN group default qlen 1000 link/ether a0:8c:f8:74:c8:f2 brd ff:ff:ff:ff:ff:ff 5: enp4s0f3: <BROADCAST,MULTICAST> mtu 1500 qdisc noop state DOWN group default qlen 1000 link/ether a0:8c:f8:74:c8:f3 brd ff:ff:ff:ff:ff:ff 6: ib0: <BROADCAST,MULTICAST,UP,LOWER_UP> mtu 4092 qdisc pfifo_fast state UP group default qlen 256 link/infiniband 80:00:00:29:fe:80:00:00:00:00:00:00:38:bc:01:03:00:4c:f6:90 brd 00:ff:ff:ff:ff:12:40:1b:ff:ff:00:00:00:00:00:00:ff:ff:ff:ff inet 10.3.89.122/22 brd 10.3.91.255 scope global ib0 valid_lft forever preferred_lft forever inet 10.3.97.122/22 brd 10.3.99.255 scope global ib0:1 valid_lft forever preferred_lft forever inet6 fe80::3abc:103:4c:f690/64 scope link valid_lft forever preferred_lft forever 7: ib1: <NO-CARRIER,BROADCAST,MULTICAST,UP> mtu 4092 qdisc pfifo_fast state DOWN group default qlen 256 link/infiniband 80:00:00:29:fe:80:00:00:00:00:00:00:38:bc:01:03:00:4c:f6:91 brd 00:ff:ff:ff:ff:12:40:1b:ff:ff:00:00:00:00:00:00:ff:ff:ff:ff
2024-02-01 01:56:21,198 - distributed.nanny - INFO -         Start Nanny at: 'tcp://10.3.89.122:38106'
2024-02-01 01:56:29,676 - distributed.worker - INFO -       Start worker at:    tcp://10.3.89.122:38160
2024-02-01 01:56:29,677 - distributed.worker - INFO -          Listening to:    tcp://10.3.89.122:38160
2024-02-01 01:56:29,677 - distributed.worker - INFO -           Worker name:            SLURMCluster-72
2024-02-01 01:56:29,677 - distributed.worker - INFO -          dashboard at:          10.3.89.122:34795
2024-02-01 01:56:29,677 - distributed.worker - INFO - Waiting to connect to:     tcp://10.3.88.11:37020
2024-02-01 01:56:29,677 - distributed.worker - INFO - -------------------------------------------------
2024-02-01 01:56:29,677 - distributed.worker - INFO -               Threads:                          2
2024-02-01 01:56:29,677 - distributed.worker - INFO -                Memory:                  20.49 GiB
2024-02-01 01:56:29,677 - distributed.worker - INFO -       Local Directory: /scratch/dask-worker-space/worker-e9ns78fb
2024-02-01 01:56:29,678 - distributed.worker - INFO - -------------------------------------------------
2024-02-01 01:56:29,711 - distributed.worker - INFO -         Registered to:     tcp://10.3.88.11:37020
2024-02-01 01:56:29,711 - distributed.worker - INFO - -------------------------------------------------
2024-02-01 01:56:29,711 - distributed.core - INFO - Starting established connection to tcp://10.3.88.11:37020
2024-02-01 01:56:53,360 - distributed.core - INFO - Event loop was unresponsive in Nanny for 5.38s.  This is often caused by long-running GIL-holding functions or moving large chunks of data. This can cause timeouts and instability.
2024-02-01 01:56:53,360 - distributed.core - INFO - Event loop was unresponsive in Worker for 5.39s.  This is often caused by long-running GIL-holding functions or moving large chunks of data. This can cause timeouts and instability.
2024-02-01 01:57:57,205 - distributed.core - INFO - Event loop was unresponsive in Worker for 59.21s.  This is often caused by long-running GIL-holding functions or moving large chunks of data. This can cause timeouts and instability.
2024-02-01 01:57:57,203 - distributed.core - INFO - Event loop was unresponsive in Nanny for 59.22s.  This is often caused by long-running GIL-holding functions or moving large chunks of data. This can cause timeouts and instability.
2024-02-01 01:58:11,294 - distributed.core - INFO - Event loop was unresponsive in Nanny for 3.19s.  This is often caused by long-running GIL-holding functions or moving large chunks of data. This can cause timeouts and instability.
2024-02-01 01:58:11,293 - distributed.core - INFO - Event loop was unresponsive in Worker for 3.18s.  This is often caused by long-running GIL-holding functions or moving large chunks of data. This can cause timeouts and instability.
2024-02-01 01:58:39,807 - distributed.core - INFO - Event loop was unresponsive in Worker for 11.67s.  This is often caused by long-running GIL-holding functions or moving large chunks of data. This can cause timeouts and instability.
2024-02-01 01:58:39,807 - distributed.core - INFO - Event loop was unresponsive in Nanny for 11.67s.  This is often caused by long-running GIL-holding functions or moving large chunks of data. This can cause timeouts and instability.
2024-02-01 01:59:02,381 - distributed.core - INFO - Event loop was unresponsive in Nanny for 4.20s.  This is often caused by long-running GIL-holding functions or moving large chunks of data. This can cause timeouts and instability.
2024-02-01 01:59:02,394 - distributed.core - INFO - Event loop was unresponsive in Worker for 6.74s.  This is often caused by long-running GIL-holding functions or moving large chunks of data. This can cause timeouts and instability.
2024-02-01 01:59:21,371 - distributed.core - INFO - Event loop was unresponsive in Nanny for 3.15s.  This is often caused by long-running GIL-holding functions or moving large chunks of data. This can cause timeouts and instability.
2024-02-01 01:59:21,470 - distributed.core - INFO - Event loop was unresponsive in Worker for 13.80s.  This is often caused by long-running GIL-holding functions or moving large chunks of data. This can cause timeouts and instability.
2024-02-01 02:02:11,535 - distributed.core - INFO - Event loop was unresponsive in Nanny for 93.19s.  This is often caused by long-running GIL-holding functions or moving large chunks of data. This can cause timeouts and instability.
2024-02-01 02:02:11,538 - distributed.core - INFO - Event loop was unresponsive in Worker for 93.20s.  This is often caused by long-running GIL-holding functions or moving large chunks of data. This can cause timeouts and instability.
2024-02-01 02:02:37,501 - distributed.core - INFO - Event loop was unresponsive in Worker for 8.99s.  This is often caused by long-running GIL-holding functions or moving large chunks of data. This can cause timeouts and instability.
2024-02-01 02:02:37,501 - distributed.core - INFO - Event loop was unresponsive in Nanny for 8.98s.  This is often caused by long-running GIL-holding functions or moving large chunks of data. This can cause timeouts and instability.
2024-02-01 02:03:05,628 - distributed.core - INFO - Event loop was unresponsive in Worker for 5.07s.  This is often caused by long-running GIL-holding functions or moving large chunks of data. This can cause timeouts and instability.
2024-02-01 02:03:05,629 - distributed.core - INFO - Event loop was unresponsive in Nanny for 7.07s.  This is often caused by long-running GIL-holding functions or moving large chunks of data. This can cause timeouts and instability.
2024-02-01 02:03:05,651 - distributed.core - INFO - Event loop was unresponsive in Worker for 8.69s.  This is often caused by long-running GIL-holding functions or moving large chunks of data. This can cause timeouts and instability.
2024-02-01 02:03:22,942 - distributed.core - INFO - Event loop was unresponsive in Nanny for 3.18s.  This is often caused by long-running GIL-holding functions or moving large chunks of data. This can cause timeouts and instability.
2024-02-01 02:05:06,733 - distributed.core - INFO - Event loop was unresponsive in Nanny for 73.02s.  This is often caused by long-running GIL-holding functions or moving large chunks of data. This can cause timeouts and instability.
2024-02-01 02:05:06,735 - distributed.core - INFO - Event loop was unresponsive in Worker for 78.08s.  This is often caused by long-running GIL-holding functions or moving large chunks of data. This can cause timeouts and instability.
2024-02-01 02:05:06,741 - distributed.core - INFO - Event loop was unresponsive in Nanny for 5.09s.  This is often caused by long-running GIL-holding functions or moving large chunks of data. This can cause timeouts and instability.
2024-02-01 02:05:15,944 - distributed.core - INFO - Event loop was unresponsive in Worker for 8.19s.  This is often caused by long-running GIL-holding functions or moving large chunks of data. This can cause timeouts and instability.
2024-02-01 02:05:34,958 - distributed.core - INFO - Event loop was unresponsive in Worker for 3.07s.  This is often caused by long-running GIL-holding functions or moving large chunks of data. This can cause timeouts and instability.
2024-02-01 02:05:54,518 - distributed.core - INFO - Event loop was unresponsive in Nanny for 15.70s.  This is often caused by long-running GIL-holding functions or moving large chunks of data. This can cause timeouts and instability.
2024-02-01 02:05:54,555 - distributed.core - INFO - Event loop was unresponsive in Worker for 19.60s.  This is often caused by long-running GIL-holding functions or moving large chunks of data. This can cause timeouts and instability.
2024-02-01 02:06:14,677 - distributed.core - INFO - Event loop was unresponsive in Nanny for 5.82s.  This is often caused by long-running GIL-holding functions or moving large chunks of data. This can cause timeouts and instability.
2024-02-01 02:06:14,679 - distributed.core - INFO - Event loop was unresponsive in Worker for 5.81s.  This is often caused by long-running GIL-holding functions or moving large chunks of data. This can cause timeouts and instability.
2024-02-01 02:06:30,393 - distributed.core - INFO - Event loop was unresponsive in Worker for 6.02s.  This is often caused by long-running GIL-holding functions or moving large chunks of data. This can cause timeouts and instability.
2024-02-01 02:07:42,973 - distributed.core - INFO - Event loop was unresponsive in Nanny for 47.71s.  This is often caused by long-running GIL-holding functions or moving large chunks of data. This can cause timeouts and instability.
2024-02-01 02:09:41,683 - distributed.core - INFO - Event loop was unresponsive in Nanny for 23.86s.  This is often caused by long-running GIL-holding functions or moving large chunks of data. This can cause timeouts and instability.
2024-02-01 02:10:46,799 - distributed.core - INFO - Event loop was unresponsive in Worker for 256.29s.  This is often caused by long-running GIL-holding functions or moving large chunks of data. This can cause timeouts and instability.
2024-02-01 02:10:46,799 [INFO] [core.py:595] distributed.core: Event loop was unresponsive in Worker for 256.29s.  This is often caused by long-running GIL-holding functions or moving large chunks of data. This can cause timeouts and instability.
2024-02-01 02:11:12,612 - distributed.core - INFO - Event loop was unresponsive in Worker for 14.52s.  This is often caused by long-running GIL-holding functions or moving large chunks of data. This can cause timeouts and instability.
2024-02-01 02:11:12,612 [INFO] [core.py:595] distributed.core: Event loop was unresponsive in Worker for 14.52s.  This is often caused by long-running GIL-holding functions or moving large chunks of data. This can cause timeouts and instability.
2024-02-01 02:11:16,025 [WARNING] [rdkit_wrapper.py:3213] openff.toolkit.utils.rdkit_wrapper: Warning (not error because allow_undefined_stereo=True): RDMol has unspecified stereochemistry. Undefined chiral centers are:
 - Atom C (index 3)
 - Atom C (index 5)

/mnt/storage/nobackup/nmb1063/mamba/envs/fegrow/lib/python3.9/site-packages/parmed/structure.py:1775: UnitStrippedWarning: The unit of the quantity is stripped when downcasting to ndarray.
  coords = np.array(value, dtype=np.float64, copy=False, subok=True)
2024-02-01 02:11:25,447 [WARNING] [rdkit_wrapper.py:3213] openff.toolkit.utils.rdkit_wrapper: Warning (not error because allow_undefined_stereo=True): RDMol has unspecified stereochemistry. Undefined chiral centers are:
 - Atom C (index 3)
 - Atom C (index 5)

2024-02-01 02:11:42,905 - distributed.core - INFO - Event loop was unresponsive in Nanny for 73.62s.  This is often caused by long-running GIL-holding functions or moving large chunks of data. This can cause timeouts and instability.
2024-02-01 02:11:42,905 - distributed.core - INFO - Event loop was unresponsive in Worker for 3.51s.  This is often caused by long-running GIL-holding functions or moving large chunks of data. This can cause timeouts and instability.
2024-02-01 02:11:42,905 [INFO] [core.py:595] distributed.core: Event loop was unresponsive in Worker for 3.51s.  This is often caused by long-running GIL-holding functions or moving large chunks of data. This can cause timeouts and instability.
2024-02-01 02:12:10,562 - distributed.core - INFO - Event loop was unresponsive in Nanny for 11.14s.  This is often caused by long-running GIL-holding functions or moving large chunks of data. This can cause timeouts and instability.
2024-02-01 02:12:10,563 - distributed.core - INFO - Event loop was unresponsive in Worker for 11.13s.  This is often caused by long-running GIL-holding functions or moving large chunks of data. This can cause timeouts and instability.
2024-02-01 02:12:10,563 [INFO] [core.py:595] distributed.core: Event loop was unresponsive in Worker for 11.13s.  This is often caused by long-running GIL-holding functions or moving large chunks of data. This can cause timeouts and instability.
2024-02-01 02:12:50,370 - distributed.core - INFO - Event loop was unresponsive in Nanny for 10.87s.  This is often caused by long-running GIL-holding functions or moving large chunks of data. This can cause timeouts and instability.
2024-02-01 02:12:50,373 - distributed.core - INFO - Event loop was unresponsive in Worker for 14.66s.  This is often caused by long-running GIL-holding functions or moving large chunks of data. This can cause timeouts and instability.
2024-02-01 02:12:50,373 [INFO] [core.py:595] distributed.core: Event loop was unresponsive in Worker for 14.66s.  This is often caused by long-running GIL-holding functions or moving large chunks of data. This can cause timeouts and instability.
2024-02-01 02:15:15,769 - distributed.core - INFO - Event loop was unresponsive in Nanny for 135.86s.  This is often caused by long-running GIL-holding functions or moving large chunks of data. This can cause timeouts and instability.
2024-02-01 02:15:15,779 - distributed.core - INFO - Event loop was unresponsive in Worker for 135.89s.  This is often caused by long-running GIL-holding functions or moving large chunks of data. This can cause timeouts and instability.
2024-02-01 02:15:15,779 [INFO] [core.py:595] distributed.core: Event loop was unresponsive in Worker for 135.89s.  This is often caused by long-running GIL-holding functions or moving large chunks of data. This can cause timeouts and instability.
/mnt/storage/nobackup/nmb1063/mamba/envs/fegrow/lib/python3.9/site-packages/torchani/__init__.py:55: UserWarning: Dependency not satisfied, torchani.ase will not be available
  warnings.warn("Dependency not satisfied, torchani.ase will not be available")
2024-02-01 02:15:37,626 [WARNING] [__init__.py:5] root: Warning: importing 'simtk.openmm' is deprecated.  Import 'openmm' instead.
2024-02-01 02:15:47,619 - distributed.worker - WARNING - Compute Failed
Key:       evaluate-fe9d9c83-1d8a-4ba4-8efb-20f1c8d57e2c
Function:  evaluate
args:      (<rdkit.Chem.rdchem.Mol object at 0x2b4a47b9b090>, 6, '[H]c1nc([H])c(C([H])([H])n2c(C(=O)N([H])c3c([H])c([H])c(Cl)c([H])c3[H])nc([H])c2[H])c([H])c1[H]', '/mnt/storage/nobackup/nmb1063/code/gal/sars-cov-2-main-protease-al-study-combo1/rec_final.pdb', '/nobackup/nmb1063/sars-fegrow/gnina')
kwargs:    {}
Exception: 'RuntimeError("Can\'t redefine method: forward on class: __torch__.torchani.nn.SpeciesConverter (of Python compilation unit at: 0x2b4a4df31790)")'

2024-02-01 02:15:47,619 [WARNING] [worker.py:2352] distributed.worker: Compute Failed
Key:       evaluate-fe9d9c83-1d8a-4ba4-8efb-20f1c8d57e2c
Function:  evaluate
args:      (<rdkit.Chem.rdchem.Mol object at 0x2b4a47b9b090>, 6, '[H]c1nc([H])c(C([H])([H])n2c(C(=O)N([H])c3c([H])c([H])c(Cl)c([H])c3[H])nc([H])c2[H])c([H])c1[H]', '/mnt/storage/nobackup/nmb1063/code/gal/sars-cov-2-main-protease-al-study-combo1/rec_final.pdb', '/nobackup/nmb1063/sars-fegrow/gnina')
kwargs:    {}
Exception: 'RuntimeError("Can\'t redefine method: forward on class: __torch__.torchani.nn.SpeciesConverter (of Python compilation unit at: 0x2b4a4df31790)")'

2024-02-01 02:15:49,983 - distributed.utils_perf - INFO - full garbage collection released 19.98 MiB from 252718 reference cycles (threshold: 9.54 MiB)
2024-02-01 02:15:49,983 [INFO] [utils_perf.py:198] distributed.utils_perf: full garbage collection released 19.98 MiB from 252718 reference cycles (threshold: 9.54 MiB)
TIME changed dir: 0.0s
TIME changed dir: 0.0s
Generated 24 conformers. 
Removed 20 conformers. 
Generated 43 conformers. 
Removed 36 conformers. 
using ani2x
using ani2x
/mnt/storage/nobackup/nmb1063/mamba/envs/fegrow/lib/python3.9/site-packages/torchani/resources/
/mnt/storage/nobackup/nmb1063/mamba/envs/fegrow/lib/python3.9/site-packages/torchani/resources/
failed to equip `nnpops` with error: No module named 'NNPOps'
failed to equip `nnpops` with error: No module named 'NNPOps'
TIME changed dir: 0.0s
Optimising conformer:   0%|                               | 0/7 [00:00<?, ?it/s][W BinaryOps.cpp:601] Warning: floor_divide is deprecated, and will be removed in a future version of pytorch. It currently rounds toward 0 (like the 'trunc' function NOT 'floor'). This results in incorrect rounding for negative values.
To keep the current behavior, use torch.div(a, b, rounding_mode='trunc'), or for actual floor division, use torch.div(a, b, rounding_mode='floor'). (function operator())
/mnt/storage/nobackup/nmb1063/mamba/envs/fegrow/lib/python3.9/site-packages/parmed/structure.py:1775: UnitStrippedWarning: The unit of the quantity is stripped when downcasting to ndarray.
  coords = np.array(value, dtype=np.float64, copy=False, subok=True)
Optimising conformer:  14%|â–ˆâ–ˆâ–ˆâ–Ž                   | 1/7 [00:05<00:32,  5.38s/it]2024-02-01 02:16:11,381 - distributed.core - INFO - Event loop was unresponsive in Nanny for 11.58s.  This is often caused by long-running GIL-holding functions or moving large chunks of data. This can cause timeouts and instability.
2024-02-01 02:16:11,383 - distributed.core - INFO - Event loop was unresponsive in Worker for 11.57s.  This is often caused by long-running GIL-holding functions or moving large chunks of data. This can cause timeouts and instability.
2024-02-01 02:16:11,383 [INFO] [core.py:595] distributed.core: Event loop was unresponsive in Worker for 11.57s.  This is often caused by long-running GIL-holding functions or moving large chunks of data. This can cause timeouts and instability.
Optimising conformer:  29%|â–ˆâ–ˆâ–ˆâ–ˆâ–ˆâ–ˆâ–Œ                | 2/7 [00:22<01:01, 12.26s/it]2024-02-01 02:18:03,808 - distributed.core - INFO - Event loop was unresponsive in Nanny for 63.91s.  This is often caused by long-running GIL-holding functions or moving large chunks of data. This can cause timeouts and instability.
2024-02-01 02:18:11,912 - distributed.core - INFO - Event loop was unresponsive in Worker for 77.64s.  This is often caused by long-running GIL-holding functions or moving large chunks of data. This can cause timeouts and instability.
2024-02-01 02:18:11,912 [INFO] [core.py:595] distributed.core: Event loop was unresponsive in Worker for 77.64s.  This is often caused by long-running GIL-holding functions or moving large chunks of data. This can cause timeouts and instability.
2024-02-01 02:18:11,919 - distributed.core - INFO - Event loop was unresponsive in Nanny for 8.11s.  This is often caused by long-running GIL-holding functions or moving large chunks of data. This can cause timeouts and instability.
2024-02-01 02:18:29,358 - distributed.core - INFO - Event loop was unresponsive in Nanny for 9.32s.  This is often caused by long-running GIL-holding functions or moving large chunks of data. This can cause timeouts and instability.
2024-02-01 02:18:29,621 - distributed.core - INFO - Event loop was unresponsive in Worker for 12.97s.  This is often caused by long-running GIL-holding functions or moving large chunks of data. This can cause timeouts and instability.
2024-02-01 02:18:29,621 [INFO] [core.py:595] distributed.core: Event loop was unresponsive in Worker for 12.97s.  This is often caused by long-running GIL-holding functions or moving large chunks of data. This can cause timeouts and instability.
Generated 14 conformers. 
Removed 10 conformers. 
using ani2x
/mnt/storage/nobackup/nmb1063/mamba/envs/fegrow/lib/python3.9/site-packages/torchani/resources/
failed to equip `nnpops` with error: No module named 'NNPOps'

Optimising conformer:   0%|                               | 0/4 [00:00<?, ?it/s][A
Optimising conformer:  25%|â–ˆâ–ˆâ–ˆâ–ˆâ–ˆâ–Š                 | 1/4 [00:03<00:10,  3.42s/it][A
Optimising conformer:  50%|â–ˆâ–ˆâ–ˆâ–ˆâ–ˆâ–ˆâ–ˆâ–ˆâ–ˆâ–ˆâ–ˆâ–Œ           | 2/4 [00:06<00:06,  3.08s/it][A
Optimising conformer:  75%|â–ˆâ–ˆâ–ˆâ–ˆâ–ˆâ–ˆâ–ˆâ–ˆâ–ˆâ–ˆâ–ˆâ–ˆâ–ˆâ–ˆâ–ˆâ–ˆâ–ˆâ–Ž     | 3/4 [00:09<00:03,  3.06s/it][A2024-02-01 02:19:42,154 - distributed.core - INFO - Event loop was unresponsive in Nanny for 52.07s.  This is often caused by long-running GIL-holding functions or moving large chunks of data. This can cause timeouts and instability.
2024-02-01 02:20:57,576 - distributed.core - INFO - Event loop was unresponsive in Worker for 129.02s.  This is often caused by long-running GIL-holding functions or moving large chunks of data. This can cause timeouts and instability.

2024-02-01 02:20:57,576 [INFO] [core.py:595] distributed.core: Event loop was unresponsive in Worker for 129.02s.  This is often caused by long-running GIL-holding functions or moving large chunks of data. This can cause timeouts and instability.
2024-02-01 02:21:01,322 - distributed.core - INFO - Event loop was unresponsive in Nanny for 79.17s.  This is often caused by long-running GIL-holding functions or moving large chunks of data. This can cause timeouts and instability.
Optimising conformer: 100%|â–ˆâ–ˆâ–ˆâ–ˆâ–ˆâ–ˆâ–ˆâ–ˆâ–ˆâ–ˆâ–ˆâ–ˆâ–ˆâ–ˆâ–ˆâ–ˆâ–ˆâ–ˆâ–ˆâ–ˆâ–ˆâ–ˆâ–ˆ| 4/4 [02:24<00:00, 53.67s/it][AOptimising conformer: 100%|â–ˆâ–ˆâ–ˆâ–ˆâ–ˆâ–ˆâ–ˆâ–ˆâ–ˆâ–ˆâ–ˆâ–ˆâ–ˆâ–ˆâ–ˆâ–ˆâ–ˆâ–ˆâ–ˆâ–ˆâ–ˆâ–ˆâ–ˆ| 4/4 [02:24<00:00, 36.08s/it]
2024-02-01 02:21:01,532 - distributed.core - INFO - Event loop was unresponsive in Worker for 3.96s.  This is often caused by long-running GIL-holding functions or moving large chunks of data. This can cause timeouts and instability.
2024-02-01 02:21:01,532 [INFO] [core.py:595] distributed.core: Event loop was unresponsive in Worker for 3.96s.  This is often caused by long-running GIL-holding functions or moving large chunks of data. This can cause timeouts and instability.
/mnt/storage/nobackup/nmb1063/code/gal/sars-cov-2-main-protease-al-study-combo1/rsearcher.py:89: UserWarning: The ligand was an array (SDF?). Using the first frame. 
  warnings.warn("The ligand was an array (SDF?). Using the first frame. ")
Optimising conformer:  43%|â–ˆâ–ˆâ–ˆâ–ˆâ–ˆâ–ˆâ–ˆâ–ˆâ–ˆâ–            | 3/7 [05:24<09:37, 144.38s/it]Optimising conformer:  57%|â–ˆâ–ˆâ–ˆâ–ˆâ–ˆâ–ˆâ–ˆâ–ˆâ–ˆâ–ˆâ–ˆâ–ˆâ–ˆâ–         | 4/7 [05:26<04:25, 88.51s/it]Optimising conformer:  71%|â–ˆâ–ˆâ–ˆâ–ˆâ–ˆâ–ˆâ–ˆâ–ˆâ–ˆâ–ˆâ–ˆâ–ˆâ–ˆâ–ˆâ–ˆâ–ˆâ–      | 5/7 [05:30<01:55, 57.85s/it]Optimising conformer:  86%|â–ˆâ–ˆâ–ˆâ–ˆâ–ˆâ–ˆâ–ˆâ–ˆâ–ˆâ–ˆâ–ˆâ–ˆâ–ˆâ–ˆâ–ˆâ–ˆâ–ˆâ–ˆâ–ˆâ–‹   | 6/7 [05:33<00:39, 39.24s/it]Optimising conformer: 100%|â–ˆâ–ˆâ–ˆâ–ˆâ–ˆâ–ˆâ–ˆâ–ˆâ–ˆâ–ˆâ–ˆâ–ˆâ–ˆâ–ˆâ–ˆâ–ˆâ–ˆâ–ˆâ–ˆâ–ˆâ–ˆâ–ˆâ–ˆ| 7/7 [05:36<00:00, 27.40s/it]Optimising conformer: 100%|â–ˆâ–ˆâ–ˆâ–ˆâ–ˆâ–ˆâ–ˆâ–ˆâ–ˆâ–ˆâ–ˆâ–ˆâ–ˆâ–ˆâ–ˆâ–ˆâ–ˆâ–ˆâ–ˆâ–ˆâ–ˆâ–ˆâ–ˆ| 7/7 [05:36<00:00, 48.08s/it]
2024-02-01 02:21:31,661 - distributed.core - INFO - Event loop was unresponsive in Worker for 4.75s.  This is often caused by long-running GIL-holding functions or moving large chunks of data. This can cause timeouts and instability.
2024-02-01 02:21:31,661 [INFO] [core.py:595] distributed.core: Event loop was unresponsive in Worker for 4.75s.  This is often caused by long-running GIL-holding functions or moving large chunks of data. This can cause timeouts and instability.
2024-02-01 02:22:20,381 - distributed.core - INFO - Event loop was unresponsive in Nanny for 9.98s.  This is often caused by long-running GIL-holding functions or moving large chunks of data. This can cause timeouts and instability.
2024-02-01 02:22:20,382 - distributed.core - INFO - Event loop was unresponsive in Worker for 9.97s.  This is often caused by long-running GIL-holding functions or moving large chunks of data. This can cause timeouts and instability.
2024-02-01 02:22:20,382 [INFO] [core.py:595] distributed.core: Event loop was unresponsive in Worker for 9.97s.  This is often caused by long-running GIL-holding functions or moving large chunks of data. This can cause timeouts and instability.
2024-02-01 02:24:01,792 - distributed.core - INFO - Event loop was unresponsive in Worker for 71.42s.  This is often caused by long-running GIL-holding functions or moving large chunks of data. This can cause timeouts and instability.
2024-02-01 02:24:01,787 - distributed.core - INFO - Event loop was unresponsive in Nanny for 71.33s.  This is often caused by long-running GIL-holding functions or moving large chunks of data. This can cause timeouts and instability.
2024-02-01 02:24:01,792 [INFO] [core.py:595] distributed.core: Event loop was unresponsive in Worker for 71.42s.  This is often caused by long-running GIL-holding functions or moving large chunks of data. This can cause timeouts and instability.
2024-02-01 02:24:01,833 - distributed.core - INFO - Connection to tcp://10.3.88.11:37020 has been closed.
2024-02-01 02:24:01,833 [INFO] [core.py:877] distributed.core: Connection to tcp://10.3.88.11:37020 has been closed.
2024-02-01 02:24:01,835 - distributed.worker - INFO - Stopping worker at tcp://10.3.89.122:38160. Reason: worker-handle-scheduler-connection-broken
2024-02-01 02:24:01,835 [INFO] [worker.py:1535] distributed.worker: Stopping worker at tcp://10.3.89.122:38160. Reason: worker-handle-scheduler-connection-broken
2024-02-01 02:24:01,839 - distributed.worker - ERROR - Scheduler was unaware of this worker 'tcp://10.3.89.122:38160'. Shutting down.
2024-02-01 02:24:01,839 [ERROR] [worker.py:1260] distributed.worker: Scheduler was unaware of this worker 'tcp://10.3.89.122:38160'. Shutting down.
2024-02-01 02:24:01,839 - distributed.batched - INFO - Batched Comm Closed <TCP (closed) Worker->Scheduler local=tcp://10.3.89.122:56872 remote=tcp://10.3.88.11:37020>
Traceback (most recent call last):
  File "/mnt/storage/nobackup/nmb1063/mamba/envs/fegrow/lib/python3.9/site-packages/distributed/batched.py", line 115, in _background_send
    nbytes = yield coro
  File "/mnt/storage/nobackup/nmb1063/mamba/envs/fegrow/lib/python3.9/site-packages/tornado/gen.py", line 767, in run
    value = future.result()
  File "/mnt/storage/nobackup/nmb1063/mamba/envs/fegrow/lib/python3.9/site-packages/distributed/comm/tcp.py", line 269, in write
    raise CommClosedError()
distributed.comm.core.CommClosedError
2024-02-01 02:24:01,839 [INFO] [batched.py:122] distributed.batched: Batched Comm Closed <TCP (closed) Worker->Scheduler local=tcp://10.3.89.122:56872 remote=tcp://10.3.88.11:37020>
Traceback (most recent call last):
  File "/mnt/storage/nobackup/nmb1063/mamba/envs/fegrow/lib/python3.9/site-packages/distributed/batched.py", line 115, in _background_send
    nbytes = yield coro
  File "/mnt/storage/nobackup/nmb1063/mamba/envs/fegrow/lib/python3.9/site-packages/tornado/gen.py", line 767, in run
    value = future.result()
  File "/mnt/storage/nobackup/nmb1063/mamba/envs/fegrow/lib/python3.9/site-packages/distributed/comm/tcp.py", line 269, in write
    raise CommClosedError()
distributed.comm.core.CommClosedError
2024-02-01 02:24:01,863 - distributed.nanny - INFO - Closing Nanny gracefully at 'tcp://10.3.89.122:38106'. Reason: worker-handle-scheduler-connection-broken
2024-02-01 02:24:01,872 - distributed.nanny - INFO - Worker closed
2024-02-01 02:24:01,872 [INFO] [nanny.py:945] distributed.nanny: Worker closed
slurmstepd: error: *** JOB 19912104 ON sb042 CANCELLED AT 2024-02-01T02:24:02 ***
