hostname sb042.cluster
ipconfig 1: lo: <LOOPBACK,UP,LOWER_UP> mtu 65536 qdisc noqueue state UNKNOWN group default qlen 1000 link/loopback 00:00:00:00:00:00 brd 00:00:00:00:00:00 inet 127.0.0.1/8 scope host lo valid_lft forever preferred_lft forever inet6 ::1/128 scope host valid_lft forever preferred_lft forever 2: enp4s0f0: <BROADCAST,MULTICAST,UP,LOWER_UP> mtu 9000 qdisc mq state UP group default qlen 1000 link/ether a0:8c:f8:74:c8:f0 brd ff:ff:ff:ff:ff:ff inet 10.3.81.122/22 brd 10.3.83.255 scope global enp4s0f0 valid_lft forever preferred_lft forever inet6 fe80::a28c:f8ff:fe74:c8f0/64 scope link valid_lft forever preferred_lft forever 3: enp4s0f1: <BROADCAST,MULTICAST> mtu 1500 qdisc noop state DOWN group default qlen 1000 link/ether a0:8c:f8:74:c8:f1 brd ff:ff:ff:ff:ff:ff 4: enp4s0f2: <BROADCAST,MULTICAST> mtu 1500 qdisc noop state DOWN group default qlen 1000 link/ether a0:8c:f8:74:c8:f2 brd ff:ff:ff:ff:ff:ff 5: enp4s0f3: <BROADCAST,MULTICAST> mtu 1500 qdisc noop state DOWN group default qlen 1000 link/ether a0:8c:f8:74:c8:f3 brd ff:ff:ff:ff:ff:ff 6: ib0: <BROADCAST,MULTICAST,UP,LOWER_UP> mtu 4092 qdisc pfifo_fast state UP group default qlen 256 link/infiniband 80:00:00:29:fe:80:00:00:00:00:00:00:38:bc:01:03:00:4c:f6:90 brd 00:ff:ff:ff:ff:12:40:1b:ff:ff:00:00:00:00:00:00:ff:ff:ff:ff inet 10.3.89.122/22 brd 10.3.91.255 scope global ib0 valid_lft forever preferred_lft forever inet 10.3.97.122/22 brd 10.3.99.255 scope global ib0:1 valid_lft forever preferred_lft forever inet6 fe80::3abc:103:4c:f690/64 scope link valid_lft forever preferred_lft forever 7: ib1: <NO-CARRIER,BROADCAST,MULTICAST,UP> mtu 4092 qdisc pfifo_fast state DOWN group default qlen 256 link/infiniband 80:00:00:29:fe:80:00:00:00:00:00:00:38:bc:01:03:00:4c:f6:91 brd 00:ff:ff:ff:ff:12:40:1b:ff:ff:00:00:00:00:00:00:ff:ff:ff:ff
2024-02-01 03:13:14,038 - distributed.nanny - INFO -         Start Nanny at: 'tcp://10.3.89.122:38037'
2024-02-01 03:13:16,869 - distributed.diskutils - INFO - Found stale lock file and directory '/scratch/dask-worker-space/worker-p1mx2hpc', purging
2024-02-01 03:15:56,726 - distributed.worker - INFO -       Start worker at:    tcp://10.3.89.122:43212
2024-02-01 03:15:56,733 - distributed.worker - INFO -          Listening to:    tcp://10.3.89.122:43212
2024-02-01 03:15:56,733 - distributed.worker - INFO -           Worker name:           SLURMCluster-486
2024-02-01 03:15:56,733 - distributed.worker - INFO -          dashboard at:          10.3.89.122:43290
2024-02-01 03:15:56,733 - distributed.worker - INFO - Waiting to connect to:     tcp://10.3.88.11:37020
2024-02-01 03:15:56,733 - distributed.worker - INFO - -------------------------------------------------
2024-02-01 03:15:56,733 - distributed.worker - INFO -               Threads:                          2
2024-02-01 03:15:56,734 - distributed.worker - INFO -                Memory:                  20.49 GiB
2024-02-01 03:15:56,734 - distributed.worker - INFO -       Local Directory: /scratch/dask-worker-space/worker-yhql8vnu
2024-02-01 03:15:56,734 - distributed.worker - INFO - -------------------------------------------------
2024-02-01 03:15:56,814 - distributed.worker - INFO -         Registered to:     tcp://10.3.88.11:37020
2024-02-01 03:15:56,815 - distributed.worker - INFO - -------------------------------------------------
2024-02-01 03:15:56,815 - distributed.core - INFO - Starting established connection to tcp://10.3.88.11:37020
2024-02-01 03:16:29,876 - distributed.core - INFO - Event loop was unresponsive in Worker for 16.12s.  This is often caused by long-running GIL-holding functions or moving large chunks of data. This can cause timeouts and instability.
2024-02-01 03:16:29,874 - distributed.core - INFO - Event loop was unresponsive in Nanny for 16.40s.  This is often caused by long-running GIL-holding functions or moving large chunks of data. This can cause timeouts and instability.
2024-02-01 03:16:29,927 - distributed.worker - ERROR - Worker stream died during communication: tcp://10.3.89.122:39315
Traceback (most recent call last):
  File "/mnt/storage/nobackup/nmb1063/mamba/envs/fegrow/lib/python3.9/site-packages/distributed/comm/tcp.py", line 225, in read
    frames_nbytes = await stream.read_bytes(fmt_size)
asyncio.exceptions.CancelledError

During handling of the above exception, another exception occurred:

Traceback (most recent call last):
  File "/mnt/storage/nobackup/nmb1063/mamba/envs/fegrow/lib/python3.9/asyncio/tasks.py", line 490, in wait_for
    return fut.result()
asyncio.exceptions.CancelledError

The above exception was the direct cause of the following exception:

Traceback (most recent call last):
  File "/mnt/storage/nobackup/nmb1063/mamba/envs/fegrow/lib/python3.9/site-packages/distributed/comm/core.py", line 328, in connect
    handshake = await asyncio.wait_for(comm.read(), time_left())
  File "/mnt/storage/nobackup/nmb1063/mamba/envs/fegrow/lib/python3.9/asyncio/tasks.py", line 492, in wait_for
    raise exceptions.TimeoutError() from exc
asyncio.exceptions.TimeoutError

The above exception was the direct cause of the following exception:

Traceback (most recent call last):
  File "/mnt/storage/nobackup/nmb1063/mamba/envs/fegrow/lib/python3.9/site-packages/distributed/worker.py", line 2081, in gather_dep
    response = await get_data_from_worker(
  File "/mnt/storage/nobackup/nmb1063/mamba/envs/fegrow/lib/python3.9/site-packages/distributed/worker.py", line 2900, in get_data_from_worker
    comm = await rpc.connect(worker)
  File "/mnt/storage/nobackup/nmb1063/mamba/envs/fegrow/lib/python3.9/site-packages/distributed/core.py", line 1468, in connect
    return await connect_attempt
  File "/mnt/storage/nobackup/nmb1063/mamba/envs/fegrow/lib/python3.9/site-packages/distributed/core.py", line 1389, in _connect
    comm = await connect(
  File "/mnt/storage/nobackup/nmb1063/mamba/envs/fegrow/lib/python3.9/site-packages/distributed/comm/core.py", line 333, in connect
    raise OSError(
OSError: Timed out during handshake while connecting to tcp://10.3.89.122:39315 after 30 s
2024-02-01 03:17:00,169 - distributed.core - INFO - Event loop was unresponsive in Nanny for 14.54s.  This is often caused by long-running GIL-holding functions or moving large chunks of data. This can cause timeouts and instability.
2024-02-01 03:17:23,990 - distributed.core - INFO - Event loop was unresponsive in Nanny for 8.30s.  This is often caused by long-running GIL-holding functions or moving large chunks of data. This can cause timeouts and instability.
2024-02-01 03:18:01,368 - distributed.core - INFO - Event loop was unresponsive in Nanny for 5.62s.  This is often caused by long-running GIL-holding functions or moving large chunks of data. This can cause timeouts and instability.
2024-02-01 03:18:13,469 - distributed.core - INFO - Event loop was unresponsive in Nanny for 7.70s.  This is often caused by long-running GIL-holding functions or moving large chunks of data. This can cause timeouts and instability.
2024-02-01 03:20:01,847 - distributed.core - INFO - Event loop was unresponsive in Nanny for 86.04s.  This is often caused by long-running GIL-holding functions or moving large chunks of data. This can cause timeouts and instability.
2024-02-01 03:21:09,067 - distributed.core - INFO - Event loop was unresponsive in Nanny for 21.16s.  This is often caused by long-running GIL-holding functions or moving large chunks of data. This can cause timeouts and instability.
2024-02-01 03:21:18,170 - distributed.core - INFO - Event loop was unresponsive in Worker for 288.17s.  This is often caused by long-running GIL-holding functions or moving large chunks of data. This can cause timeouts and instability.
2024-02-01 03:21:18,170 [INFO] [core.py:595] distributed.core: Event loop was unresponsive in Worker for 288.17s.  This is often caused by long-running GIL-holding functions or moving large chunks of data. This can cause timeouts and instability.
2024-02-01 03:21:18,330 - distributed.comm.tcp - INFO - Connection from tcp://10.3.89.122:50600 closed before handshake completed
2024-02-01 03:21:18,330 [INFO] [tcp.py:619] distributed.comm.tcp: Connection from tcp://10.3.89.122:50600 closed before handshake completed
2024-02-01 03:21:37,301 - distributed.core - INFO - Event loop was unresponsive in Worker for 3.45s.  This is often caused by long-running GIL-holding functions or moving large chunks of data. This can cause timeouts and instability.
2024-02-01 03:21:37,301 [INFO] [core.py:595] distributed.core: Event loop was unresponsive in Worker for 3.45s.  This is often caused by long-running GIL-holding functions or moving large chunks of data. This can cause timeouts and instability.
2024-02-01 03:21:43,045 [WARNING] [rdkit_wrapper.py:3213] openff.toolkit.utils.rdkit_wrapper: Warning (not error because allow_undefined_stereo=True): RDMol has unspecified stereochemistry. Undefined chiral centers are:
 - Atom C (index 16)

/mnt/storage/nobackup/nmb1063/mamba/envs/fegrow/lib/python3.9/site-packages/parmed/structure.py:1775: UnitStrippedWarning: The unit of the quantity is stripped when downcasting to ndarray.
  coords = np.array(value, dtype=np.float64, copy=False, subok=True)
2024-02-01 03:21:53,466 [WARNING] [rdkit_wrapper.py:3213] openff.toolkit.utils.rdkit_wrapper: Warning (not error because allow_undefined_stereo=True): RDMol has unspecified stereochemistry. Undefined chiral centers are:
 - Atom C (index 16)

2024-02-01 03:23:50,833 - distributed.core - INFO - Event loop was unresponsive in Nanny for 54.60s.  This is often caused by long-running GIL-holding functions or moving large chunks of data. This can cause timeouts and instability.
/mnt/storage/nobackup/nmb1063/mamba/envs/fegrow/lib/python3.9/site-packages/torchani/__init__.py:55: UserWarning: Dependency not satisfied, torchani.ase will not be available
  warnings.warn("Dependency not satisfied, torchani.ase will not be available")
2024-02-01 03:23:56,256 [WARNING] [__init__.py:5] root: Warning: importing 'simtk.openmm' is deprecated.  Import 'openmm' instead.
TIME changed dir: 0.0s
TIME changed dir: 0.0s
Generated 11 conformers. 
Removed 9 conformers. 
Generated 50 conformers. 
Removed 48 conformers. 
using ani2x
/mnt/storage/nobackup/nmb1063/mamba/envs/fegrow/lib/python3.9/site-packages/torchani/resources/
failed to equip `nnpops` with error: No module named 'NNPOps'
Optimising conformer:   0%|                               | 0/2 [00:00<?, ?it/s][W BinaryOps.cpp:601] Warning: floor_divide is deprecated, and will be removed in a future version of pytorch. It currently rounds toward 0 (like the 'trunc' function NOT 'floor'). This results in incorrect rounding for negative values.
To keep the current behavior, use torch.div(a, b, rounding_mode='trunc'), or for actual floor division, use torch.div(a, b, rounding_mode='floor'). (function operator())
Optimising conformer:  50%|███████████▌           | 1/2 [00:10<00:10, 10.58s/it]Optimising conformer: 100%|███████████████████████| 2/2 [00:13<00:00,  5.99s/it]Optimising conformer: 100%|███████████████████████| 2/2 [00:13<00:00,  6.68s/it]
/mnt/storage/nobackup/nmb1063/code/gal/sars-cov-2-main-protease-al-study-combo1/rsearcher.py:89: UserWarning: The ligand was an array (SDF?). Using the first frame. 
  warnings.warn("The ligand was an array (SDF?). Using the first frame. ")
2024-02-01 03:27:14,884 - distributed.core - INFO - Event loop was unresponsive in Nanny for 144.04s.  This is often caused by long-running GIL-holding functions or moving large chunks of data. This can cause timeouts and instability.
2024-02-01 03:27:15,021 - distributed.core - INFO - Event loop was unresponsive in Worker for 264.55s.  This is often caused by long-running GIL-holding functions or moving large chunks of data. This can cause timeouts and instability.
2024-02-01 03:27:15,021 [INFO] [core.py:595] distributed.core: Event loop was unresponsive in Worker for 264.55s.  This is often caused by long-running GIL-holding functions or moving large chunks of data. This can cause timeouts and instability.
2024-02-01 03:28:24,814 - distributed.core - INFO - Event loop was unresponsive in Nanny for 58.14s.  This is often caused by long-running GIL-holding functions or moving large chunks of data. This can cause timeouts and instability.
2024-02-01 03:28:24,857 - distributed.core - INFO - Event loop was unresponsive in Worker for 62.04s.  This is often caused by long-running GIL-holding functions or moving large chunks of data. This can cause timeouts and instability.
2024-02-01 03:28:24,857 [INFO] [core.py:595] distributed.core: Event loop was unresponsive in Worker for 62.04s.  This is often caused by long-running GIL-holding functions or moving large chunks of data. This can cause timeouts and instability.
2024-02-01 03:28:32,755 - distributed.core - INFO - Event loop was unresponsive in Nanny for 5.99s.  This is often caused by long-running GIL-holding functions or moving large chunks of data. This can cause timeouts and instability.
2024-02-01 03:28:32,946 - distributed.core - INFO - Event loop was unresponsive in Worker for 8.04s.  This is often caused by long-running GIL-holding functions or moving large chunks of data. This can cause timeouts and instability.
2024-02-01 03:28:32,946 [INFO] [core.py:595] distributed.core: Event loop was unresponsive in Worker for 8.04s.  This is often caused by long-running GIL-holding functions or moving large chunks of data. This can cause timeouts and instability.
2024-02-01 03:28:36,171 - distributed.utils_perf - INFO - full garbage collection released 16.84 MiB from 434139 reference cycles (threshold: 9.54 MiB)
2024-02-01 03:28:36,171 [INFO] [utils_perf.py:198] distributed.utils_perf: full garbage collection released 16.84 MiB from 434139 reference cycles (threshold: 9.54 MiB)
/mnt/storage/nobackup/nmb1063/mamba/envs/fegrow/lib/python3.9/site-packages/parmed/structure.py:1775: UnitStrippedWarning: The unit of the quantity is stripped when downcasting to ndarray.
  coords = np.array(value, dtype=np.float64, copy=False, subok=True)
2024-02-01 03:29:08,823 - distributed.core - INFO - Event loop was unresponsive in Nanny for 12.01s.  This is often caused by long-running GIL-holding functions or moving large chunks of data. This can cause timeouts and instability.
2024-02-01 03:29:08,836 - distributed.core - INFO - Event loop was unresponsive in Worker for 12.02s.  This is often caused by long-running GIL-holding functions or moving large chunks of data. This can cause timeouts and instability.
2024-02-01 03:29:08,836 [INFO] [core.py:595] distributed.core: Event loop was unresponsive in Worker for 12.02s.  This is often caused by long-running GIL-holding functions or moving large chunks of data. This can cause timeouts and instability.
2024-02-01 03:29:22,506 - distributed.core - INFO - Event loop was unresponsive in Nanny for 5.68s.  This is often caused by long-running GIL-holding functions or moving large chunks of data. This can cause timeouts and instability.
2024-02-01 03:29:22,506 - distributed.core - INFO - Event loop was unresponsive in Worker for 5.67s.  This is often caused by long-running GIL-holding functions or moving large chunks of data. This can cause timeouts and instability.
2024-02-01 03:29:22,506 [INFO] [core.py:595] distributed.core: Event loop was unresponsive in Worker for 5.67s.  This is often caused by long-running GIL-holding functions or moving large chunks of data. This can cause timeouts and instability.
TIME Completed the molecule generation in 206.8s.
TIME changed dir: 0.0s
Generated 19 conformers. 
Removed 16 conformers. 
using ani2x
/mnt/storage/nobackup/nmb1063/mamba/envs/fegrow/lib/python3.9/site-packages/torchani/resources/
failed to equip `nnpops` with error: No module named 'NNPOps'
Optimising conformer:   0%|                               | 0/2 [00:00<?, ?it/s]Optimising conformer:  50%|███████████▌           | 1/2 [00:07<00:07,  7.32s/it]Optimising conformer: 100%|███████████████████████| 2/2 [00:13<00:00,  6.72s/it]Optimising conformer: 100%|███████████████████████| 2/2 [00:13<00:00,  6.82s/it]
2024-02-01 03:31:25,841 - distributed.core - INFO - Event loop was unresponsive in Nanny for 74.49s.  This is often caused by long-running GIL-holding functions or moving large chunks of data. This can cause timeouts and instability.
2024-02-01 03:31:25,859 - distributed.core - INFO - Event loop was unresponsive in Worker for 74.54s.  This is often caused by long-running GIL-holding functions or moving large chunks of data. This can cause timeouts and instability.
2024-02-01 03:31:25,859 [INFO] [core.py:595] distributed.core: Event loop was unresponsive in Worker for 74.54s.  This is often caused by long-running GIL-holding functions or moving large chunks of data. This can cause timeouts and instability.
/mnt/storage/nobackup/nmb1063/code/gal/sars-cov-2-main-protease-al-study-combo1/rsearcher.py:89: UserWarning: The ligand was an array (SDF?). Using the first frame. 
  warnings.warn("The ligand was an array (SDF?). Using the first frame. ")
using ani2x
/mnt/storage/nobackup/nmb1063/mamba/envs/fegrow/lib/python3.9/site-packages/torchani/resources/
failed to equip `nnpops` with error: No module named 'NNPOps'
TIME Completed the molecule generation in 613.3s.
Optimising conformer:   0%|                               | 0/3 [00:00<?, ?it/s]Optimising conformer:  33%|███████▋               | 1/3 [00:02<00:05,  2.76s/it]Optimising conformer:  67%|███████████████▎       | 2/3 [00:04<00:02,  2.14s/it]Optimising conformer: 100%|███████████████████████| 3/3 [00:06<00:00,  1.98s/it]Optimising conformer: 100%|███████████████████████| 3/3 [00:06<00:00,  2.09s/it]
2024-02-01 03:33:17,684 - distributed.core - INFO - Event loop was unresponsive in Nanny for 20.49s.  This is often caused by long-running GIL-holding functions or moving large chunks of data. This can cause timeouts and instability.
2024-02-01 03:33:17,686 - distributed.core - INFO - Event loop was unresponsive in Worker for 20.49s.  This is often caused by long-running GIL-holding functions or moving large chunks of data. This can cause timeouts and instability.
2024-02-01 03:33:17,686 [INFO] [core.py:595] distributed.core: Event loop was unresponsive in Worker for 20.49s.  This is often caused by long-running GIL-holding functions or moving large chunks of data. This can cause timeouts and instability.
2024-02-01 03:33:48,704 - distributed.core - INFO - Event loop was unresponsive in Nanny for 11.45s.  This is often caused by long-running GIL-holding functions or moving large chunks of data. This can cause timeouts and instability.
2024-02-01 03:33:48,751 - distributed.core - INFO - Event loop was unresponsive in Worker for 17.93s.  This is often caused by long-running GIL-holding functions or moving large chunks of data. This can cause timeouts and instability.
2024-02-01 03:33:48,751 [INFO] [core.py:595] distributed.core: Event loop was unresponsive in Worker for 17.93s.  This is often caused by long-running GIL-holding functions or moving large chunks of data. This can cause timeouts and instability.
2024-02-01 03:34:19,387 - distributed.core - INFO - Event loop was unresponsive in Worker for 12.09s.  This is often caused by long-running GIL-holding functions or moving large chunks of data. This can cause timeouts and instability.
2024-02-01 03:34:19,387 - distributed.core - INFO - Event loop was unresponsive in Nanny for 12.08s.  This is often caused by long-running GIL-holding functions or moving large chunks of data. This can cause timeouts and instability.
2024-02-01 03:34:19,387 [INFO] [core.py:595] distributed.core: Event loop was unresponsive in Worker for 12.09s.  This is often caused by long-running GIL-holding functions or moving large chunks of data. This can cause timeouts and instability.
2024-02-01 03:35:10,941 - distributed.core - INFO - Event loop was unresponsive in Worker for 13.57s.  This is often caused by long-running GIL-holding functions or moving large chunks of data. This can cause timeouts and instability.
2024-02-01 03:35:10,940 - distributed.core - INFO - Event loop was unresponsive in Nanny for 13.55s.  This is often caused by long-running GIL-holding functions or moving large chunks of data. This can cause timeouts and instability.
2024-02-01 03:35:10,941 [INFO] [core.py:595] distributed.core: Event loop was unresponsive in Worker for 13.57s.  This is often caused by long-running GIL-holding functions or moving large chunks of data. This can cause timeouts and instability.
2024-02-01 03:36:02,857 - distributed.core - INFO - Event loop was unresponsive in Worker for 3.04s.  This is often caused by long-running GIL-holding functions or moving large chunks of data. This can cause timeouts and instability.
2024-02-01 03:36:02,857 [INFO] [core.py:595] distributed.core: Event loop was unresponsive in Worker for 3.04s.  This is often caused by long-running GIL-holding functions or moving large chunks of data. This can cause timeouts and instability.
2024-02-01 03:37:54,084 - distributed.core - INFO - Event loop was unresponsive in Nanny for 99.06s.  This is often caused by long-running GIL-holding functions or moving large chunks of data. This can cause timeouts and instability.
2024-02-01 03:37:54,103 - distributed.core - INFO - Event loop was unresponsive in Worker for 99.29s.  This is often caused by long-running GIL-holding functions or moving large chunks of data. This can cause timeouts and instability.
2024-02-01 03:37:54,103 [INFO] [core.py:595] distributed.core: Event loop was unresponsive in Worker for 99.29s.  This is often caused by long-running GIL-holding functions or moving large chunks of data. This can cause timeouts and instability.
2024-02-01 03:38:08,402 - distributed.core - INFO - Event loop was unresponsive in Worker for 4.33s.  This is often caused by long-running GIL-holding functions or moving large chunks of data. This can cause timeouts and instability.
2024-02-01 03:38:08,402 [INFO] [core.py:595] distributed.core: Event loop was unresponsive in Worker for 4.33s.  This is often caused by long-running GIL-holding functions or moving large chunks of data. This can cause timeouts and instability.
2024-02-01 03:38:49,510 - distributed.core - INFO - Event loop was unresponsive in Nanny for 11.78s.  This is often caused by long-running GIL-holding functions or moving large chunks of data. This can cause timeouts and instability.
2024-02-01 03:38:49,512 - distributed.core - INFO - Event loop was unresponsive in Worker for 11.78s.  This is often caused by long-running GIL-holding functions or moving large chunks of data. This can cause timeouts and instability.
2024-02-01 03:38:49,512 [INFO] [core.py:595] distributed.core: Event loop was unresponsive in Worker for 11.78s.  This is often caused by long-running GIL-holding functions or moving large chunks of data. This can cause timeouts and instability.
2024-02-01 03:40:07,432 - distributed.core - INFO - Event loop was unresponsive in Nanny for 9.56s.  This is often caused by long-running GIL-holding functions or moving large chunks of data. This can cause timeouts and instability.
2024-02-01 03:40:07,431 - distributed.core - INFO - Event loop was unresponsive in Worker for 9.57s.  This is often caused by long-running GIL-holding functions or moving large chunks of data. This can cause timeouts and instability.
2024-02-01 03:40:07,431 [INFO] [core.py:595] distributed.core: Event loop was unresponsive in Worker for 9.57s.  This is often caused by long-running GIL-holding functions or moving large chunks of data. This can cause timeouts and instability.
2024-02-01 03:41:34,002 - distributed.core - INFO - Event loop was unresponsive in Worker for 66.59s.  This is often caused by long-running GIL-holding functions or moving large chunks of data. This can cause timeouts and instability.
2024-02-01 03:41:34,001 - distributed.core - INFO - Event loop was unresponsive in Nanny for 66.09s.  This is often caused by long-running GIL-holding functions or moving large chunks of data. This can cause timeouts and instability.
2024-02-01 03:41:34,002 [INFO] [core.py:595] distributed.core: Event loop was unresponsive in Worker for 66.59s.  This is often caused by long-running GIL-holding functions or moving large chunks of data. This can cause timeouts and instability.
slurmstepd: error: *** JOB 19912110 ON sb042 CANCELLED AT 2024-02-01T03:43:02 ***
