hostname sb042.cluster
ipconfig 1: lo: <LOOPBACK,UP,LOWER_UP> mtu 65536 qdisc noqueue state UNKNOWN group default qlen 1000 link/loopback 00:00:00:00:00:00 brd 00:00:00:00:00:00 inet 127.0.0.1/8 scope host lo valid_lft forever preferred_lft forever inet6 ::1/128 scope host valid_lft forever preferred_lft forever 2: enp4s0f0: <BROADCAST,MULTICAST,UP,LOWER_UP> mtu 9000 qdisc mq state UP group default qlen 1000 link/ether a0:8c:f8:74:c8:f0 brd ff:ff:ff:ff:ff:ff inet 10.3.81.122/22 brd 10.3.83.255 scope global enp4s0f0 valid_lft forever preferred_lft forever inet6 fe80::a28c:f8ff:fe74:c8f0/64 scope link valid_lft forever preferred_lft forever 3: enp4s0f1: <BROADCAST,MULTICAST> mtu 1500 qdisc noop state DOWN group default qlen 1000 link/ether a0:8c:f8:74:c8:f1 brd ff:ff:ff:ff:ff:ff 4: enp4s0f2: <BROADCAST,MULTICAST> mtu 1500 qdisc noop state DOWN group default qlen 1000 link/ether a0:8c:f8:74:c8:f2 brd ff:ff:ff:ff:ff:ff 5: enp4s0f3: <BROADCAST,MULTICAST> mtu 1500 qdisc noop state DOWN group default qlen 1000 link/ether a0:8c:f8:74:c8:f3 brd ff:ff:ff:ff:ff:ff 6: ib0: <BROADCAST,MULTICAST,UP,LOWER_UP> mtu 4092 qdisc pfifo_fast state UP group default qlen 256 link/infiniband 80:00:00:29:fe:80:00:00:00:00:00:00:38:bc:01:03:00:4c:f6:90 brd 00:ff:ff:ff:ff:12:40:1b:ff:ff:00:00:00:00:00:00:ff:ff:ff:ff inet 10.3.89.122/22 brd 10.3.91.255 scope global ib0 valid_lft forever preferred_lft forever inet 10.3.97.122/22 brd 10.3.99.255 scope global ib0:1 valid_lft forever preferred_lft forever inet6 fe80::3abc:103:4c:f690/64 scope link valid_lft forever preferred_lft forever 7: ib1: <NO-CARRIER,BROADCAST,MULTICAST,UP> mtu 4092 qdisc pfifo_fast state DOWN group default qlen 256 link/infiniband 80:00:00:29:fe:80:00:00:00:00:00:00:38:bc:01:03:00:4c:f6:91 brd 00:ff:ff:ff:ff:12:40:1b:ff:ff:00:00:00:00:00:00:ff:ff:ff:ff
2024-02-01 07:30:00,658 - distributed.nanny - INFO -         Start Nanny at: 'tcp://10.3.89.122:34765'
2024-02-01 07:34:07,750 - distributed.worker - INFO -       Start worker at:    tcp://10.3.89.122:46503
2024-02-01 07:34:07,750 - distributed.worker - INFO -          Listening to:    tcp://10.3.89.122:46503
2024-02-01 07:34:07,750 - distributed.worker - INFO -           Worker name:           SLURMCluster-155
2024-02-01 07:34:07,750 - distributed.worker - INFO -          dashboard at:          10.3.89.122:35449
2024-02-01 07:34:07,751 - distributed.worker - INFO - Waiting to connect to:     tcp://10.3.88.11:37020
2024-02-01 07:34:07,751 - distributed.worker - INFO - -------------------------------------------------
2024-02-01 07:34:07,751 - distributed.worker - INFO -               Threads:                          2
2024-02-01 07:34:07,751 - distributed.worker - INFO -                Memory:                  20.49 GiB
2024-02-01 07:34:07,751 - distributed.worker - INFO -       Local Directory: /scratch/dask-worker-space/worker-5wk9tryw
2024-02-01 07:34:07,751 - distributed.worker - INFO - -------------------------------------------------
2024-02-01 07:34:07,783 - distributed.worker - INFO -         Registered to:     tcp://10.3.88.11:37020
2024-02-01 07:34:07,783 - distributed.worker - INFO - -------------------------------------------------
2024-02-01 07:34:07,784 - distributed.core - INFO - Starting established connection to tcp://10.3.88.11:37020
2024-02-01 07:38:42,738 - distributed.core - INFO - Event loop was unresponsive in Nanny for 262.42s.  This is often caused by long-running GIL-holding functions or moving large chunks of data. This can cause timeouts and instability.
2024-02-01 07:38:42,738 - distributed.core - INFO - Event loop was unresponsive in Worker for 262.41s.  This is often caused by long-running GIL-holding functions or moving large chunks of data. This can cause timeouts and instability.
2024-02-01 07:40:23,487 - distributed.core - INFO - Event loop was unresponsive in Nanny for 82.71s.  This is often caused by long-running GIL-holding functions or moving large chunks of data. This can cause timeouts and instability.
2024-02-01 07:40:23,500 - distributed.core - INFO - Event loop was unresponsive in Worker for 84.74s.  This is often caused by long-running GIL-holding functions or moving large chunks of data. This can cause timeouts and instability.
2024-02-01 07:47:13,195 - distributed.core - INFO - Event loop was unresponsive in Nanny for 392.26s.  This is often caused by long-running GIL-holding functions or moving large chunks of data. This can cause timeouts and instability.
2024-02-01 07:47:13,195 - distributed.core - INFO - Event loop was unresponsive in Worker for 392.27s.  This is often caused by long-running GIL-holding functions or moving large chunks of data. This can cause timeouts and instability.
2024-02-01 07:51:16,988 - distributed.core - INFO - Event loop was unresponsive in Worker for 235.42s.  This is often caused by long-running GIL-holding functions or moving large chunks of data. This can cause timeouts and instability.
2024-02-01 07:51:16,988 - distributed.core - INFO - Event loop was unresponsive in Nanny for 235.41s.  This is often caused by long-running GIL-holding functions or moving large chunks of data. This can cause timeouts and instability.
2024-02-01 07:51:55,920 - distributed.core - INFO - Event loop was unresponsive in Nanny for 3.92s.  This is often caused by long-running GIL-holding functions or moving large chunks of data. This can cause timeouts and instability.
2024-02-01 07:57:06,776 - distributed.core - INFO - Event loop was unresponsive in Nanny for 310.86s.  This is often caused by long-running GIL-holding functions or moving large chunks of data. This can cause timeouts and instability.
2024-02-01 07:57:07,919 - distributed.core - INFO - Event loop was unresponsive in Worker for 324.31s.  This is often caused by long-running GIL-holding functions or moving large chunks of data. This can cause timeouts and instability.
2024-02-01 08:01:14,299 - distributed.core - INFO - Event loop was unresponsive in Nanny for 231.76s.  This is often caused by long-running GIL-holding functions or moving large chunks of data. This can cause timeouts and instability.
2024-02-01 08:01:14,326 - distributed.core - INFO - Event loop was unresponsive in Worker for 240.54s.  This is often caused by long-running GIL-holding functions or moving large chunks of data. This can cause timeouts and instability.
2024-02-01 08:01:23,160 - distributed.core - INFO - Event loop was unresponsive in Worker for 5.65s.  This is often caused by long-running GIL-holding functions or moving large chunks of data. This can cause timeouts and instability.
2024-02-01 08:02:01,935 - distributed.core - INFO - Event loop was unresponsive in Nanny for 29.00s.  This is often caused by long-running GIL-holding functions or moving large chunks of data. This can cause timeouts and instability.
2024-02-01 08:02:53,876 - distributed.core - INFO - Event loop was unresponsive in Nanny for 40.88s.  This is often caused by long-running GIL-holding functions or moving large chunks of data. This can cause timeouts and instability.
2024-02-01 08:02:53,896 - distributed.core - INFO - Event loop was unresponsive in Worker for 87.47s.  This is often caused by long-running GIL-holding functions or moving large chunks of data. This can cause timeouts and instability.
2024-02-01 08:09:25,597 - distributed.core - INFO - Event loop was unresponsive in Nanny for 378.80s.  This is often caused by long-running GIL-holding functions or moving large chunks of data. This can cause timeouts and instability.
2024-02-01 08:09:25,614 - distributed.core - INFO - Event loop was unresponsive in Worker for 372.51s.  This is often caused by long-running GIL-holding functions or moving large chunks of data. This can cause timeouts and instability.
2024-02-01 08:09:33,477 - distributed.core - INFO - Event loop was unresponsive in Worker for 6.19s.  This is often caused by long-running GIL-holding functions or moving large chunks of data. This can cause timeouts and instability.
2024-02-01 08:13:40,982 - distributed.core - INFO - Event loop was unresponsive in Nanny for 237.27s.  This is often caused by long-running GIL-holding functions or moving large chunks of data. This can cause timeouts and instability.
2024-02-01 08:13:40,998 - distributed.core - INFO - Event loop was unresponsive in Worker for 243.87s.  This is often caused by long-running GIL-holding functions or moving large chunks of data. This can cause timeouts and instability.
2024-02-01 08:14:06,926 - distributed.core - INFO - Event loop was unresponsive in Worker for 4.36s.  This is often caused by long-running GIL-holding functions or moving large chunks of data. This can cause timeouts and instability.
2024-02-01 08:18:13,504 - distributed.core - INFO - Event loop was unresponsive in Worker for 229.34s.  This is often caused by long-running GIL-holding functions or moving large chunks of data. This can cause timeouts and instability.
2024-02-01 08:18:13,503 - distributed.core - INFO - Event loop was unresponsive in Nanny for 229.35s.  This is often caused by long-running GIL-holding functions or moving large chunks of data. This can cause timeouts and instability.
2024-02-01 08:21:44,531 - distributed.core - INFO - Event loop was unresponsive in Nanny for 189.97s.  This is often caused by long-running GIL-holding functions or moving large chunks of data. This can cause timeouts and instability.
2024-02-01 08:21:44,535 - distributed.core - INFO - Event loop was unresponsive in Worker for 189.97s.  This is often caused by long-running GIL-holding functions or moving large chunks of data. This can cause timeouts and instability.
2024-02-01 08:21:44,577 - distributed.comm.tcp - INFO - Connection from tcp://10.3.89.111:36376 closed before handshake completed
2024-02-01 08:21:44,577 - distributed.comm.tcp - INFO - Connection from tcp://10.3.89.120:37836 closed before handshake completed
2024-02-01 08:27:34,212 - distributed.core - INFO - Event loop was unresponsive in Nanny for 338.92s.  This is often caused by long-running GIL-holding functions or moving large chunks of data. This can cause timeouts and instability.
2024-02-01 08:27:35,059 - distributed.core - INFO - Event loop was unresponsive in Worker for 339.77s.  This is often caused by long-running GIL-holding functions or moving large chunks of data. This can cause timeouts and instability.
2024-02-01 08:31:43,066 - distributed.core - INFO - Event loop was unresponsive in Nanny for 227.61s.  This is often caused by long-running GIL-holding functions or moving large chunks of data. This can cause timeouts and instability.
2024-02-01 08:31:43,069 - distributed.core - INFO - Event loop was unresponsive in Worker for 227.60s.  This is often caused by long-running GIL-holding functions or moving large chunks of data. This can cause timeouts and instability.
2024-02-01 08:34:25,398 - distributed.core - INFO - Event loop was unresponsive in Nanny for 149.56s.  This is often caused by long-running GIL-holding functions or moving large chunks of data. This can cause timeouts and instability.
2024-02-01 08:34:25,410 - distributed.core - INFO - Event loop was unresponsive in Worker for 161.62s.  This is often caused by long-running GIL-holding functions or moving large chunks of data. This can cause timeouts and instability.
2024-02-01 08:41:40,760 - distributed.core - INFO - Event loop was unresponsive in Nanny for 407.22s.  This is often caused by long-running GIL-holding functions or moving large chunks of data. This can cause timeouts and instability.
2024-02-01 08:41:40,762 - distributed.core - INFO - Event loop was unresponsive in Worker for 407.24s.  This is often caused by long-running GIL-holding functions or moving large chunks of data. This can cause timeouts and instability.
2024-02-01 08:42:10,729 - distributed.core - INFO - Event loop was unresponsive in Nanny for 23.93s.  This is often caused by long-running GIL-holding functions or moving large chunks of data. This can cause timeouts and instability.
2024-02-01 08:42:10,731 - distributed.core - INFO - Event loop was unresponsive in Worker for 23.95s.  This is often caused by long-running GIL-holding functions or moving large chunks of data. This can cause timeouts and instability.
2024-02-01 08:42:10,807 - distributed.worker - ERROR - Worker stream died during communication: tcp://10.3.89.95:36040
Traceback (most recent call last):
  File "/mnt/storage/nobackup/nmb1063/mamba/envs/fegrow/lib/python3.9/site-packages/distributed/comm/tcp.py", line 498, in connect
    stream = await self.client.connect(
  File "/mnt/storage/nobackup/nmb1063/mamba/envs/fegrow/lib/python3.9/site-packages/tornado/tcpclient.py", line 279, in connect
    af, addr, stream = await connector.start(connect_timeout=timeout)
asyncio.exceptions.CancelledError

During handling of the above exception, another exception occurred:

Traceback (most recent call last):
  File "/mnt/storage/nobackup/nmb1063/mamba/envs/fegrow/lib/python3.9/asyncio/tasks.py", line 490, in wait_for
    return fut.result()
asyncio.exceptions.CancelledError

The above exception was the direct cause of the following exception:

Traceback (most recent call last):
  File "/mnt/storage/nobackup/nmb1063/mamba/envs/fegrow/lib/python3.9/site-packages/distributed/comm/core.py", line 291, in connect
    comm = await asyncio.wait_for(
  File "/mnt/storage/nobackup/nmb1063/mamba/envs/fegrow/lib/python3.9/asyncio/tasks.py", line 492, in wait_for
    raise exceptions.TimeoutError() from exc
asyncio.exceptions.TimeoutError

The above exception was the direct cause of the following exception:

Traceback (most recent call last):
  File "/mnt/storage/nobackup/nmb1063/mamba/envs/fegrow/lib/python3.9/site-packages/distributed/worker.py", line 2081, in gather_dep
    response = await get_data_from_worker(
  File "/mnt/storage/nobackup/nmb1063/mamba/envs/fegrow/lib/python3.9/site-packages/distributed/worker.py", line 2900, in get_data_from_worker
    comm = await rpc.connect(worker)
  File "/mnt/storage/nobackup/nmb1063/mamba/envs/fegrow/lib/python3.9/site-packages/distributed/core.py", line 1468, in connect
    return await connect_attempt
  File "/mnt/storage/nobackup/nmb1063/mamba/envs/fegrow/lib/python3.9/site-packages/distributed/core.py", line 1389, in _connect
    comm = await connect(
  File "/mnt/storage/nobackup/nmb1063/mamba/envs/fegrow/lib/python3.9/site-packages/distributed/comm/core.py", line 317, in connect
    raise OSError(
OSError: Timed out trying to connect to tcp://10.3.89.95:36040 after 30 s
2024-02-01 08:43:50,991 - distributed.core - INFO - Event loop was unresponsive in Nanny for 74.12s.  This is often caused by long-running GIL-holding functions or moving large chunks of data. This can cause timeouts and instability.
2024-02-01 08:43:50,993 - distributed.core - INFO - Event loop was unresponsive in Worker for 74.13s.  This is often caused by long-running GIL-holding functions or moving large chunks of data. This can cause timeouts and instability.
2024-02-01 08:43:51,022 - distributed.worker - ERROR - Worker stream died during communication: tcp://10.3.89.174:39811
Traceback (most recent call last):
  File "/mnt/storage/nobackup/nmb1063/mamba/envs/fegrow/lib/python3.9/site-packages/distributed/comm/tcp.py", line 225, in read
    frames_nbytes = await stream.read_bytes(fmt_size)
asyncio.exceptions.CancelledError

During handling of the above exception, another exception occurred:

Traceback (most recent call last):
  File "/mnt/storage/nobackup/nmb1063/mamba/envs/fegrow/lib/python3.9/asyncio/tasks.py", line 490, in wait_for
    return fut.result()
asyncio.exceptions.CancelledError

The above exception was the direct cause of the following exception:

Traceback (most recent call last):
  File "/mnt/storage/nobackup/nmb1063/mamba/envs/fegrow/lib/python3.9/site-packages/distributed/comm/core.py", line 328, in connect
    handshake = await asyncio.wait_for(comm.read(), time_left())
  File "/mnt/storage/nobackup/nmb1063/mamba/envs/fegrow/lib/python3.9/asyncio/tasks.py", line 492, in wait_for
    raise exceptions.TimeoutError() from exc
asyncio.exceptions.TimeoutError

The above exception was the direct cause of the following exception:

Traceback (most recent call last):
  File "/mnt/storage/nobackup/nmb1063/mamba/envs/fegrow/lib/python3.9/site-packages/distributed/worker.py", line 2081, in gather_dep
    response = await get_data_from_worker(
  File "/mnt/storage/nobackup/nmb1063/mamba/envs/fegrow/lib/python3.9/site-packages/distributed/worker.py", line 2900, in get_data_from_worker
    comm = await rpc.connect(worker)
  File "/mnt/storage/nobackup/nmb1063/mamba/envs/fegrow/lib/python3.9/site-packages/distributed/core.py", line 1468, in connect
    return await connect_attempt
  File "/mnt/storage/nobackup/nmb1063/mamba/envs/fegrow/lib/python3.9/site-packages/distributed/core.py", line 1389, in _connect
    comm = await connect(
  File "/mnt/storage/nobackup/nmb1063/mamba/envs/fegrow/lib/python3.9/site-packages/distributed/comm/core.py", line 333, in connect
    raise OSError(
OSError: Timed out during handshake while connecting to tcp://10.3.89.174:39811 after 30 s
2024-02-01 08:44:09,761 - distributed.core - INFO - Event loop was unresponsive in Nanny for 4.15s.  This is often caused by long-running GIL-holding functions or moving large chunks of data. This can cause timeouts and instability.
2024-02-01 08:44:09,762 - distributed.core - INFO - Event loop was unresponsive in Worker for 4.16s.  This is often caused by long-running GIL-holding functions or moving large chunks of data. This can cause timeouts and instability.
2024-02-01 08:45:31,680 - distributed.core - INFO - Event loop was unresponsive in Nanny for 64.64s.  This is often caused by long-running GIL-holding functions or moving large chunks of data. This can cause timeouts and instability.
slurmstepd: error: *** JOB 19912176 ON sb042 CANCELLED AT 2024-02-01T08:51:34 ***
slurmstepd: error: *** JOB 19912176 STEPD TERMINATED ON sb042 AT 2024-02-01T08:54:34 DUE TO JOB NOT ENDING WITH SIGNALS ***
