hostname sb042.cluster
ipconfig 1: lo: <LOOPBACK,UP,LOWER_UP> mtu 65536 qdisc noqueue state UNKNOWN group default qlen 1000 link/loopback 00:00:00:00:00:00 brd 00:00:00:00:00:00 inet 127.0.0.1/8 scope host lo valid_lft forever preferred_lft forever inet6 ::1/128 scope host valid_lft forever preferred_lft forever 2: enp4s0f0: <BROADCAST,MULTICAST,UP,LOWER_UP> mtu 9000 qdisc mq state UP group default qlen 1000 link/ether a0:8c:f8:74:c8:f0 brd ff:ff:ff:ff:ff:ff inet 10.3.81.122/22 brd 10.3.83.255 scope global enp4s0f0 valid_lft forever preferred_lft forever inet6 fe80::a28c:f8ff:fe74:c8f0/64 scope link valid_lft forever preferred_lft forever 3: enp4s0f1: <BROADCAST,MULTICAST> mtu 1500 qdisc noop state DOWN group default qlen 1000 link/ether a0:8c:f8:74:c8:f1 brd ff:ff:ff:ff:ff:ff 4: enp4s0f2: <BROADCAST,MULTICAST> mtu 1500 qdisc noop state DOWN group default qlen 1000 link/ether a0:8c:f8:74:c8:f2 brd ff:ff:ff:ff:ff:ff 5: enp4s0f3: <BROADCAST,MULTICAST> mtu 1500 qdisc noop state DOWN group default qlen 1000 link/ether a0:8c:f8:74:c8:f3 brd ff:ff:ff:ff:ff:ff 6: ib0: <BROADCAST,MULTICAST,UP,LOWER_UP> mtu 4092 qdisc pfifo_fast state UP group default qlen 256 link/infiniband 80:00:00:29:fe:80:00:00:00:00:00:00:38:bc:01:03:00:4c:f6:90 brd 00:ff:ff:ff:ff:12:40:1b:ff:ff:00:00:00:00:00:00:ff:ff:ff:ff inet 10.3.89.122/22 brd 10.3.91.255 scope global ib0 valid_lft forever preferred_lft forever inet 10.3.97.122/22 brd 10.3.99.255 scope global ib0:1 valid_lft forever preferred_lft forever inet6 fe80::3abc:103:4c:f690/64 scope link valid_lft forever preferred_lft forever 7: ib1: <NO-CARRIER,BROADCAST,MULTICAST,UP> mtu 4092 qdisc pfifo_fast state DOWN group default qlen 256 link/infiniband 80:00:00:29:fe:80:00:00:00:00:00:00:38:bc:01:03:00:4c:f6:91 brd 00:ff:ff:ff:ff:12:40:1b:ff:ff:00:00:00:00:00:00:ff:ff:ff:ff
2024-02-01 02:24:51,258 - distributed.nanny - INFO -         Start Nanny at: 'tcp://10.3.89.122:42871'
2024-02-01 02:25:11,925 - distributed.worker - INFO -       Start worker at:    tcp://10.3.89.122:35638
2024-02-01 02:25:11,926 - distributed.worker - INFO -          Listening to:    tcp://10.3.89.122:35638
2024-02-01 02:25:11,926 - distributed.worker - INFO -           Worker name:           SLURMCluster-362
2024-02-01 02:25:11,926 - distributed.worker - INFO -          dashboard at:          10.3.89.122:45478
2024-02-01 02:25:11,926 - distributed.worker - INFO - Waiting to connect to:     tcp://10.3.88.11:37020
2024-02-01 02:25:11,926 - distributed.worker - INFO - -------------------------------------------------
2024-02-01 02:25:11,926 - distributed.worker - INFO -               Threads:                          2
2024-02-01 02:25:11,926 - distributed.worker - INFO -                Memory:                  20.49 GiB
2024-02-01 02:25:11,926 - distributed.worker - INFO -       Local Directory: /scratch/dask-worker-space/worker-m_au41fw
2024-02-01 02:25:11,926 - distributed.worker - INFO - -------------------------------------------------
2024-02-01 02:25:11,964 - distributed.worker - INFO -         Registered to:     tcp://10.3.88.11:37020
2024-02-01 02:25:11,964 - distributed.worker - INFO - -------------------------------------------------
2024-02-01 02:25:11,965 - distributed.core - INFO - Starting established connection to tcp://10.3.88.11:37020
2024-02-01 02:26:01,449 - distributed.core - INFO - Event loop was unresponsive in Worker for 49.18s.  This is often caused by long-running GIL-holding functions or moving large chunks of data. This can cause timeouts and instability.
2024-02-01 02:26:01,449 [INFO] [core.py:595] distributed.core: Event loop was unresponsive in Worker for 49.18s.  This is often caused by long-running GIL-holding functions or moving large chunks of data. This can cause timeouts and instability.
2024-02-01 02:26:13,951 [WARNING] [rdkit_wrapper.py:3213] openff.toolkit.utils.rdkit_wrapper: Warning (not error because allow_undefined_stereo=True): RDMol has unspecified stereochemistry. Undefined chiral centers are:
 - Atom C (index 3)

2024-02-01 02:26:45,762 - distributed.core - INFO - Event loop was unresponsive in Nanny for 24.93s.  This is often caused by long-running GIL-holding functions or moving large chunks of data. This can cause timeouts and instability.
2024-02-01 02:26:58,751 - distributed.core - INFO - Event loop was unresponsive in Worker for 43.80s.  This is often caused by long-running GIL-holding functions or moving large chunks of data. This can cause timeouts and instability.
2024-02-01 02:26:58,751 [INFO] [core.py:595] distributed.core: Event loop was unresponsive in Worker for 43.80s.  This is often caused by long-running GIL-holding functions or moving large chunks of data. This can cause timeouts and instability.
2024-02-01 02:27:15,661 - distributed.core - INFO - Event loop was unresponsive in Nanny for 14.79s.  This is often caused by long-running GIL-holding functions or moving large chunks of data. This can cause timeouts and instability.
2024-02-01 02:28:05,476 - distributed.core - INFO - Event loop was unresponsive in Nanny for 49.81s.  This is often caused by long-running GIL-holding functions or moving large chunks of data. This can cause timeouts and instability.
2024-02-01 02:28:05,778 - distributed.core - INFO - Event loop was unresponsive in Worker for 65.79s.  This is often caused by long-running GIL-holding functions or moving large chunks of data. This can cause timeouts and instability.
2024-02-01 02:28:05,778 [INFO] [core.py:595] distributed.core: Event loop was unresponsive in Worker for 65.79s.  This is often caused by long-running GIL-holding functions or moving large chunks of data. This can cause timeouts and instability.
/mnt/storage/nobackup/nmb1063/mamba/envs/fegrow/lib/python3.9/site-packages/parmed/structure.py:1775: UnitStrippedWarning: The unit of the quantity is stripped when downcasting to ndarray.
  coords = np.array(value, dtype=np.float64, copy=False, subok=True)
2024-02-01 02:28:15,465 [WARNING] [rdkit_wrapper.py:3213] openff.toolkit.utils.rdkit_wrapper: Warning (not error because allow_undefined_stereo=True): RDMol has unspecified stereochemistry. Undefined chiral centers are:
 - Atom C (index 3)

2024-02-01 02:28:26,870 - distributed.core - INFO - Event loop was unresponsive in Nanny for 5.88s.  This is often caused by long-running GIL-holding functions or moving large chunks of data. This can cause timeouts and instability.
2024-02-01 02:28:26,875 - distributed.core - INFO - Event loop was unresponsive in Worker for 5.87s.  This is often caused by long-running GIL-holding functions or moving large chunks of data. This can cause timeouts and instability.
2024-02-01 02:28:26,875 [INFO] [core.py:595] distributed.core: Event loop was unresponsive in Worker for 5.87s.  This is often caused by long-running GIL-holding functions or moving large chunks of data. This can cause timeouts and instability.
2024-02-01 02:29:14,799 - distributed.core - INFO - Event loop was unresponsive in Worker for 3.83s.  This is often caused by long-running GIL-holding functions or moving large chunks of data. This can cause timeouts and instability.
2024-02-01 02:29:14,799 [INFO] [core.py:595] distributed.core: Event loop was unresponsive in Worker for 3.83s.  This is often caused by long-running GIL-holding functions or moving large chunks of data. This can cause timeouts and instability.
/mnt/storage/nobackup/nmb1063/mamba/envs/fegrow/lib/python3.9/site-packages/torchani/__init__.py:55: UserWarning: Dependency not satisfied, torchani.ase will not be available
  warnings.warn("Dependency not satisfied, torchani.ase will not be available")
2024-02-01 02:30:39,821 - distributed.core - INFO - Event loop was unresponsive in Nanny for 58.69s.  This is often caused by long-running GIL-holding functions or moving large chunks of data. This can cause timeouts and instability.
2024-02-01 02:30:39,934 - distributed.core - INFO - Event loop was unresponsive in Worker for 63.49s.  This is often caused by long-running GIL-holding functions or moving large chunks of data. This can cause timeouts and instability.
2024-02-01 02:30:39,934 [INFO] [core.py:595] distributed.core: Event loop was unresponsive in Worker for 63.49s.  This is often caused by long-running GIL-holding functions or moving large chunks of data. This can cause timeouts and instability.
2024-02-01 02:30:42,099 [WARNING] [__init__.py:5] root: Warning: importing 'simtk.openmm' is deprecated.  Import 'openmm' instead.
2024-02-01 02:30:54,937 - distributed.worker - WARNING - Compute Failed
Key:       evaluate-b99b58b8-0ff7-49a1-8b35-e1bfcfafd98f
Function:  evaluate
args:      (<rdkit.Chem.rdchem.Mol object at 0x2b6f9f055db0>, 6, 'O=C(N(C(C([N+]1(C(C(C(C1([H])[H])([H])[H])([H])[H])([H])[H])[H])([H])[H])(c1c(c(c(nc1[H])[H])[H])[H])[H])[H])c1c(c2c(C(C(OC2([H])[H])([H])[H])([H])[H])n1[H])[H]', '/mnt/storage/nobackup/nmb1063/code/gal/sars-cov-2-main-protease-al-study-combo1/rec_final.pdb', '/nobackup/nmb1063/sars-fegrow/gnina')
kwargs:    {}
Exception: 'RuntimeError("Can\'t redefine method: forward on class: __torch__.torchani.nn.SpeciesConverter (of Python compilation unit at: 0x2b6fa1dbd760)")'

2024-02-01 02:30:54,937 [WARNING] [worker.py:2352] distributed.worker: Compute Failed
Key:       evaluate-b99b58b8-0ff7-49a1-8b35-e1bfcfafd98f
Function:  evaluate
args:      (<rdkit.Chem.rdchem.Mol object at 0x2b6f9f055db0>, 6, 'O=C(N(C(C([N+]1(C(C(C(C1([H])[H])([H])[H])([H])[H])([H])[H])[H])([H])[H])(c1c(c(c(nc1[H])[H])[H])[H])[H])[H])c1c(c2c(C(C(OC2([H])[H])([H])[H])([H])[H])n1[H])[H]', '/mnt/storage/nobackup/nmb1063/code/gal/sars-cov-2-main-protease-al-study-combo1/rec_final.pdb', '/nobackup/nmb1063/sars-fegrow/gnina')
kwargs:    {}
Exception: 'RuntimeError("Can\'t redefine method: forward on class: __torch__.torchani.nn.SpeciesConverter (of Python compilation unit at: 0x2b6fa1dbd760)")'

TIME changed dir: 0.0s
TIME changed dir: 0.0s
Generated 21 conformers. 
Removed 19 conformers. 
Generated 47 conformers. 
Removed 36 conformers. 
using ani2x
using ani2x
/mnt/storage/nobackup/nmb1063/mamba/envs/fegrow/lib/python3.9/site-packages/torchani/resources/
/mnt/storage/nobackup/nmb1063/mamba/envs/fegrow/lib/python3.9/site-packages/torchani/resources/
failed to equip `nnpops` with error: No module named 'NNPOps'
failed to equip `nnpops` with error: No module named 'NNPOps'
Optimising conformer:   0%|                               | 0/2 [00:00<?, ?it/s][W BinaryOps.cpp:601] Warning: floor_divide is deprecated, and will be removed in a future version of pytorch. It currently rounds toward 0 (like the 'trunc' function NOT 'floor'). This results in incorrect rounding for negative values.
To keep the current behavior, use torch.div(a, b, rounding_mode='trunc'), or for actual floor division, use torch.div(a, b, rounding_mode='floor'). (function operator())
Optimising conformer:  50%|███████████▌           | 1/2 [00:05<00:05,  5.43s/it]Optimising conformer: 100%|███████████████████████| 2/2 [00:08<00:00,  3.97s/it]Optimising conformer: 100%|███████████████████████| 2/2 [00:08<00:00,  4.19s/it]
2024-02-01 02:31:19,647 - distributed.core - INFO - Event loop was unresponsive in Nanny for 8.37s.  This is often caused by long-running GIL-holding functions or moving large chunks of data. This can cause timeouts and instability.
2024-02-01 02:31:26,755 - distributed.core - INFO - Event loop was unresponsive in Nanny for 7.11s.  This is often caused by long-running GIL-holding functions or moving large chunks of data. This can cause timeouts and instability.
/mnt/storage/nobackup/nmb1063/code/gal/sars-cov-2-main-protease-al-study-combo1/rsearcher.py:89: UserWarning: The ligand was an array (SDF?). Using the first frame. 
  warnings.warn("The ligand was an array (SDF?). Using the first frame. ")
2024-02-01 02:31:27,244 - distributed.core - INFO - Event loop was unresponsive in Worker for 17.82s.  This is often caused by long-running GIL-holding functions or moving large chunks of data. This can cause timeouts and instability.
2024-02-01 02:31:27,244 [INFO] [core.py:595] distributed.core: Event loop was unresponsive in Worker for 17.82s.  This is often caused by long-running GIL-holding functions or moving large chunks of data. This can cause timeouts and instability.
2024-02-01 02:31:28,894 - distributed.utils_perf - INFO - full garbage collection released 17.39 MiB from 477248 reference cycles (threshold: 9.54 MiB)
2024-02-01 02:31:28,894 [INFO] [utils_perf.py:198] distributed.utils_perf: full garbage collection released 17.39 MiB from 477248 reference cycles (threshold: 9.54 MiB)
2024-02-01 02:32:57,812 - distributed.core - INFO - Event loop was unresponsive in Nanny for 56.46s.  This is often caused by long-running GIL-holding functions or moving large chunks of data. This can cause timeouts and instability.
2024-02-01 02:32:57,824 - distributed.core - INFO - Event loop was unresponsive in Worker for 62.86s.  This is often caused by long-running GIL-holding functions or moving large chunks of data. This can cause timeouts and instability.
2024-02-01 02:32:57,824 [INFO] [core.py:595] distributed.core: Event loop was unresponsive in Worker for 62.86s.  This is often caused by long-running GIL-holding functions or moving large chunks of data. This can cause timeouts and instability.
2024-02-01 02:34:06,868 - distributed.core - INFO - Event loop was unresponsive in Nanny for 35.12s.  This is often caused by long-running GIL-holding functions or moving large chunks of data. This can cause timeouts and instability.
2024-02-01 02:34:42,768 - distributed.core - INFO - Event loop was unresponsive in Nanny for 21.20s.  This is often caused by long-running GIL-holding functions or moving large chunks of data. This can cause timeouts and instability.
2024-02-01 02:35:19,848 - distributed.core - INFO - Event loop was unresponsive in Worker for 117.88s.  This is often caused by long-running GIL-holding functions or moving large chunks of data. This can cause timeouts and instability.
2024-02-01 02:35:19,848 [INFO] [core.py:595] distributed.core: Event loop was unresponsive in Worker for 117.88s.  This is often caused by long-running GIL-holding functions or moving large chunks of data. This can cause timeouts and instability.
2024-02-01 02:36:44,886 - distributed.core - INFO - Event loop was unresponsive in Worker for 83.22s.  This is often caused by long-running GIL-holding functions or moving large chunks of data. This can cause timeouts and instability.
2024-02-01 02:36:44,886 - distributed.core - INFO - Event loop was unresponsive in Nanny for 83.21s.  This is often caused by long-running GIL-holding functions or moving large chunks of data. This can cause timeouts and instability.
2024-02-01 02:36:44,886 [INFO] [core.py:595] distributed.core: Event loop was unresponsive in Worker for 83.22s.  This is often caused by long-running GIL-holding functions or moving large chunks of data. This can cause timeouts and instability.
2024-02-01 02:38:02,826 - distributed.core - INFO - Event loop was unresponsive in Nanny for 20.93s.  This is often caused by long-running GIL-holding functions or moving large chunks of data. This can cause timeouts and instability.
2024-02-01 02:38:02,827 - distributed.core - INFO - Event loop was unresponsive in Worker for 20.94s.  This is often caused by long-running GIL-holding functions or moving large chunks of data. This can cause timeouts and instability.
2024-02-01 02:38:02,827 [INFO] [core.py:595] distributed.core: Event loop was unresponsive in Worker for 20.94s.  This is often caused by long-running GIL-holding functions or moving large chunks of data. This can cause timeouts and instability.
2024-02-01 02:38:56,388 - distributed.core - INFO - Event loop was unresponsive in Nanny for 14.40s.  This is often caused by long-running GIL-holding functions or moving large chunks of data. This can cause timeouts and instability.
2024-02-01 02:38:56,388 - distributed.core - INFO - Event loop was unresponsive in Worker for 14.40s.  This is often caused by long-running GIL-holding functions or moving large chunks of data. This can cause timeouts and instability.
2024-02-01 02:38:56,388 [INFO] [core.py:595] distributed.core: Event loop was unresponsive in Worker for 14.40s.  This is often caused by long-running GIL-holding functions or moving large chunks of data. This can cause timeouts and instability.
2024-02-01 02:39:16,376 - distributed.core - INFO - Event loop was unresponsive in Nanny for 4.34s.  This is often caused by long-running GIL-holding functions or moving large chunks of data. This can cause timeouts and instability.
2024-02-01 02:39:16,378 - distributed.core - INFO - Event loop was unresponsive in Worker for 4.33s.  This is often caused by long-running GIL-holding functions or moving large chunks of data. This can cause timeouts and instability.
2024-02-01 02:39:16,378 [INFO] [core.py:595] distributed.core: Event loop was unresponsive in Worker for 4.33s.  This is often caused by long-running GIL-holding functions or moving large chunks of data. This can cause timeouts and instability.
2024-02-01 02:39:35,853 - distributed.core - INFO - Event loop was unresponsive in Nanny for 3.78s.  This is often caused by long-running GIL-holding functions or moving large chunks of data. This can cause timeouts and instability.
2024-02-01 02:39:35,853 - distributed.core - INFO - Event loop was unresponsive in Worker for 3.79s.  This is often caused by long-running GIL-holding functions or moving large chunks of data. This can cause timeouts and instability.
2024-02-01 02:39:35,853 [INFO] [core.py:595] distributed.core: Event loop was unresponsive in Worker for 3.79s.  This is often caused by long-running GIL-holding functions or moving large chunks of data. This can cause timeouts and instability.
2024-02-01 02:42:04,180 - distributed.core - INFO - Event loop was unresponsive in Nanny for 132.09s.  This is often caused by long-running GIL-holding functions or moving large chunks of data. This can cause timeouts and instability.
2024-02-01 02:42:04,181 - distributed.core - INFO - Event loop was unresponsive in Worker for 137.80s.  This is often caused by long-running GIL-holding functions or moving large chunks of data. This can cause timeouts and instability.
2024-02-01 02:42:04,181 [INFO] [core.py:595] distributed.core: Event loop was unresponsive in Worker for 137.80s.  This is often caused by long-running GIL-holding functions or moving large chunks of data. This can cause timeouts and instability.
2024-02-01 02:45:05,002 - distributed.core - INFO - Event loop was unresponsive in Nanny for 72.51s.  This is often caused by long-running GIL-holding functions or moving large chunks of data. This can cause timeouts and instability.
2024-02-01 02:45:05,002 - distributed.core - INFO - Event loop was unresponsive in Worker for 72.52s.  This is often caused by long-running GIL-holding functions or moving large chunks of data. This can cause timeouts and instability.
2024-02-01 02:45:05,002 [INFO] [core.py:595] distributed.core: Event loop was unresponsive in Worker for 72.52s.  This is often caused by long-running GIL-holding functions or moving large chunks of data. This can cause timeouts and instability.
2024-02-01 02:46:08,828 - distributed.core - INFO - Event loop was unresponsive in Worker for 56.22s.  This is often caused by long-running GIL-holding functions or moving large chunks of data. This can cause timeouts and instability.
2024-02-01 02:46:08,828 - distributed.core - INFO - Event loop was unresponsive in Nanny for 56.22s.  This is often caused by long-running GIL-holding functions or moving large chunks of data. This can cause timeouts and instability.
2024-02-01 02:46:08,828 [INFO] [core.py:595] distributed.core: Event loop was unresponsive in Worker for 56.22s.  This is often caused by long-running GIL-holding functions or moving large chunks of data. This can cause timeouts and instability.
2024-02-01 02:47:14,762 - distributed.core - INFO - Event loop was unresponsive in Nanny for 62.05s.  This is often caused by long-running GIL-holding functions or moving large chunks of data. This can cause timeouts and instability.
2024-02-01 02:47:14,764 - distributed.core - INFO - Event loop was unresponsive in Worker for 62.06s.  This is often caused by long-running GIL-holding functions or moving large chunks of data. This can cause timeouts and instability.
2024-02-01 02:47:14,764 [INFO] [core.py:595] distributed.core: Event loop was unresponsive in Worker for 62.06s.  This is often caused by long-running GIL-holding functions or moving large chunks of data. This can cause timeouts and instability.
2024-02-01 02:49:04,081 - distributed.core - INFO - Event loop was unresponsive in Nanny for 101.27s.  This is often caused by long-running GIL-holding functions or moving large chunks of data. This can cause timeouts and instability.
2024-02-01 02:49:04,082 - distributed.core - INFO - Event loop was unresponsive in Worker for 101.26s.  This is often caused by long-running GIL-holding functions or moving large chunks of data. This can cause timeouts and instability.
2024-02-01 02:49:04,082 [INFO] [core.py:595] distributed.core: Event loop was unresponsive in Worker for 101.26s.  This is often caused by long-running GIL-holding functions or moving large chunks of data. This can cause timeouts and instability.
2024-02-01 02:49:43,998 - distributed.core - INFO - Event loop was unresponsive in Nanny for 20.99s.  This is often caused by long-running GIL-holding functions or moving large chunks of data. This can cause timeouts and instability.
2024-02-01 02:49:43,999 - distributed.core - INFO - Event loop was unresponsive in Worker for 20.99s.  This is often caused by long-running GIL-holding functions or moving large chunks of data. This can cause timeouts and instability.
2024-02-01 02:49:43,999 [INFO] [core.py:595] distributed.core: Event loop was unresponsive in Worker for 20.99s.  This is often caused by long-running GIL-holding functions or moving large chunks of data. This can cause timeouts and instability.
[02:49:50] Explicit valence for atom # 4 N, 4, is greater than permitted
[02:49:51] Explicit valence for atom # 6 N, 4, is greater than permitted
2024-02-01 02:50:33,660 - distributed.core - INFO - Event loop was unresponsive in Nanny for 30.59s.  This is often caused by long-running GIL-holding functions or moving large chunks of data. This can cause timeouts and instability.
2024-02-01 02:50:33,662 - distributed.core - INFO - Event loop was unresponsive in Worker for 30.58s.  This is often caused by long-running GIL-holding functions or moving large chunks of data. This can cause timeouts and instability.
2024-02-01 02:50:33,662 [INFO] [core.py:595] distributed.core: Event loop was unresponsive in Worker for 30.58s.  This is often caused by long-running GIL-holding functions or moving large chunks of data. This can cause timeouts and instability.
2024-02-01 02:51:17,066 - distributed.core - INFO - Event loop was unresponsive in Nanny for 13.89s.  This is often caused by long-running GIL-holding functions or moving large chunks of data. This can cause timeouts and instability.
2024-02-01 02:51:17,068 - distributed.core - INFO - Event loop was unresponsive in Worker for 13.90s.  This is often caused by long-running GIL-holding functions or moving large chunks of data. This can cause timeouts and instability.
2024-02-01 02:51:17,068 [INFO] [core.py:595] distributed.core: Event loop was unresponsive in Worker for 13.90s.  This is often caused by long-running GIL-holding functions or moving large chunks of data. This can cause timeouts and instability.
2024-02-01 02:51:38,711 - distributed.core - INFO - Event loop was unresponsive in Nanny for 5.50s.  This is often caused by long-running GIL-holding functions or moving large chunks of data. This can cause timeouts and instability.
2024-02-01 02:51:38,716 - distributed.core - INFO - Event loop was unresponsive in Worker for 5.49s.  This is often caused by long-running GIL-holding functions or moving large chunks of data. This can cause timeouts and instability.
2024-02-01 02:51:38,716 [INFO] [core.py:595] distributed.core: Event loop was unresponsive in Worker for 5.49s.  This is often caused by long-running GIL-holding functions or moving large chunks of data. This can cause timeouts and instability.
2024-02-01 02:52:41,270 - distributed.core - INFO - Event loop was unresponsive in Worker for 48.02s.  This is often caused by long-running GIL-holding functions or moving large chunks of data. This can cause timeouts and instability.
2024-02-01 02:52:41,270 - distributed.core - INFO - Event loop was unresponsive in Nanny for 48.02s.  This is often caused by long-running GIL-holding functions or moving large chunks of data. This can cause timeouts and instability.
2024-02-01 02:52:41,270 [INFO] [core.py:595] distributed.core: Event loop was unresponsive in Worker for 48.02s.  This is often caused by long-running GIL-holding functions or moving large chunks of data. This can cause timeouts and instability.
2024-02-01 02:52:43,977 - distributed.worker - ERROR - Scheduler was unaware of this worker 'tcp://10.3.89.122:35638'. Shutting down.
2024-02-01 02:52:43,977 [ERROR] [worker.py:1260] distributed.worker: Scheduler was unaware of this worker 'tcp://10.3.89.122:35638'. Shutting down.
2024-02-01 02:52:43,978 - distributed.worker - INFO - Stopping worker at tcp://10.3.89.122:35638. Reason: worker-close
2024-02-01 02:52:43,978 [INFO] [worker.py:1535] distributed.worker: Stopping worker at tcp://10.3.89.122:35638. Reason: worker-close
2024-02-01 02:52:43,980 - distributed.core - INFO - Connection to tcp://10.3.88.11:37020 has been closed.
2024-02-01 02:52:43,980 [INFO] [core.py:877] distributed.core: Connection to tcp://10.3.88.11:37020 has been closed.
2024-02-01 02:52:43,988 - distributed.nanny - INFO - Worker closed
2024-02-01 02:52:43,988 [INFO] [nanny.py:945] distributed.nanny: Worker closed
slurmstepd: error: *** JOB 19912107 ON sb042 CANCELLED AT 2024-02-01T02:52:58 ***
TIME Completed the molecule generation in 328.0s.
2024-02-01 02:53:12,887 - distributed.nanny - ERROR - Worker process died unexpectedly
2024-02-01 02:53:12,884 - distributed.core - INFO - Event loop was unresponsive in Nanny for 19.89s.  This is often caused by long-running GIL-holding functions or moving large chunks of data. This can cause timeouts and instability.
