hostname sb026.cluster
ipconfig 1: lo: <LOOPBACK,UP,LOWER_UP> mtu 65536 qdisc noqueue state UNKNOWN group default qlen 1000 link/loopback 00:00:00:00:00:00 brd 00:00:00:00:00:00 inet 127.0.0.1/8 scope host lo valid_lft forever preferred_lft forever inet6 ::1/128 scope host valid_lft forever preferred_lft forever 2: enp4s0f0: <BROADCAST,MULTICAST,UP,LOWER_UP> mtu 9000 qdisc mq state UP group default qlen 1000 link/ether a0:8c:f8:34:c9:d0 brd ff:ff:ff:ff:ff:ff inet 10.3.81.106/22 brd 10.3.83.255 scope global enp4s0f0 valid_lft forever preferred_lft forever inet6 fe80::a28c:f8ff:fe34:c9d0/64 scope link valid_lft forever preferred_lft forever 3: enp4s0f1: <BROADCAST,MULTICAST> mtu 1500 qdisc noop state DOWN group default qlen 1000 link/ether a0:8c:f8:34:c9:d1 brd ff:ff:ff:ff:ff:ff 4: enp4s0f2: <BROADCAST,MULTICAST> mtu 1500 qdisc noop state DOWN group default qlen 1000 link/ether a0:8c:f8:34:c9:d2 brd ff:ff:ff:ff:ff:ff 5: enp4s0f3: <BROADCAST,MULTICAST> mtu 1500 qdisc noop state DOWN group default qlen 1000 link/ether a0:8c:f8:34:c9:d3 brd ff:ff:ff:ff:ff:ff 6: ib0: <BROADCAST,MULTICAST,UP,LOWER_UP> mtu 4092 qdisc pfifo_fast state UP group default qlen 256 link/infiniband 80:00:00:29:fe:80:00:00:00:00:00:00:38:bc:01:03:00:4c:f4:d0 brd 00:ff:ff:ff:ff:12:40:1b:ff:ff:00:00:00:00:00:00:ff:ff:ff:ff inet 10.3.89.106/22 brd 10.3.91.255 scope global ib0 valid_lft forever preferred_lft forever inet 10.3.97.106/22 brd 10.3.99.255 scope global ib0:1 valid_lft forever preferred_lft forever inet6 fe80::3abc:103:4c:f4d0/64 scope link valid_lft forever preferred_lft forever 7: ib1: <BROADCAST,MULTICAST> mtu 4092 qdisc noop state DOWN group default qlen 256 link/infiniband 80:00:00:29:fe:80:00:00:00:00:00:00:38:bc:01:03:00:4c:f4:d1 brd 00:ff:ff:ff:ff:12:40:1b:ff:ff:00:00:00:00:00:00:ff:ff:ff:ff
2024-02-01 07:14:59,712 - distributed.nanny - INFO -         Start Nanny at: 'tcp://10.3.89.106:39316'
2024-02-01 07:15:01,690 - distributed.diskutils - INFO - Found stale lock file and directory '/scratch/dask-worker-space/worker-gdhiknbc', purging
2024-02-01 07:15:01,691 - distributed.diskutils - INFO - Found stale lock file and directory '/scratch/dask-worker-space/worker-yb80ykmd', purging
2024-02-01 07:15:09,303 - distributed.worker - INFO -       Start worker at:    tcp://10.3.89.106:39677
2024-02-01 07:15:09,304 - distributed.worker - INFO -          Listening to:    tcp://10.3.89.106:39677
2024-02-01 07:15:09,304 - distributed.worker - INFO -           Worker name:           SLURMCluster-268
2024-02-01 07:15:09,304 - distributed.worker - INFO -          dashboard at:          10.3.89.106:37834
2024-02-01 07:15:09,304 - distributed.worker - INFO - Waiting to connect to:     tcp://10.3.88.11:37020
2024-02-01 07:15:09,304 - distributed.worker - INFO - -------------------------------------------------
2024-02-01 07:15:09,304 - distributed.worker - INFO -               Threads:                          2
2024-02-01 07:15:09,304 - distributed.worker - INFO -                Memory:                  20.49 GiB
2024-02-01 07:15:09,304 - distributed.worker - INFO -       Local Directory: /scratch/dask-worker-space/worker-ijys4bd1
2024-02-01 07:15:09,304 - distributed.worker - INFO - -------------------------------------------------
2024-02-01 07:15:09,360 - distributed.worker - INFO -         Registered to:     tcp://10.3.88.11:37020
2024-02-01 07:15:09,360 - distributed.worker - INFO - -------------------------------------------------
2024-02-01 07:15:09,361 - distributed.core - INFO - Starting established connection to tcp://10.3.88.11:37020
2024-02-01 07:15:55,066 - distributed.core - INFO - Event loop was unresponsive in Worker for 45.62s.  This is often caused by long-running GIL-holding functions or moving large chunks of data. This can cause timeouts and instability.
2024-02-01 07:15:55,066 [INFO] [core.py:595] distributed.core: Event loop was unresponsive in Worker for 45.62s.  This is often caused by long-running GIL-holding functions or moving large chunks of data. This can cause timeouts and instability.
2024-02-01 07:16:03,129 - distributed.core - INFO - Event loop was unresponsive in Nanny for 5.13s.  This is often caused by long-running GIL-holding functions or moving large chunks of data. This can cause timeouts and instability.
2024-02-01 07:16:34,916 - distributed.core - INFO - Event loop was unresponsive in Nanny for 31.79s.  This is often caused by long-running GIL-holding functions or moving large chunks of data. This can cause timeouts and instability.
2024-02-01 07:16:35,011 - distributed.core - INFO - Event loop was unresponsive in Worker for 37.02s.  This is often caused by long-running GIL-holding functions or moving large chunks of data. This can cause timeouts and instability.
2024-02-01 07:16:35,011 [INFO] [core.py:595] distributed.core: Event loop was unresponsive in Worker for 37.02s.  This is often caused by long-running GIL-holding functions or moving large chunks of data. This can cause timeouts and instability.
/mnt/storage/nobackup/nmb1063/mamba/envs/fegrow/lib/python3.9/site-packages/parmed/structure.py:1775: UnitStrippedWarning: The unit of the quantity is stripped when downcasting to ndarray.
  coords = np.array(value, dtype=np.float64, copy=False, subok=True)
2024-02-01 07:16:48,319 [WARNING] [rdkit_wrapper.py:3213] openff.toolkit.utils.rdkit_wrapper: Warning (not error because allow_undefined_stereo=True): RDMol has unspecified stereochemistry. Undefined chiral centers are:
 - Atom C (index 24)

2024-02-01 07:16:50,701 [WARNING] [rdkit_wrapper.py:3213] openff.toolkit.utils.rdkit_wrapper: Warning (not error because allow_undefined_stereo=True): RDMol has unspecified stereochemistry. Undefined chiral centers are:
 - Atom C (index 24)

2024-02-01 07:18:31,290 - distributed.core - INFO - Event loop was unresponsive in Nanny for 82.64s.  This is often caused by long-running GIL-holding functions or moving large chunks of data. This can cause timeouts and instability.
2024-02-01 07:18:31,290 - distributed.core - INFO - Event loop was unresponsive in Worker for 7.56s.  This is often caused by long-running GIL-holding functions or moving large chunks of data. This can cause timeouts and instability.
2024-02-01 07:18:31,290 [INFO] [core.py:595] distributed.core: Event loop was unresponsive in Worker for 7.56s.  This is often caused by long-running GIL-holding functions or moving large chunks of data. This can cause timeouts and instability.
2024-02-01 07:18:31,305 - distributed.core - INFO - Event loop was unresponsive in Worker for 83.86s.  This is often caused by long-running GIL-holding functions or moving large chunks of data. This can cause timeouts and instability.
2024-02-01 07:18:31,305 [INFO] [core.py:595] distributed.core: Event loop was unresponsive in Worker for 83.86s.  This is often caused by long-running GIL-holding functions or moving large chunks of data. This can cause timeouts and instability.
2024-02-01 07:23:37,012 - distributed.core - INFO - Event loop was unresponsive in Nanny for 288.76s.  This is often caused by long-running GIL-holding functions or moving large chunks of data. This can cause timeouts and instability.
2024-02-01 07:23:37,020 - distributed.core - INFO - Event loop was unresponsive in Worker for 294.68s.  This is often caused by long-running GIL-holding functions or moving large chunks of data. This can cause timeouts and instability.
2024-02-01 07:23:37,020 [INFO] [core.py:595] distributed.core: Event loop was unresponsive in Worker for 294.68s.  This is often caused by long-running GIL-holding functions or moving large chunks of data. This can cause timeouts and instability.
2024-02-01 07:24:11,637 - distributed.core - INFO - Event loop was unresponsive in Nanny for 12.88s.  This is often caused by long-running GIL-holding functions or moving large chunks of data. This can cause timeouts and instability.
2024-02-01 07:24:11,652 - distributed.core - INFO - Event loop was unresponsive in Worker for 21.31s.  This is often caused by long-running GIL-holding functions or moving large chunks of data. This can cause timeouts and instability.
2024-02-01 07:24:11,652 [INFO] [core.py:595] distributed.core: Event loop was unresponsive in Worker for 21.31s.  This is often caused by long-running GIL-holding functions or moving large chunks of data. This can cause timeouts and instability.
/mnt/storage/nobackup/nmb1063/mamba/envs/fegrow/lib/python3.9/site-packages/torchani/__init__.py:55: UserWarning: Dependency not satisfied, torchani.ase will not be available
  warnings.warn("Dependency not satisfied, torchani.ase will not be available")
2024-02-01 07:24:14,125 [WARNING] [__init__.py:5] root: Warning: importing 'simtk.openmm' is deprecated.  Import 'openmm' instead.
2024-02-01 07:24:34,021 - distributed.worker - WARNING - Compute Failed
Key:       evaluate-098ef968-d8fc-48b1-962b-6c7f07aab87f
Function:  evaluate
args:      (<rdkit.Chem.rdchem.Mol object at 0x2b67f0e95db0>, 6, 'Fc1c(c(c(C(c2nnc(N(C(C(c3c(c(c(nc3[H])[H])[H])[H])([H])[H])([H])[H])[H])o2)([H])[H])c(c1[H])[H])[H])[H]', '/mnt/storage/nobackup/nmb1063/code/gal/sars-cov-2-main-protease-al-study-combo1/rec_final.pdb', '/nobackup/nmb1063/sars-fegrow/gnina')
kwargs:    {}
Exception: 'RuntimeError("Can\'t redefine method: forward on class: __torch__.torchani.nn.SpeciesConverter (of Python compilation unit at: 0x2b68cc0397e0)")'

2024-02-01 07:24:34,021 [WARNING] [worker.py:2352] distributed.worker: Compute Failed
Key:       evaluate-098ef968-d8fc-48b1-962b-6c7f07aab87f
Function:  evaluate
args:      (<rdkit.Chem.rdchem.Mol object at 0x2b67f0e95db0>, 6, 'Fc1c(c(c(C(c2nnc(N(C(C(c3c(c(c(nc3[H])[H])[H])[H])([H])[H])([H])[H])[H])o2)([H])[H])c(c1[H])[H])[H])[H]', '/mnt/storage/nobackup/nmb1063/code/gal/sars-cov-2-main-protease-al-study-combo1/rec_final.pdb', '/nobackup/nmb1063/sars-fegrow/gnina')
kwargs:    {}
Exception: 'RuntimeError("Can\'t redefine method: forward on class: __torch__.torchani.nn.SpeciesConverter (of Python compilation unit at: 0x2b68cc0397e0)")'

TIME changed dir: 0.0s
TIME changed dir: 0.0s
Generated 36 conformers. 
Removed 27 conformers. 
Generated 48 conformers. 
Removed 43 conformers. 
using ani2x
/mnt/storage/nobackup/nmb1063/mamba/envs/fegrow/lib/python3.9/site-packages/torchani/resources/
using ani2x
/mnt/storage/nobackup/nmb1063/mamba/envs/fegrow/lib/python3.9/site-packages/torchani/resources/
failed to equip `nnpops` with error: No module named 'NNPOps'
failed to equip `nnpops` with error: No module named 'NNPOps'
Optimising conformer:   0%|                               | 0/5 [00:00<?, ?it/s]2024-02-01 07:24:52,745 - distributed.core - INFO - Event loop was unresponsive in Nanny for 13.93s.  This is often caused by long-running GIL-holding functions or moving large chunks of data. This can cause timeouts and instability.
2024-02-01 07:33:20,112 - distributed.core - INFO - Event loop was unresponsive in Nanny for 507.37s.  This is often caused by long-running GIL-holding functions or moving large chunks of data. This can cause timeouts and instability.
slurmstepd: error: *** JOB 19912171 ON sb026 CANCELLED AT 2024-02-01T07:36:34 ***
