hostname sb042.cluster
ipconfig 1: lo: <LOOPBACK,UP,LOWER_UP> mtu 65536 qdisc noqueue state UNKNOWN group default qlen 1000 link/loopback 00:00:00:00:00:00 brd 00:00:00:00:00:00 inet 127.0.0.1/8 scope host lo valid_lft forever preferred_lft forever inet6 ::1/128 scope host valid_lft forever preferred_lft forever 2: enp4s0f0: <BROADCAST,MULTICAST,UP,LOWER_UP> mtu 9000 qdisc mq state UP group default qlen 1000 link/ether a0:8c:f8:74:c8:f0 brd ff:ff:ff:ff:ff:ff inet 10.3.81.122/22 brd 10.3.83.255 scope global enp4s0f0 valid_lft forever preferred_lft forever inet6 fe80::a28c:f8ff:fe74:c8f0/64 scope link valid_lft forever preferred_lft forever 3: enp4s0f1: <BROADCAST,MULTICAST> mtu 1500 qdisc noop state DOWN group default qlen 1000 link/ether a0:8c:f8:74:c8:f1 brd ff:ff:ff:ff:ff:ff 4: enp4s0f2: <BROADCAST,MULTICAST> mtu 1500 qdisc noop state DOWN group default qlen 1000 link/ether a0:8c:f8:74:c8:f2 brd ff:ff:ff:ff:ff:ff 5: enp4s0f3: <BROADCAST,MULTICAST> mtu 1500 qdisc noop state DOWN group default qlen 1000 link/ether a0:8c:f8:74:c8:f3 brd ff:ff:ff:ff:ff:ff 6: ib0: <BROADCAST,MULTICAST,UP,LOWER_UP> mtu 4092 qdisc pfifo_fast state UP group default qlen 256 link/infiniband 80:00:00:29:fe:80:00:00:00:00:00:00:38:bc:01:03:00:4c:f6:90 brd 00:ff:ff:ff:ff:12:40:1b:ff:ff:00:00:00:00:00:00:ff:ff:ff:ff inet 10.3.89.122/22 brd 10.3.91.255 scope global ib0 valid_lft forever preferred_lft forever inet 10.3.97.122/22 brd 10.3.99.255 scope global ib0:1 valid_lft forever preferred_lft forever inet6 fe80::3abc:103:4c:f690/64 scope link valid_lft forever preferred_lft forever 7: ib1: <NO-CARRIER,BROADCAST,MULTICAST,UP> mtu 4092 qdisc pfifo_fast state DOWN group default qlen 256 link/infiniband 80:00:00:29:fe:80:00:00:00:00:00:00:38:bc:01:03:00:4c:f6:91 brd 00:ff:ff:ff:ff:12:40:1b:ff:ff:00:00:00:00:00:00:ff:ff:ff:ff
2024-02-01 04:12:34,251 - distributed.nanny - INFO -         Start Nanny at: 'tcp://10.3.89.122:40753'
2024-02-01 04:12:36,974 - distributed.diskutils - INFO - Found stale lock file and directory '/scratch/dask-worker-space/worker-y2ms_0jf', purging
2024-02-01 04:12:36,975 - distributed.diskutils - INFO - Found stale lock file and directory '/scratch/dask-worker-space/worker-rbtp4va3', purging
2024-02-01 04:13:05,761 - distributed.worker - INFO -       Start worker at:    tcp://10.3.89.122:34758
2024-02-01 04:13:05,762 - distributed.worker - INFO -          Listening to:    tcp://10.3.89.122:34758
2024-02-01 04:13:05,762 - distributed.worker - INFO -           Worker name:           SLURMCluster-306
2024-02-01 04:13:05,762 - distributed.worker - INFO -          dashboard at:          10.3.89.122:37341
2024-02-01 04:13:05,762 - distributed.worker - INFO - Waiting to connect to:     tcp://10.3.88.11:37020
2024-02-01 04:13:05,762 - distributed.worker - INFO - -------------------------------------------------
2024-02-01 04:13:05,762 - distributed.worker - INFO -               Threads:                          2
2024-02-01 04:13:05,762 - distributed.worker - INFO -                Memory:                  20.49 GiB
2024-02-01 04:13:05,762 - distributed.worker - INFO -       Local Directory: /scratch/dask-worker-space/worker-_5_2iocp
2024-02-01 04:13:05,763 - distributed.worker - INFO - -------------------------------------------------
2024-02-01 04:13:05,836 - distributed.worker - INFO -         Registered to:     tcp://10.3.88.11:37020
2024-02-01 04:13:05,836 - distributed.worker - INFO - -------------------------------------------------
2024-02-01 04:13:05,836 - distributed.core - INFO - Starting established connection to tcp://10.3.88.11:37020
2024-02-01 04:13:37,991 - distributed.core - INFO - Event loop was unresponsive in Nanny for 7.14s.  This is often caused by long-running GIL-holding functions or moving large chunks of data. This can cause timeouts and instability.
2024-02-01 04:14:21,346 - distributed.core - INFO - Event loop was unresponsive in Nanny for 10.20s.  This is often caused by long-running GIL-holding functions or moving large chunks of data. This can cause timeouts and instability.
2024-02-01 04:15:52,374 - distributed.core - INFO - Event loop was unresponsive in Nanny for 50.71s.  This is often caused by long-running GIL-holding functions or moving large chunks of data. This can cause timeouts and instability.
2024-02-01 04:16:13,077 - distributed.core - INFO - Event loop was unresponsive in Worker for 187.14s.  This is often caused by long-running GIL-holding functions or moving large chunks of data. This can cause timeouts and instability.
2024-02-01 04:16:13,077 [INFO] [core.py:595] distributed.core: Event loop was unresponsive in Worker for 187.14s.  This is often caused by long-running GIL-holding functions or moving large chunks of data. This can cause timeouts and instability.
2024-02-01 04:16:22,836 - distributed.core - INFO - Event loop was unresponsive in Worker for 4.46s.  This is often caused by long-running GIL-holding functions or moving large chunks of data. This can cause timeouts and instability.
2024-02-01 04:16:22,836 [INFO] [core.py:595] distributed.core: Event loop was unresponsive in Worker for 4.46s.  This is often caused by long-running GIL-holding functions or moving large chunks of data. This can cause timeouts and instability.
2024-02-01 04:16:23,763 [WARNING] [rdkit_wrapper.py:3213] openff.toolkit.utils.rdkit_wrapper: Warning (not error because allow_undefined_stereo=True): RDMol has unspecified stereochemistry. Undefined chiral centers are:
 - Atom C (index 1)
 - Atom C (index 21)

/mnt/storage/nobackup/nmb1063/mamba/envs/fegrow/lib/python3.9/site-packages/parmed/structure.py:1775: UnitStrippedWarning: The unit of the quantity is stripped when downcasting to ndarray.
  coords = np.array(value, dtype=np.float64, copy=False, subok=True)
2024-02-01 04:16:31,579 [WARNING] [rdkit_wrapper.py:3213] openff.toolkit.utils.rdkit_wrapper: Warning (not error because allow_undefined_stereo=True): RDMol has unspecified stereochemistry. Undefined chiral centers are:
 - Atom C (index 1)
 - Atom C (index 21)

2024-02-01 04:17:39,779 - distributed.core - INFO - Event loop was unresponsive in Nanny for 58.39s.  This is often caused by long-running GIL-holding functions or moving large chunks of data. This can cause timeouts and instability.
2024-02-01 04:17:39,780 - distributed.core - INFO - Event loop was unresponsive in Worker for 58.40s.  This is often caused by long-running GIL-holding functions or moving large chunks of data. This can cause timeouts and instability.
2024-02-01 04:17:39,780 [INFO] [core.py:595] distributed.core: Event loop was unresponsive in Worker for 58.40s.  This is often caused by long-running GIL-holding functions or moving large chunks of data. This can cause timeouts and instability.
2024-02-01 04:19:58,364 - distributed.core - INFO - Event loop was unresponsive in Worker for 126.61s.  This is often caused by long-running GIL-holding functions or moving large chunks of data. This can cause timeouts and instability.
2024-02-01 04:19:58,364 [INFO] [core.py:595] distributed.core: Event loop was unresponsive in Worker for 126.61s.  This is often caused by long-running GIL-holding functions or moving large chunks of data. This can cause timeouts and instability.
2024-02-01 04:19:58,375 - distributed.core - INFO - Event loop was unresponsive in Nanny for 126.51s.  This is often caused by long-running GIL-holding functions or moving large chunks of data. This can cause timeouts and instability.
2024-02-01 04:21:19,810 - distributed.core - INFO - Event loop was unresponsive in Worker for 81.45s.  This is often caused by long-running GIL-holding functions or moving large chunks of data. This can cause timeouts and instability.
2024-02-01 04:21:19,810 [INFO] [core.py:595] distributed.core: Event loop was unresponsive in Worker for 81.45s.  This is often caused by long-running GIL-holding functions or moving large chunks of data. This can cause timeouts and instability.
2024-02-01 04:22:10,199 - distributed.core - INFO - Event loop was unresponsive in Worker for 49.86s.  This is often caused by long-running GIL-holding functions or moving large chunks of data. This can cause timeouts and instability.
2024-02-01 04:22:10,199 [INFO] [core.py:595] distributed.core: Event loop was unresponsive in Worker for 49.86s.  This is often caused by long-running GIL-holding functions or moving large chunks of data. This can cause timeouts and instability.
2024-02-01 04:22:10,200 - distributed.core - INFO - Event loop was unresponsive in Nanny for 108.45s.  This is often caused by long-running GIL-holding functions or moving large chunks of data. This can cause timeouts and instability.
2024-02-01 04:22:15,259 - distributed.core - INFO - Event loop was unresponsive in Nanny for 3.35s.  This is often caused by long-running GIL-holding functions or moving large chunks of data. This can cause timeouts and instability.
2024-02-01 04:22:15,323 - distributed.core - INFO - Event loop was unresponsive in Worker for 3.60s.  This is often caused by long-running GIL-holding functions or moving large chunks of data. This can cause timeouts and instability.
2024-02-01 04:22:15,323 [INFO] [core.py:595] distributed.core: Event loop was unresponsive in Worker for 3.60s.  This is often caused by long-running GIL-holding functions or moving large chunks of data. This can cause timeouts and instability.
2024-02-01 04:22:23,129 - distributed.core - INFO - Event loop was unresponsive in Worker for 3.15s.  This is often caused by long-running GIL-holding functions or moving large chunks of data. This can cause timeouts and instability.
2024-02-01 04:22:23,129 [INFO] [core.py:595] distributed.core: Event loop was unresponsive in Worker for 3.15s.  This is often caused by long-running GIL-holding functions or moving large chunks of data. This can cause timeouts and instability.
2024-02-01 04:23:00,715 - distributed.core - INFO - Event loop was unresponsive in Nanny for 18.75s.  This is often caused by long-running GIL-holding functions or moving large chunks of data. This can cause timeouts and instability.
2024-02-01 04:23:00,736 - distributed.core - INFO - Event loop was unresponsive in Worker for 20.92s.  This is often caused by long-running GIL-holding functions or moving large chunks of data. This can cause timeouts and instability.
2024-02-01 04:23:00,736 [INFO] [core.py:595] distributed.core: Event loop was unresponsive in Worker for 20.92s.  This is often caused by long-running GIL-holding functions or moving large chunks of data. This can cause timeouts and instability.
/mnt/storage/nobackup/nmb1063/mamba/envs/fegrow/lib/python3.9/site-packages/torchani/__init__.py:55: UserWarning: Dependency not satisfied, torchani.ase will not be available
  warnings.warn("Dependency not satisfied, torchani.ase will not be available")
2024-02-01 04:23:10,568 [WARNING] [__init__.py:5] root: Warning: importing 'simtk.openmm' is deprecated.  Import 'openmm' instead.
2024-02-01 04:23:24,862 - distributed.worker - WARNING - Compute Failed
Key:       evaluate-082a174a-f041-47e1-934d-598ee2336302
Function:  evaluate
args:      (<rdkit.Chem.rdchem.Mol object at 0x2b668b6350e0>, 6, '[H]C1=C(C([H])([H])C([H])([H])C([H])([H])N([H])[H])C(=O)N(c2c([H])nc([H])c([H])c2[H])C1([H])[H]', '/mnt/storage/nobackup/nmb1063/code/gal/sars-cov-2-main-protease-al-study-combo1/rec_final.pdb', '/nobackup/nmb1063/sars-fegrow/gnina')
kwargs:    {}
Exception: 'RuntimeError("Can\'t redefine method: forward on class: __torch__.torchani.aev.AEVComputer (of Python compilation unit at: 0x2b668ff94950)")'

2024-02-01 04:23:24,862 [WARNING] [worker.py:2352] distributed.worker: Compute Failed
Key:       evaluate-082a174a-f041-47e1-934d-598ee2336302
Function:  evaluate
args:      (<rdkit.Chem.rdchem.Mol object at 0x2b668b6350e0>, 6, '[H]C1=C(C([H])([H])C([H])([H])C([H])([H])N([H])[H])C(=O)N(c2c([H])nc([H])c([H])c2[H])C1([H])[H]', '/mnt/storage/nobackup/nmb1063/code/gal/sars-cov-2-main-protease-al-study-combo1/rec_final.pdb', '/nobackup/nmb1063/sars-fegrow/gnina')
kwargs:    {}
Exception: 'RuntimeError("Can\'t redefine method: forward on class: __torch__.torchani.aev.AEVComputer (of Python compilation unit at: 0x2b668ff94950)")'

TIME changed dir: 0.0s
TIME changed dir: 0.0s
Generated 31 conformers. 
Generated 47 conformers. 
Removed 43 conformers. 
Removed 15 conformers. 
using ani2x
using ani2x
/mnt/storage/nobackup/nmb1063/mamba/envs/fegrow/lib/python3.9/site-packages/torchani/resources/
/mnt/storage/nobackup/nmb1063/mamba/envs/fegrow/lib/python3.9/site-packages/torchani/resources/
failed to equip `nnpops` with error: No module named 'NNPOps'
failed to equip `nnpops` with error: No module named 'NNPOps'
TIME changed dir: 0.0s
Optimising conformer:   0%|                               | 0/4 [00:00<?, ?it/s][W BinaryOps.cpp:601] Warning: floor_divide is deprecated, and will be removed in a future version of pytorch. It currently rounds toward 0 (like the 'trunc' function NOT 'floor'). This results in incorrect rounding for negative values.
To keep the current behavior, use torch.div(a, b, rounding_mode='trunc'), or for actual floor division, use torch.div(a, b, rounding_mode='floor'). (function operator())
Optimising conformer:  25%|█████▊                 | 1/4 [00:04<00:13,  4.51s/it]2024-02-01 04:23:36,546 [WARNING] [rdkit_wrapper.py:3213] openff.toolkit.utils.rdkit_wrapper: Warning (not error because allow_undefined_stereo=True): RDMol has unspecified stereochemistry. Undefined chiral centers are:
 - Atom C (index 3)

2024-02-01 04:25:45,946 - distributed.core - INFO - Event loop was unresponsive in Nanny for 123.90s.  This is often caused by long-running GIL-holding functions or moving large chunks of data. This can cause timeouts and instability.
2024-02-01 04:25:46,177 - distributed.core - INFO - Event loop was unresponsive in Worker for 128.80s.  This is often caused by long-running GIL-holding functions or moving large chunks of data. This can cause timeouts and instability.
2024-02-01 04:25:46,177 [INFO] [core.py:595] distributed.core: Event loop was unresponsive in Worker for 128.80s.  This is often caused by long-running GIL-holding functions or moving large chunks of data. This can cause timeouts and instability.
/mnt/storage/nobackup/nmb1063/mamba/envs/fegrow/lib/python3.9/site-packages/parmed/structure.py:1775: UnitStrippedWarning: The unit of the quantity is stripped when downcasting to ndarray.
  coords = np.array(value, dtype=np.float64, copy=False, subok=True)
Optimising conformer:  50%|███████████▌           | 2/4 [02:16<02:38, 79.40s/it]2024-02-01 04:25:47,314 [WARNING] [rdkit_wrapper.py:3213] openff.toolkit.utils.rdkit_wrapper: Warning (not error because allow_undefined_stereo=True): RDMol has unspecified stereochemistry. Undefined chiral centers are:
 - Atom C (index 3)

2024-02-01 04:28:50,754 - distributed.core - INFO - Event loop was unresponsive in Nanny for 178.49s.  This is often caused by long-running GIL-holding functions or moving large chunks of data. This can cause timeouts and instability.
2024-02-01 04:28:50,770 - distributed.core - INFO - Event loop was unresponsive in Worker for 182.93s.  This is often caused by long-running GIL-holding functions or moving large chunks of data. This can cause timeouts and instability.
2024-02-01 04:30:20,150 - distributed.core - INFO - Event loop was unresponsive in Nanny for 89.40s.  This is often caused by long-running GIL-holding functions or moving large chunks of data. This can cause timeouts and instability.
Optimising conformer:  75%|████████████████▌     | 3/4 [05:21<02:07, 127.92s/it]2024-02-01 04:28:50,770 [INFO] [core.py:595] distributed.core: Event loop was unresponsive in Worker for 182.93s.  This is often caused by long-running GIL-holding functions or moving large chunks of data. This can cause timeouts and instability.
2024-02-01 04:30:46,911 - distributed.core - INFO - Event loop was unresponsive in Worker for 116.14s.  This is often caused by long-running GIL-holding functions or moving large chunks of data. This can cause timeouts and instability.
2024-02-01 04:30:46,911 [INFO] [core.py:595] distributed.core: Event loop was unresponsive in Worker for 116.14s.  This is often caused by long-running GIL-holding functions or moving large chunks of data. This can cause timeouts and instability.
Optimising conformer: 100%|██████████████████████| 4/4 [07:22<00:00, 124.81s/it]Optimising conformer: 100%|██████████████████████| 4/4 [07:22<00:00, 110.52s/it]
Generated 50 conformers. 
Removed 46 conformers. 
using ani2x
/mnt/storage/nobackup/nmb1063/mamba/envs/fegrow/lib/python3.9/site-packages/torchani/resources/
failed to equip `nnpops` with error: No module named 'NNPOps'
Optimising conformer:   0%|                               | 0/4 [00:00<?, ?it/s]/mnt/storage/nobackup/nmb1063/code/gal/sars-cov-2-main-protease-al-study-combo1/rsearcher.py:89: UserWarning: The ligand was an array (SDF?). Using the first frame. 
  warnings.warn("The ligand was an array (SDF?). Using the first frame. ")
Optimising conformer:  25%|█████▊                 | 1/4 [00:06<00:18,  6.31s/it]Optimising conformer:  50%|███████████▌           | 2/4 [00:10<00:09,  4.99s/it]Optimising conformer:  75%|█████████████████▎     | 3/4 [00:13<00:04,  4.04s/it]2024-02-01 04:32:36,935 - distributed.core - INFO - Event loop was unresponsive in Nanny for 74.15s.  This is often caused by long-running GIL-holding functions or moving large chunks of data. This can cause timeouts and instability.
2024-02-01 04:32:36,957 - distributed.core - INFO - Event loop was unresponsive in Worker for 75.12s.  This is often caused by long-running GIL-holding functions or moving large chunks of data. This can cause timeouts and instability.
2024-02-01 04:32:36,957 [INFO] [core.py:595] distributed.core: Event loop was unresponsive in Worker for 75.12s.  This is often caused by long-running GIL-holding functions or moving large chunks of data. This can cause timeouts and instability.
2024-02-01 04:35:25,263 - distributed.core - INFO - Event loop was unresponsive in Nanny for 162.34s.  This is often caused by long-running GIL-holding functions or moving large chunks of data. This can cause timeouts and instability.
2024-02-01 04:35:25,315 - distributed.core - INFO - Event loop was unresponsive in Worker for 167.48s.  This is often caused by long-running GIL-holding functions or moving large chunks of data. This can cause timeouts and instability.
2024-02-01 04:35:25,315 [INFO] [core.py:595] distributed.core: Event loop was unresponsive in Worker for 167.48s.  This is often caused by long-running GIL-holding functions or moving large chunks of data. This can cause timeouts and instability.
Optimising conformer: 100%|██████████████████████| 4/4 [04:21<00:00, 100.35s/it]Optimising conformer: 100%|███████████████████████| 4/4 [04:21<00:00, 65.32s/it]
2024-02-01 04:35:46,847 - distributed.core - INFO - Event loop was unresponsive in Worker for 3.65s.  This is often caused by long-running GIL-holding functions or moving large chunks of data. This can cause timeouts and instability.
2024-02-01 04:35:46,847 - distributed.core - INFO - Event loop was unresponsive in Nanny for 3.64s.  This is often caused by long-running GIL-holding functions or moving large chunks of data. This can cause timeouts and instability.
2024-02-01 04:35:46,847 [INFO] [core.py:595] distributed.core: Event loop was unresponsive in Worker for 3.65s.  This is often caused by long-running GIL-holding functions or moving large chunks of data. This can cause timeouts and instability.
2024-02-01 04:36:30,140 - distributed.core - INFO - Event loop was unresponsive in Worker for 26.90s.  This is often caused by long-running GIL-holding functions or moving large chunks of data. This can cause timeouts and instability.
2024-02-01 04:36:30,139 - distributed.core - INFO - Event loop was unresponsive in Nanny for 26.89s.  This is often caused by long-running GIL-holding functions or moving large chunks of data. This can cause timeouts and instability.
2024-02-01 04:36:30,140 [INFO] [core.py:595] distributed.core: Event loop was unresponsive in Worker for 26.90s.  This is often caused by long-running GIL-holding functions or moving large chunks of data. This can cause timeouts and instability.
2024-02-01 04:37:44,908 - distributed.core - INFO - Event loop was unresponsive in Nanny for 61.60s.  This is often caused by long-running GIL-holding functions or moving large chunks of data. This can cause timeouts and instability.
2024-02-01 04:37:44,908 - distributed.core - INFO - Event loop was unresponsive in Worker for 61.61s.  This is often caused by long-running GIL-holding functions or moving large chunks of data. This can cause timeouts and instability.
2024-02-01 04:37:44,908 [INFO] [core.py:595] distributed.core: Event loop was unresponsive in Worker for 61.61s.  This is often caused by long-running GIL-holding functions or moving large chunks of data. This can cause timeouts and instability.
2024-02-01 04:39:04,776 - distributed.core - INFO - Event loop was unresponsive in Nanny for 61.35s.  This is often caused by long-running GIL-holding functions or moving large chunks of data. This can cause timeouts and instability.
2024-02-01 04:39:04,779 - distributed.core - INFO - Event loop was unresponsive in Worker for 61.34s.  This is often caused by long-running GIL-holding functions or moving large chunks of data. This can cause timeouts and instability.
2024-02-01 04:39:04,779 [INFO] [core.py:595] distributed.core: Event loop was unresponsive in Worker for 61.34s.  This is often caused by long-running GIL-holding functions or moving large chunks of data. This can cause timeouts and instability.
2024-02-01 04:39:41,405 - distributed.core - INFO - Event loop was unresponsive in Worker for 7.83s.  This is often caused by long-running GIL-holding functions or moving large chunks of data. This can cause timeouts and instability.
2024-02-01 04:39:41,399 - distributed.core - INFO - Event loop was unresponsive in Nanny for 7.83s.  This is often caused by long-running GIL-holding functions or moving large chunks of data. This can cause timeouts and instability.
2024-02-01 04:39:41,405 [INFO] [core.py:595] distributed.core: Event loop was unresponsive in Worker for 7.83s.  This is often caused by long-running GIL-holding functions or moving large chunks of data. This can cause timeouts and instability.
2024-02-01 04:40:52,819 - distributed.core - INFO - Event loop was unresponsive in Nanny for 59.21s.  This is often caused by long-running GIL-holding functions or moving large chunks of data. This can cause timeouts and instability.
2024-02-01 04:40:52,820 - distributed.core - INFO - Event loop was unresponsive in Worker for 61.42s.  This is often caused by long-running GIL-holding functions or moving large chunks of data. This can cause timeouts and instability.
2024-02-01 04:40:52,820 [INFO] [core.py:595] distributed.core: Event loop was unresponsive in Worker for 61.42s.  This is often caused by long-running GIL-holding functions or moving large chunks of data. This can cause timeouts and instability.
slurmstepd: error: *** JOB 19912119 ON sb042 CANCELLED AT 2024-02-01T04:43:23 ***
