hostname sb042.cluster
ipconfig 1: lo: <LOOPBACK,UP,LOWER_UP> mtu 65536 qdisc noqueue state UNKNOWN group default qlen 1000 link/loopback 00:00:00:00:00:00 brd 00:00:00:00:00:00 inet 127.0.0.1/8 scope host lo valid_lft forever preferred_lft forever inet6 ::1/128 scope host valid_lft forever preferred_lft forever 2: enp4s0f0: <BROADCAST,MULTICAST,UP,LOWER_UP> mtu 9000 qdisc mq state UP group default qlen 1000 link/ether a0:8c:f8:74:c8:f0 brd ff:ff:ff:ff:ff:ff inet 10.3.81.122/22 brd 10.3.83.255 scope global enp4s0f0 valid_lft forever preferred_lft forever inet6 fe80::a28c:f8ff:fe74:c8f0/64 scope link valid_lft forever preferred_lft forever 3: enp4s0f1: <BROADCAST,MULTICAST> mtu 1500 qdisc noop state DOWN group default qlen 1000 link/ether a0:8c:f8:74:c8:f1 brd ff:ff:ff:ff:ff:ff 4: enp4s0f2: <BROADCAST,MULTICAST> mtu 1500 qdisc noop state DOWN group default qlen 1000 link/ether a0:8c:f8:74:c8:f2 brd ff:ff:ff:ff:ff:ff 5: enp4s0f3: <BROADCAST,MULTICAST> mtu 1500 qdisc noop state DOWN group default qlen 1000 link/ether a0:8c:f8:74:c8:f3 brd ff:ff:ff:ff:ff:ff 6: ib0: <BROADCAST,MULTICAST,UP,LOWER_UP> mtu 4092 qdisc pfifo_fast state UP group default qlen 256 link/infiniband 80:00:00:29:fe:80:00:00:00:00:00:00:38:bc:01:03:00:4c:f6:90 brd 00:ff:ff:ff:ff:12:40:1b:ff:ff:00:00:00:00:00:00:ff:ff:ff:ff inet 10.3.89.122/22 brd 10.3.91.255 scope global ib0 valid_lft forever preferred_lft forever inet 10.3.97.122/22 brd 10.3.99.255 scope global ib0:1 valid_lft forever preferred_lft forever inet6 fe80::3abc:103:4c:f690/64 scope link valid_lft forever preferred_lft forever 7: ib1: <NO-CARRIER,BROADCAST,MULTICAST,UP> mtu 4092 qdisc pfifo_fast state DOWN group default qlen 256 link/infiniband 80:00:00:29:fe:80:00:00:00:00:00:00:38:bc:01:03:00:4c:f6:91 brd 00:ff:ff:ff:ff:12:40:1b:ff:ff:00:00:00:00:00:00:ff:ff:ff:ff
2024-02-01 05:29:11,430 - distributed.nanny - INFO -         Start Nanny at: 'tcp://10.3.89.122:44764'
2024-02-01 05:29:14,508 - distributed.diskutils - INFO - Found stale lock file and directory '/scratch/dask-worker-space/worker-b7klpnv7', purging
2024-02-01 05:29:16,238 - distributed.worker - INFO -       Start worker at:    tcp://10.3.89.122:41249
2024-02-01 05:29:16,302 - distributed.worker - INFO -          Listening to:    tcp://10.3.89.122:41249
2024-02-01 05:29:16,302 - distributed.worker - INFO -           Worker name:           SLURMCluster-314
2024-02-01 05:29:16,302 - distributed.worker - INFO -          dashboard at:          10.3.89.122:35414
2024-02-01 05:29:16,302 - distributed.worker - INFO - Waiting to connect to:     tcp://10.3.88.11:37020
2024-02-01 05:29:16,303 - distributed.worker - INFO - -------------------------------------------------
2024-02-01 05:29:16,303 - distributed.worker - INFO -               Threads:                          2
2024-02-01 05:29:16,303 - distributed.worker - INFO -                Memory:                  20.49 GiB
2024-02-01 05:29:16,303 - distributed.worker - INFO -       Local Directory: /scratch/dask-worker-space/worker-12f5q6ui
2024-02-01 05:29:16,303 - distributed.worker - INFO - -------------------------------------------------
2024-02-01 05:29:16,336 - distributed.worker - INFO -         Registered to:     tcp://10.3.88.11:37020
2024-02-01 05:29:16,336 - distributed.worker - INFO - -------------------------------------------------
2024-02-01 05:29:16,337 - distributed.core - INFO - Starting established connection to tcp://10.3.88.11:37020
2024-02-01 05:30:51,652 - distributed.core - INFO - Event loop was unresponsive in Worker for 86.33s.  This is often caused by long-running GIL-holding functions or moving large chunks of data. This can cause timeouts and instability.
2024-02-01 05:30:51,652 - distributed.core - INFO - Event loop was unresponsive in Nanny for 83.30s.  This is often caused by long-running GIL-holding functions or moving large chunks of data. This can cause timeouts and instability.
2024-02-01 05:31:46,661 - distributed.core - INFO - Event loop was unresponsive in Worker for 5.32s.  This is often caused by long-running GIL-holding functions or moving large chunks of data. This can cause timeouts and instability.
2024-02-01 05:35:18,678 - distributed.core - INFO - Event loop was unresponsive in Nanny for 170.02s.  This is often caused by long-running GIL-holding functions or moving large chunks of data. This can cause timeouts and instability.
2024-02-01 05:35:51,244 - distributed.core - INFO - Event loop was unresponsive in Worker for 202.61s.  This is often caused by long-running GIL-holding functions or moving large chunks of data. This can cause timeouts and instability.
2024-02-01 05:35:51,249 - distributed.core - INFO - Event loop was unresponsive in Nanny for 12.30s.  This is often caused by long-running GIL-holding functions or moving large chunks of data. This can cause timeouts and instability.
2024-02-01 05:36:57,387 - distributed.core - INFO - Event loop was unresponsive in Nanny for 48.39s.  This is often caused by long-running GIL-holding functions or moving large chunks of data. This can cause timeouts and instability.
2024-02-01 05:36:57,388 - distributed.core - INFO - Event loop was unresponsive in Worker for 48.39s.  This is often caused by long-running GIL-holding functions or moving large chunks of data. This can cause timeouts and instability.
2024-02-01 05:38:00,385 - distributed.core - INFO - Event loop was unresponsive in Nanny for 11.23s.  This is often caused by long-running GIL-holding functions or moving large chunks of data. This can cause timeouts and instability.
2024-02-01 05:38:00,385 - distributed.core - INFO - Event loop was unresponsive in Worker for 11.23s.  This is often caused by long-running GIL-holding functions or moving large chunks of data. This can cause timeouts and instability.
2024-02-01 05:38:13,384 - distributed.core - INFO - Event loop was unresponsive in Nanny for 4.19s.  This is often caused by long-running GIL-holding functions or moving large chunks of data. This can cause timeouts and instability.
2024-02-01 05:38:13,385 - distributed.core - INFO - Event loop was unresponsive in Worker for 4.19s.  This is often caused by long-running GIL-holding functions or moving large chunks of data. This can cause timeouts and instability.
2024-02-01 05:39:22,399 - distributed.core - INFO - Event loop was unresponsive in Nanny for 63.19s.  This is often caused by long-running GIL-holding functions or moving large chunks of data. This can cause timeouts and instability.
2024-02-01 05:39:22,402 - distributed.core - INFO - Event loop was unresponsive in Worker for 63.20s.  This is often caused by long-running GIL-holding functions or moving large chunks of data. This can cause timeouts and instability.
2024-02-01 05:40:07,851 - distributed.core - INFO - Event loop was unresponsive in Worker for 8.49s.  This is often caused by long-running GIL-holding functions or moving large chunks of data. This can cause timeouts and instability.
2024-02-01 05:40:07,851 - distributed.core - INFO - Event loop was unresponsive in Nanny for 8.48s.  This is often caused by long-running GIL-holding functions or moving large chunks of data. This can cause timeouts and instability.
2024-02-01 05:41:06,267 - distributed.core - INFO - Event loop was unresponsive in Nanny for 46.87s.  This is often caused by long-running GIL-holding functions or moving large chunks of data. This can cause timeouts and instability.
2024-02-01 05:41:06,269 - distributed.core - INFO - Event loop was unresponsive in Worker for 46.87s.  This is often caused by long-running GIL-holding functions or moving large chunks of data. This can cause timeouts and instability.
2024-02-01 05:43:24,769 - distributed.core - INFO - Event loop was unresponsive in Worker for 95.23s.  This is often caused by long-running GIL-holding functions or moving large chunks of data. This can cause timeouts and instability.
2024-02-01 05:43:24,769 - distributed.core - INFO - Event loop was unresponsive in Nanny for 95.24s.  This is often caused by long-running GIL-holding functions or moving large chunks of data. This can cause timeouts and instability.
2024-02-01 05:44:00,370 - distributed.core - INFO - Event loop was unresponsive in Nanny for 10.64s.  This is often caused by long-running GIL-holding functions or moving large chunks of data. This can cause timeouts and instability.
2024-02-01 05:44:16,702 - distributed.core - INFO - Event loop was unresponsive in Nanny for 6.93s.  This is often caused by long-running GIL-holding functions or moving large chunks of data. This can cause timeouts and instability.
2024-02-01 05:44:24,706 - distributed.core - INFO - Event loop was unresponsive in Worker for 59.94s.  This is often caused by long-running GIL-holding functions or moving large chunks of data. This can cause timeouts and instability.
2024-02-01 05:44:34,051 - distributed.core - INFO - Event loop was unresponsive in Worker for 4.25s.  This is often caused by long-running GIL-holding functions or moving large chunks of data. This can cause timeouts and instability.
2024-02-01 05:44:34,049 - distributed.core - INFO - Event loop was unresponsive in Nanny for 4.26s.  This is often caused by long-running GIL-holding functions or moving large chunks of data. This can cause timeouts and instability.
2024-02-01 05:45:54,127 - distributed.core - INFO - Event loop was unresponsive in Worker for 24.23s.  This is often caused by long-running GIL-holding functions or moving large chunks of data. This can cause timeouts and instability.
2024-02-01 05:45:54,124 - distributed.core - INFO - Event loop was unresponsive in Nanny for 24.23s.  This is often caused by long-running GIL-holding functions or moving large chunks of data. This can cause timeouts and instability.
2024-02-01 05:47:35,763 - distributed.core - INFO - Event loop was unresponsive in Worker for 65.77s.  This is often caused by long-running GIL-holding functions or moving large chunks of data. This can cause timeouts and instability.
2024-02-01 05:47:35,759 - distributed.core - INFO - Event loop was unresponsive in Nanny for 65.77s.  This is often caused by long-running GIL-holding functions or moving large chunks of data. This can cause timeouts and instability.
2024-02-01 05:48:54,860 - distributed.core - INFO - Event loop was unresponsive in Nanny for 64.75s.  This is often caused by long-running GIL-holding functions or moving large chunks of data. This can cause timeouts and instability.
2024-02-01 05:48:54,863 - distributed.core - INFO - Event loop was unresponsive in Worker for 64.75s.  This is often caused by long-running GIL-holding functions or moving large chunks of data. This can cause timeouts and instability.
2024-02-01 05:49:24,737 - distributed.core - INFO - Event loop was unresponsive in Nanny for 4.48s.  This is often caused by long-running GIL-holding functions or moving large chunks of data. This can cause timeouts and instability.
2024-02-01 05:49:24,737 - distributed.core - INFO - Event loop was unresponsive in Worker for 4.48s.  This is often caused by long-running GIL-holding functions or moving large chunks of data. This can cause timeouts and instability.
2024-02-01 05:49:34,870 - distributed.core - INFO - Event loop was unresponsive in Worker for 10.13s.  This is often caused by long-running GIL-holding functions or moving large chunks of data. This can cause timeouts and instability.
2024-02-01 05:49:34,873 - distributed.core - INFO - Event loop was unresponsive in Nanny for 10.14s.  This is often caused by long-running GIL-holding functions or moving large chunks of data. This can cause timeouts and instability.
2024-02-01 05:50:11,405 - distributed.core - INFO - Event loop was unresponsive in Nanny for 11.07s.  This is often caused by long-running GIL-holding functions or moving large chunks of data. This can cause timeouts and instability.
2024-02-01 05:50:11,405 - distributed.core - INFO - Event loop was unresponsive in Worker for 11.09s.  This is often caused by long-running GIL-holding functions or moving large chunks of data. This can cause timeouts and instability.
2024-02-01 05:51:49,045 - distributed.core - INFO - Event loop was unresponsive in Nanny for 68.65s.  This is often caused by long-running GIL-holding functions or moving large chunks of data. This can cause timeouts and instability.
2024-02-01 05:51:49,046 - distributed.core - INFO - Event loop was unresponsive in Worker for 68.65s.  This is often caused by long-running GIL-holding functions or moving large chunks of data. This can cause timeouts and instability.
2024-02-01 05:52:27,452 - distributed.core - INFO - Event loop was unresponsive in Worker for 8.97s.  This is often caused by long-running GIL-holding functions or moving large chunks of data. This can cause timeouts and instability.
2024-02-01 05:52:41,386 - distributed.core - INFO - Event loop was unresponsive in Nanny for 10.81s.  This is often caused by long-running GIL-holding functions or moving large chunks of data. This can cause timeouts and instability.
2024-02-01 05:52:41,406 - distributed.core - INFO - Event loop was unresponsive in Worker for 13.95s.  This is often caused by long-running GIL-holding functions or moving large chunks of data. This can cause timeouts and instability.
2024-02-01 05:53:02,625 - distributed.core - INFO - Event loop was unresponsive in Nanny for 12.03s.  This is often caused by long-running GIL-holding functions or moving large chunks of data. This can cause timeouts and instability.
2024-02-01 05:53:02,625 - distributed.core - INFO - Event loop was unresponsive in Worker for 12.03s.  This is often caused by long-running GIL-holding functions or moving large chunks of data. This can cause timeouts and instability.
2024-02-01 05:53:22,091 - distributed.core - INFO - Event loop was unresponsive in Worker for 16.25s.  This is often caused by long-running GIL-holding functions or moving large chunks of data. This can cause timeouts and instability.
2024-02-01 05:54:01,071 - distributed.core - INFO - Event loop was unresponsive in Nanny for 10.38s.  This is often caused by long-running GIL-holding functions or moving large chunks of data. This can cause timeouts and instability.
2024-02-01 05:54:01,072 - distributed.core - INFO - Event loop was unresponsive in Worker for 10.37s.  This is often caused by long-running GIL-holding functions or moving large chunks of data. This can cause timeouts and instability.
2024-02-01 05:55:36,294 - distributed.core - INFO - Event loop was unresponsive in Worker for 25.48s.  This is often caused by long-running GIL-holding functions or moving large chunks of data. This can cause timeouts and instability.
2024-02-01 05:55:36,298 - distributed.core - INFO - Event loop was unresponsive in Nanny for 29.93s.  This is often caused by long-running GIL-holding functions or moving large chunks of data. This can cause timeouts and instability.
2024-02-01 05:57:57,523 - distributed.core - INFO - Event loop was unresponsive in Nanny for 126.63s.  This is often caused by long-running GIL-holding functions or moving large chunks of data. This can cause timeouts and instability.
2024-02-01 05:57:57,523 - distributed.core - INFO - Event loop was unresponsive in Worker for 126.65s.  This is often caused by long-running GIL-holding functions or moving large chunks of data. This can cause timeouts and instability.
2024-02-01 05:58:02,566 - distributed.core - INFO - Event loop was unresponsive in Worker for 5.04s.  This is often caused by long-running GIL-holding functions or moving large chunks of data. This can cause timeouts and instability.
2024-02-01 05:58:51,070 - distributed.core - INFO - Event loop was unresponsive in Nanny for 29.94s.  This is often caused by long-running GIL-holding functions or moving large chunks of data. This can cause timeouts and instability.
2024-02-01 05:58:51,222 - distributed.core - INFO - Event loop was unresponsive in Worker for 30.10s.  This is often caused by long-running GIL-holding functions or moving large chunks of data. This can cause timeouts and instability.
2024-02-01 06:01:07,437 - distributed.core - INFO - Event loop was unresponsive in Nanny for 86.18s.  This is often caused by long-running GIL-holding functions or moving large chunks of data. This can cause timeouts and instability.
2024-02-01 06:01:07,442 - distributed.core - INFO - Event loop was unresponsive in Worker for 86.19s.  This is often caused by long-running GIL-holding functions or moving large chunks of data. This can cause timeouts and instability.
2024-02-01 06:01:50,913 - distributed.core - INFO - Event loop was unresponsive in Nanny for 43.48s.  This is often caused by long-running GIL-holding functions or moving large chunks of data. This can cause timeouts and instability.
2024-02-01 06:01:50,926 - distributed.core - INFO - Event loop was unresponsive in Worker for 43.48s.  This is often caused by long-running GIL-holding functions or moving large chunks of data. This can cause timeouts and instability.
2024-02-01 06:03:08,613 - distributed.core - INFO - Event loop was unresponsive in Nanny for 57.12s.  This is often caused by long-running GIL-holding functions or moving large chunks of data. This can cause timeouts and instability.
slurmstepd: error: *** JOB 19912128 ON sb042 CANCELLED AT 2024-02-01T06:04:42 ***
