hostname sb042.cluster
ipconfig 1: lo: <LOOPBACK,UP,LOWER_UP> mtu 65536 qdisc noqueue state UNKNOWN group default qlen 1000 link/loopback 00:00:00:00:00:00 brd 00:00:00:00:00:00 inet 127.0.0.1/8 scope host lo valid_lft forever preferred_lft forever inet6 ::1/128 scope host valid_lft forever preferred_lft forever 2: enp4s0f0: <BROADCAST,MULTICAST,UP,LOWER_UP> mtu 9000 qdisc mq state UP group default qlen 1000 link/ether a0:8c:f8:74:c8:f0 brd ff:ff:ff:ff:ff:ff inet 10.3.81.122/22 brd 10.3.83.255 scope global enp4s0f0 valid_lft forever preferred_lft forever inet6 fe80::a28c:f8ff:fe74:c8f0/64 scope link valid_lft forever preferred_lft forever 3: enp4s0f1: <BROADCAST,MULTICAST> mtu 1500 qdisc noop state DOWN group default qlen 1000 link/ether a0:8c:f8:74:c8:f1 brd ff:ff:ff:ff:ff:ff 4: enp4s0f2: <BROADCAST,MULTICAST> mtu 1500 qdisc noop state DOWN group default qlen 1000 link/ether a0:8c:f8:74:c8:f2 brd ff:ff:ff:ff:ff:ff 5: enp4s0f3: <BROADCAST,MULTICAST> mtu 1500 qdisc noop state DOWN group default qlen 1000 link/ether a0:8c:f8:74:c8:f3 brd ff:ff:ff:ff:ff:ff 6: ib0: <BROADCAST,MULTICAST,UP,LOWER_UP> mtu 4092 qdisc pfifo_fast state UP group default qlen 256 link/infiniband 80:00:00:29:fe:80:00:00:00:00:00:00:38:bc:01:03:00:4c:f6:90 brd 00:ff:ff:ff:ff:12:40:1b:ff:ff:00:00:00:00:00:00:ff:ff:ff:ff inet 10.3.89.122/22 brd 10.3.91.255 scope global ib0 valid_lft forever preferred_lft forever inet 10.3.97.122/22 brd 10.3.99.255 scope global ib0:1 valid_lft forever preferred_lft forever inet6 fe80::3abc:103:4c:f690/64 scope link valid_lft forever preferred_lft forever 7: ib1: <NO-CARRIER,BROADCAST,MULTICAST,UP> mtu 4092 qdisc pfifo_fast state DOWN group default qlen 256 link/infiniband 80:00:00:29:fe:80:00:00:00:00:00:00:38:bc:01:03:00:4c:f6:91 brd 00:ff:ff:ff:ff:12:40:1b:ff:ff:00:00:00:00:00:00:ff:ff:ff:ff
2024-01-22 16:25:41,383 - distributed.nanny - INFO -         Start Nanny at: 'tcp://10.3.89.122:39652'
2024-01-22 16:26:25,627 - distributed.worker - INFO -       Start worker at:    tcp://10.3.89.122:44890
2024-01-22 16:26:25,627 - distributed.worker - INFO -          Listening to:    tcp://10.3.89.122:44890
2024-01-22 16:26:25,627 - distributed.worker - INFO -           Worker name:           SLURMCluster-114
2024-01-22 16:26:25,627 - distributed.worker - INFO -          dashboard at:          10.3.89.122:41315
2024-01-22 16:26:25,628 - distributed.worker - INFO - Waiting to connect to:     tcp://10.3.88.11:41950
2024-01-22 16:26:25,628 - distributed.worker - INFO - -------------------------------------------------
2024-01-22 16:26:25,628 - distributed.worker - INFO -               Threads:                          2
2024-01-22 16:26:25,628 - distributed.worker - INFO -                Memory:                  20.49 GiB
2024-01-22 16:26:25,628 - distributed.worker - INFO -       Local Directory: /scratch/dask-worker-space/worker-e282mqqq
2024-01-22 16:26:25,628 - distributed.worker - INFO - -------------------------------------------------
2024-01-22 16:26:25,691 - distributed.worker - INFO -         Registered to:     tcp://10.3.88.11:41950
2024-01-22 16:26:25,691 - distributed.worker - INFO - -------------------------------------------------
2024-01-22 16:26:25,691 - distributed.core - INFO - Starting established connection to tcp://10.3.88.11:41950
2024-01-22 16:43:26,741 - distributed.core - INFO - Event loop was unresponsive in Worker for 66.29s.  This is often caused by long-running GIL-holding functions or moving large chunks of data. This can cause timeouts and instability.
2024-01-22 16:52:03,937 - distributed.core - INFO - Event loop was unresponsive in Worker for 73.67s.  This is often caused by long-running GIL-holding functions or moving large chunks of data. This can cause timeouts and instability.
Warning (not error because allow_undefined_stereo=True): RDMol has unspecified stereochemistry. Undefined chiral centers are:
 - Atom C (index 1)
 - Atom C (index 16)

Warning (not error because allow_undefined_stereo=True): RDMol has unspecified stereochemistry. Undefined chiral centers are:
 - Atom C (index 10)

/mnt/storage/nobackup/nmb1063/mamba/envs/fegrow/lib/python3.9/site-packages/parmed/structure.py:1775: UnitStrippedWarning: The unit of the quantity is stripped when downcasting to ndarray.
  coords = np.array(value, dtype=np.float64, copy=False, subok=True)
Warning (not error because allow_undefined_stereo=True): RDMol has unspecified stereochemistry. Undefined chiral centers are:
 - Atom C (index 1)
 - Atom C (index 16)

Warning (not error because allow_undefined_stereo=True): RDMol has unspecified stereochemistry. Undefined chiral centers are:
 - Atom C (index 10)

/mnt/storage/nobackup/nmb1063/mamba/envs/fegrow/lib/python3.9/site-packages/torchani/__init__.py:55: UserWarning: Dependency not satisfied, torchani.ase will not be available
  warnings.warn("Dependency not satisfied, torchani.ase will not be available")
Warning: importing 'simtk.openmm' is deprecated.  Import 'openmm' instead.
TIME changed dir: 0.0s
TIME changed dir: 0.0s
Generated 36 conformers. 
Generated 45 conformers. 
Removed 42 conformers. 
Removed 32 conformers. 
using ani2x
/mnt/storage/nobackup/nmb1063/mamba/envs/fegrow/lib/python3.9/site-packages/torchani/resources/
failed to equip `nnpops` with error: No module named 'NNPOps'
Optimising conformer:   0%|                               | 0/3 [00:00<?, ?it/s][W BinaryOps.cpp:601] Warning: floor_divide is deprecated, and will be removed in a future version of pytorch. It currently rounds toward 0 (like the 'trunc' function NOT 'floor'). This results in incorrect rounding for negative values.
To keep the current behavior, use torch.div(a, b, rounding_mode='trunc'), or for actual floor division, use torch.div(a, b, rounding_mode='floor'). (function operator())
using ani2x
/mnt/storage/nobackup/nmb1063/mamba/envs/fegrow/lib/python3.9/site-packages/torchani/resources/
failed to equip `nnpops` with error: No module named 'NNPOps'

Optimising conformer:   0%|                               | 0/4 [00:00<?, ?it/s][A
Optimising conformer:  25%|█████▊                 | 1/4 [00:04<00:12,  4.16s/it][A
Optimising conformer:  50%|███████████▌           | 2/4 [00:06<00:06,  3.10s/it][A
Optimising conformer:  75%|█████████████████▎     | 3/4 [00:08<00:02,  2.71s/it][A
Optimising conformer: 100%|███████████████████████| 4/4 [00:11<00:00,  2.57s/it][AOptimising conformer: 100%|███████████████████████| 4/4 [00:11<00:00,  2.78s/it]
Optimising conformer:  33%|███████▎              | 1/3 [01:47<03:35, 107.93s/it]Optimising conformer:  67%|███████████████▎       | 2/3 [02:41<01:15, 75.81s/it]Optimising conformer: 100%|███████████████████████| 3/3 [04:14<00:00, 83.85s/it]Optimising conformer: 100%|███████████████████████| 3/3 [04:14<00:00, 84.89s/it]
2024-01-22 16:58:42,455 - distributed.worker - WARNING - Compute Failed
Key:       evaluate-7cff5ebf-239d-413d-861f-6a40bad5425c
Function:  evaluate
args:      (<rdkit.Chem.rdchem.Mol object at 0x2b953468e4a0>, 6, 'C(C(c1c(c(c(F)c(F)c1[H])[H])[H])(c1nc(C2(C(C(OC2([H])[H])([H])[H])([H])[H])[H])nn1c1c(c(c(nc1[H])[H])[H])[H])[H])([H])([H])[H]', '/mnt/storage/nobackup/nmb1063/code/gal/sars-cov-2-main-protease-al-study/rec_final.pdb', '/nobackup/nmb1063/sars-fegrow/gnina')
kwargs:    {}
Exception: "Exception('No Conformers')"

2024-01-22 17:06:12,527 - distributed.worker - ERROR - Failed to communicate with scheduler during heartbeat.
Traceback (most recent call last):
  File "/mnt/storage/nobackup/nmb1063/mamba/envs/fegrow/lib/python3.9/site-packages/tornado/iostream.py", line 861, in _read_to_buffer
    bytes_read = self.read_from_fd(buf)
  File "/mnt/storage/nobackup/nmb1063/mamba/envs/fegrow/lib/python3.9/site-packages/tornado/iostream.py", line 1116, in read_from_fd
    return self.socket.recv_into(buf, len(buf))
TimeoutError: [Errno 110] Connection timed out

The above exception was the direct cause of the following exception:

Traceback (most recent call last):
  File "/mnt/storage/nobackup/nmb1063/mamba/envs/fegrow/lib/python3.9/site-packages/distributed/worker.py", line 1237, in heartbeat
    response = await retry_operation(
  File "/mnt/storage/nobackup/nmb1063/mamba/envs/fegrow/lib/python3.9/site-packages/distributed/utils_comm.py", line 434, in retry_operation
    return await retry(
  File "/mnt/storage/nobackup/nmb1063/mamba/envs/fegrow/lib/python3.9/site-packages/distributed/utils_comm.py", line 413, in retry
    return await coro()
  File "/mnt/storage/nobackup/nmb1063/mamba/envs/fegrow/lib/python3.9/site-packages/distributed/core.py", line 1227, in send_recv_from_rpc
    return await send_recv(comm=comm, op=key, **kwargs)
  File "/mnt/storage/nobackup/nmb1063/mamba/envs/fegrow/lib/python3.9/site-packages/distributed/core.py", line 986, in send_recv
    response = await comm.read(deserializers=deserializers)
  File "/mnt/storage/nobackup/nmb1063/mamba/envs/fegrow/lib/python3.9/site-packages/distributed/comm/tcp.py", line 241, in read
    convert_stream_closed_error(self, e)
  File "/mnt/storage/nobackup/nmb1063/mamba/envs/fegrow/lib/python3.9/site-packages/distributed/comm/tcp.py", line 142, in convert_stream_closed_error
    raise CommClosedError(f"in {obj}: {exc.__class__.__name__}: {exc}") from exc
distributed.comm.core.CommClosedError: in <TCP (closed) ConnectionPool.heartbeat_worker local=tcp://10.3.89.122:44084 remote=tcp://10.3.88.11:41950>: TimeoutError: [Errno 110] Connection timed out
2024-01-22 17:06:20,900 - distributed.core - INFO - Event loop was unresponsive in Worker for 8.39s.  This is often caused by long-running GIL-holding functions or moving large chunks of data. This can cause timeouts and instability.
2024-01-22 17:06:58,273 - distributed.nanny - INFO - Worker process 38849 was killed by signal 7
2024-01-22 17:06:58,476 - distributed.nanny - WARNING - Restarting worker
slurmstepd: error: *** JOB 19809505 ON sb042 CANCELLED AT 2024-01-22T17:07:13 ***
