hostname sb074.cluster
ipconfig 1: lo: <LOOPBACK,UP,LOWER_UP> mtu 65536 qdisc noqueue state UNKNOWN group default qlen 1000 link/loopback 00:00:00:00:00:00 brd 00:00:00:00:00:00 inet 127.0.0.1/8 scope host lo valid_lft forever preferred_lft forever inet6 ::1/128 scope host valid_lft forever preferred_lft forever 2: enp4s0f0: <BROADCAST,MULTICAST,UP,LOWER_UP> mtu 9000 qdisc mq state UP group default qlen 1000 link/ether a0:8c:f8:74:c8:9c brd ff:ff:ff:ff:ff:ff inet 10.3.81.154/22 brd 10.3.83.255 scope global enp4s0f0 valid_lft forever preferred_lft forever inet6 fe80::a28c:f8ff:fe74:c89c/64 scope link valid_lft forever preferred_lft forever 3: enp4s0f1: <BROADCAST,MULTICAST> mtu 1500 qdisc noop state DOWN group default qlen 1000 link/ether a0:8c:f8:74:c8:9d brd ff:ff:ff:ff:ff:ff 4: enp4s0f2: <BROADCAST,MULTICAST> mtu 1500 qdisc noop state DOWN group default qlen 1000 link/ether a0:8c:f8:74:c8:9e brd ff:ff:ff:ff:ff:ff 5: enp4s0f3: <BROADCAST,MULTICAST> mtu 1500 qdisc noop state DOWN group default qlen 1000 link/ether a0:8c:f8:74:c8:9f brd ff:ff:ff:ff:ff:ff 6: ib0: <BROADCAST,MULTICAST,UP,LOWER_UP> mtu 4092 qdisc pfifo_fast state UP group default qlen 256 link/infiniband 80:00:00:29:fe:80:00:00:00:00:00:00:38:bc:01:03:00:4c:f5:d0 brd 00:ff:ff:ff:ff:12:40:1b:ff:ff:00:00:00:00:00:00:ff:ff:ff:ff inet 10.3.89.154/22 brd 10.3.91.255 scope global ib0 valid_lft forever preferred_lft forever inet 10.3.97.154/22 brd 10.3.99.255 scope global ib0:1 valid_lft forever preferred_lft forever inet6 fe80::3abc:103:4c:f5d0/64 scope link valid_lft forever preferred_lft forever 7: ib1: <BROADCAST,MULTICAST> mtu 4092 qdisc noop state DOWN group default qlen 256 link/infiniband 80:00:00:29:fe:80:00:00:00:00:00:00:38:bc:01:03:00:4c:f5:d1 brd 00:ff:ff:ff:ff:12:40:1b:ff:ff:00:00:00:00:00:00:ff:ff:ff:ff
2024-01-24 02:54:15,945 - distributed.nanny - INFO -         Start Nanny at: 'tcp://10.3.89.154:35866'
2024-01-24 02:54:17,485 - distributed.diskutils - INFO - Found stale lock file and directory '/scratch/dask-worker-space/worker-c8x2xtkr', purging
2024-01-24 02:55:22,217 - distributed.worker - INFO -       Start worker at:    tcp://10.3.89.154:42987
2024-01-24 02:55:22,218 - distributed.worker - INFO -          Listening to:    tcp://10.3.89.154:42987
2024-01-24 02:55:22,218 - distributed.worker - INFO -           Worker name:             SLURMCluster-6
2024-01-24 02:55:22,218 - distributed.worker - INFO -          dashboard at:          10.3.89.154:32783
2024-01-24 02:55:22,218 - distributed.worker - INFO - Waiting to connect to:     tcp://10.3.88.11:35296
2024-01-24 02:55:22,218 - distributed.worker - INFO - -------------------------------------------------
2024-01-24 02:55:22,218 - distributed.worker - INFO -               Threads:                          2
2024-01-24 02:55:22,218 - distributed.worker - INFO -                Memory:                  20.49 GiB
2024-01-24 02:55:22,218 - distributed.worker - INFO -       Local Directory: /scratch/dask-worker-space/worker-n94aeqtr
2024-01-24 02:55:22,219 - distributed.worker - INFO - -------------------------------------------------
2024-01-24 02:55:22,282 - distributed.worker - INFO -         Registered to:     tcp://10.3.88.11:35296
2024-01-24 02:55:22,282 - distributed.worker - INFO - -------------------------------------------------
2024-01-24 02:55:22,283 - distributed.core - INFO - Starting established connection to tcp://10.3.88.11:35296
2024-01-24 03:06:34,856 - distributed.core - INFO - Event loop was unresponsive in Worker for 4.51s.  This is often caused by long-running GIL-holding functions or moving large chunks of data. This can cause timeouts and instability.
2024-01-24 03:07:07,148 - distributed.core - INFO - Event loop was unresponsive in Worker for 4.87s.  This is often caused by long-running GIL-holding functions or moving large chunks of data. This can cause timeouts and instability.
2024-01-24 03:08:55,635 - distributed.core - INFO - Event loop was unresponsive in Worker for 8.05s.  This is often caused by long-running GIL-holding functions or moving large chunks of data. This can cause timeouts and instability.
2024-01-24 03:14:34,265 - distributed.core - INFO - Event loop was unresponsive in Worker for 83.42s.  This is often caused by long-running GIL-holding functions or moving large chunks of data. This can cause timeouts and instability.
Warning (not error because allow_undefined_stereo=True): RDMol has unspecified stereochemistry. Undefined chiral centers are:
 - Atom C (index 28)

Warning (not error because allow_undefined_stereo=True): RDMol has unspecified stereochemistry. Undefined chiral centers are:
 - Atom C (index 9)
 - Atom C (index 11)
 - Atom C (index 14)

/mnt/storage/nobackup/nmb1063/mamba/envs/fegrow/lib/python3.9/site-packages/parmed/structure.py:1775: UnitStrippedWarning: The unit of the quantity is stripped when downcasting to ndarray.
  coords = np.array(value, dtype=np.float64, copy=False, subok=True)
Warning (not error because allow_undefined_stereo=True): RDMol has unspecified stereochemistry. Undefined chiral centers are:
 - Atom C (index 9)
 - Atom C (index 11)
 - Atom C (index 14)

Warning (not error because allow_undefined_stereo=True): RDMol has unspecified stereochemistry. Undefined chiral centers are:
 - Atom C (index 28)

2024-01-24 03:17:07,791 - distributed.core - INFO - Event loop was unresponsive in Worker for 3.97s.  This is often caused by long-running GIL-holding functions or moving large chunks of data. This can cause timeouts and instability.
/mnt/storage/nobackup/nmb1063/mamba/envs/fegrow/lib/python3.9/site-packages/torchani/__init__.py:55: UserWarning: Dependency not satisfied, torchani.ase will not be available
  warnings.warn("Dependency not satisfied, torchani.ase will not be available")
Warning: importing 'simtk.openmm' is deprecated.  Import 'openmm' instead.
TIME changed dir: 0.0s
TIME changed dir: 0.0s
Generated 39 conformers. 
Generated 42 conformers. 
Removed 39 conformers. 
Removed 37 conformers. 
using ani2x
/mnt/storage/nobackup/nmb1063/mamba/envs/fegrow/lib/python3.9/site-packages/torchani/resources/
failed to equip `nnpops` with error: No module named 'NNPOps'
Optimising conformer:   0%|                               | 0/2 [00:00<?, ?it/s][W BinaryOps.cpp:601] Warning: floor_divide is deprecated, and will be removed in a future version of pytorch. It currently rounds toward 0 (like the 'trunc' function NOT 'floor'). This results in incorrect rounding for negative values.
To keep the current behavior, use torch.div(a, b, rounding_mode='trunc'), or for actual floor division, use torch.div(a, b, rounding_mode='floor'). (function operator())
Optimising conformer:  50%|███████████▌           | 1/2 [00:07<00:07,  7.73s/it]Optimising conformer: 100%|███████████████████████| 2/2 [00:12<00:00,  5.83s/it]Optimising conformer: 100%|███████████████████████| 2/2 [00:12<00:00,  6.12s/it]
TIME Completed the molecule generation in 205.3s.
using ani2x
/mnt/storage/nobackup/nmb1063/mamba/envs/fegrow/lib/python3.9/site-packages/torchani/resources/
failed to equip `nnpops` with error: No module named 'NNPOps'
Optimising conformer:   0%|                               | 0/3 [00:00<?, ?it/s]Optimising conformer:  33%|███████▋               | 1/3 [00:05<00:10,  5.49s/it]Optimising conformer:  67%|███████████████▎       | 2/3 [00:10<00:05,  5.48s/it]Optimising conformer: 100%|███████████████████████| 3/3 [00:16<00:00,  5.46s/it]Optimising conformer: 100%|███████████████████████| 3/3 [00:16<00:00,  5.46s/it]
2024-01-24 03:36:51,813 - distributed.core - INFO - Event loop was unresponsive in Worker for 3.74s.  This is often caused by long-running GIL-holding functions or moving large chunks of data. This can cause timeouts and instability.
2024-01-24 03:41:12,852 - distributed.core - INFO - Event loop was unresponsive in Worker for 61.43s.  This is often caused by long-running GIL-holding functions or moving large chunks of data. This can cause timeouts and instability.
Warning (not error because allow_undefined_stereo=True): RDMol has unspecified stereochemistry. Undefined chiral centers are:
 - Atom C (index 18)

/mnt/storage/nobackup/nmb1063/mamba/envs/fegrow/lib/python3.9/site-packages/parmed/structure.py:1775: UnitStrippedWarning: The unit of the quantity is stripped when downcasting to ndarray.
  coords = np.array(value, dtype=np.float64, copy=False, subok=True)
Warning (not error because allow_undefined_stereo=True): RDMol has unspecified stereochemistry. Undefined chiral centers are:
 - Atom C (index 18)

slurmstepd: error: *** JOB 19826611 ON sb074 CANCELLED AT 2024-01-24T03:44:45 ***
