hostname sb091.cluster
ipconfig 1: lo: <LOOPBACK,UP,LOWER_UP> mtu 65536 qdisc noqueue state UNKNOWN group default qlen 1000 link/loopback 00:00:00:00:00:00 brd 00:00:00:00:00:00 inet 127.0.0.1/8 scope host lo valid_lft forever preferred_lft forever inet6 ::1/128 scope host valid_lft forever preferred_lft forever 2: enp4s0f0: <BROADCAST,MULTICAST,UP,LOWER_UP> mtu 9000 qdisc mq state UP group default qlen 1000 link/ether a0:8c:f8:61:07:66 brd ff:ff:ff:ff:ff:ff inet 10.3.81.171/22 brd 10.3.83.255 scope global enp4s0f0 valid_lft forever preferred_lft forever inet6 fe80::a28c:f8ff:fe61:766/64 scope link valid_lft forever preferred_lft forever 3: enp4s0f1: <BROADCAST,MULTICAST> mtu 1500 qdisc noop state DOWN group default qlen 1000 link/ether a0:8c:f8:61:07:67 brd ff:ff:ff:ff:ff:ff 4: enp4s0f2: <BROADCAST,MULTICAST> mtu 1500 qdisc noop state DOWN group default qlen 1000 link/ether a0:8c:f8:61:07:68 brd ff:ff:ff:ff:ff:ff 5: enp4s0f3: <BROADCAST,MULTICAST> mtu 1500 qdisc noop state DOWN group default qlen 1000 link/ether a0:8c:f8:61:07:69 brd ff:ff:ff:ff:ff:ff 6: ib0: <BROADCAST,MULTICAST,UP,LOWER_UP> mtu 4092 qdisc pfifo_fast state UP group default qlen 256 link/infiniband 80:00:00:29:fe:80:00:00:00:00:00:00:38:bc:01:03:00:4c:f4:c0 brd 00:ff:ff:ff:ff:12:40:1b:ff:ff:00:00:00:00:00:00:ff:ff:ff:ff inet 10.3.89.171/22 brd 10.3.91.255 scope global ib0 valid_lft forever preferred_lft forever inet 10.3.93.171/22 brd 10.3.95.255 scope global ib0:1 valid_lft forever preferred_lft forever inet6 fe80::3abc:103:4c:f4c0/64 scope link valid_lft forever preferred_lft forever 7: ib1: <BROADCAST,MULTICAST> mtu 4092 qdisc noop state DOWN group default qlen 256 link/infiniband 80:00:00:29:fe:80:00:00:00:00:00:00:38:bc:01:03:00:4c:f4:c1 brd 00:ff:ff:ff:ff:12:40:1b:ff:ff:00:00:00:00:00:00:ff:ff:ff:ff
2024-01-16 11:55:56,425 - distributed.nanny - INFO -         Start Nanny at: 'tcp://10.3.89.171:46602'
2024-01-16 11:55:56,575 - distributed.nanny - INFO -         Start Nanny at: 'tcp://10.3.89.171:40652'
2024-01-16 11:57:19,191 - distributed.worker - INFO -       Start worker at:    tcp://10.3.89.171:35421
2024-01-16 11:57:19,192 - distributed.worker - INFO -       Start worker at:    tcp://10.3.89.171:41841
2024-01-16 11:57:19,192 - distributed.worker - INFO -          Listening to:    tcp://10.3.89.171:35421
2024-01-16 11:57:19,192 - distributed.worker - INFO -          Listening to:    tcp://10.3.89.171:41841
2024-01-16 11:57:19,192 - distributed.worker - INFO -           Worker name:          SLURMCluster-92-1
2024-01-16 11:57:19,192 - distributed.worker - INFO -           Worker name:          SLURMCluster-92-0
2024-01-16 11:57:19,192 - distributed.worker - INFO -          dashboard at:          10.3.89.171:41638
2024-01-16 11:57:19,192 - distributed.worker - INFO -          dashboard at:          10.3.89.171:46344
2024-01-16 11:57:19,192 - distributed.worker - INFO - Waiting to connect to:     tcp://10.3.88.12:37277
2024-01-16 11:57:19,192 - distributed.worker - INFO - Waiting to connect to:     tcp://10.3.88.12:37277
2024-01-16 11:57:19,192 - distributed.worker - INFO - -------------------------------------------------
2024-01-16 11:57:19,192 - distributed.worker - INFO - -------------------------------------------------
2024-01-16 11:57:19,192 - distributed.worker - INFO -               Threads:                          2
2024-01-16 11:57:19,192 - distributed.worker - INFO -               Threads:                          2
2024-01-16 11:57:19,192 - distributed.worker - INFO -                Memory:                  10.24 GiB
2024-01-16 11:57:19,192 - distributed.worker - INFO -                Memory:                  10.24 GiB
2024-01-16 11:57:19,192 - distributed.worker - INFO -       Local Directory: /scratch/dask-worker-space/worker-63y1_ebo
2024-01-16 11:57:19,192 - distributed.worker - INFO -       Local Directory: /scratch/dask-worker-space/worker-ae5_z8hx
2024-01-16 11:57:19,192 - distributed.worker - INFO - -------------------------------------------------
2024-01-16 11:57:19,192 - distributed.worker - INFO - -------------------------------------------------
2024-01-16 11:57:19,243 - distributed.worker - INFO -         Registered to:     tcp://10.3.88.12:37277
2024-01-16 11:57:19,243 - distributed.worker - INFO - -------------------------------------------------
2024-01-16 11:57:19,244 - distributed.core - INFO - Starting established connection to tcp://10.3.88.12:37277
2024-01-16 11:57:19,244 - distributed.worker - INFO -         Registered to:     tcp://10.3.88.12:37277
2024-01-16 11:57:19,244 - distributed.worker - INFO - -------------------------------------------------
2024-01-16 11:57:19,245 - distributed.core - INFO - Starting established connection to tcp://10.3.88.12:37277
2024-01-16 12:01:43,072 - distributed.core - INFO - Event loop was unresponsive in Worker for 263.83s.  This is often caused by long-running GIL-holding functions or moving large chunks of data. This can cause timeouts and instability.
2024-01-16 12:01:43,087 - distributed.core - INFO - Event loop was unresponsive in Worker for 263.84s.  This is often caused by long-running GIL-holding functions or moving large chunks of data. This can cause timeouts and instability.
/mnt/storage/nobackup/nmb1063/mamba/envs/fegrow/lib/python3.9/site-packages/parmed/structure.py:1775: UnitStrippedWarning: The unit of the quantity is stripped when downcasting to ndarray.
  coords = np.array(value, dtype=np.float64, copy=False, subok=True)
/mnt/storage/nobackup/nmb1063/mamba/envs/fegrow/lib/python3.9/site-packages/parmed/structure.py:1775: UnitStrippedWarning: The unit of the quantity is stripped when downcasting to ndarray.
  coords = np.array(value, dtype=np.float64, copy=False, subok=True)
2024-01-16 12:01:51,943 - distributed.worker - WARNING - Compute Failed
Key:       evaluate-33858931-b066-4cfb-a6d5-3353150565a4
Function:  evaluate
args:      (<rdkit.Chem.rdchem.Mol object at 0x2b3af1953f40>, 6, '[H]c1nc([H])c(C#CC([H])([H])c2nc([H])n([H])c2[H])c([H])c1[H]', '/mnt/storage/nobackup/nmb1063/code/gal/sars-cov-2-main-protease-al-study/rec_final.pdb', '/nobackup/nmb1063/sars-fegrow/gnina')
kwargs:    {}
Exception: "JSONDecodeError('Invalid control character at: line 96 column 141406 (char 3619649)')"

2024-01-16 12:01:51,944 - distributed.worker - WARNING - Compute Failed
Key:       evaluate-2f866578-23c5-4c2c-b29b-4c6b9933dccb
Function:  evaluate
args:      (<rdkit.Chem.rdchem.Mol object at 0x2b3af1953f40>, 6, '[H]c1nc([H])c(-c2c([H])nn(N([H])c3c([H])c([H])nc([H])c3[H])c2[H])c([H])c1[H]', '/mnt/storage/nobackup/nmb1063/code/gal/sars-cov-2-main-protease-al-study/rec_final.pdb', '/nobackup/nmb1063/sars-fegrow/gnina')
kwargs:    {}
Exception: "JSONDecodeError('Invalid control character at: line 96 column 141406 (char 3619649)')"

2024-01-16 12:01:52,189 - distributed.worker - WARNING - Compute Failed
Key:       evaluate-2f150d1c-bf5f-4c9e-91db-5d3a62c1e186
Function:  evaluate
args:      (<rdkit.Chem.rdchem.Mol object at 0x2afdeaa84e00>, 6, '[H]c1nc([H])c(-c2nc3sc([H])c([H])n3c2C([H])([H])n2nc(OC([H])([H])[H])oc2=O)c([H])c1[H]', '/mnt/storage/nobackup/nmb1063/code/gal/sars-cov-2-main-protease-al-study/rec_final.pdb', '/nobackup/nmb1063/sars-fegrow/gnina')
kwargs:    {}
Exception: "JSONDecodeError('Invalid control character at: line 96 column 141406 (char 3619649)')"

2024-01-16 12:01:52,564 - distributed.worker - WARNING - Compute Failed
Key:       evaluate-2e2f9e41-6aaa-44e3-9381-7e266ed911a3
Function:  evaluate
args:      (<rdkit.Chem.rdchem.Mol object at 0x2afdeaa84e00>, 6, '[H]c1nc([H])c(C2(c3nnc(N([H])C(=S)N([H])c4c([H])c([H])c([H])c([H])c4[H])o3)C([H])([H])C2([H])[H])c([H])c1[H]', '/mnt/storage/nobackup/nmb1063/code/gal/sars-cov-2-main-protease-al-study/rec_final.pdb', '/nobackup/nmb1063/sars-fegrow/gnina')
kwargs:    {}
Exception: "JSONDecodeError('Invalid control character at: line 96 column 141406 (char 3619649)')"

2024-01-16 12:01:55,791 - distributed.utils_perf - INFO - full garbage collection released 18.29 MiB from 465450 reference cycles (threshold: 9.54 MiB)
2024-01-16 12:01:58,105 - distributed.worker - WARNING - Compute Failed
Key:       evaluate-a0851a49-5cda-4f7d-9d9b-9dfe4c47dabb
Function:  evaluate
args:      (<rdkit.Chem.rdchem.Mol object at 0x2b3af1953f40>, 6, '[H]c1nc([H])c(-c2noc([H])c2-c2c([H])c([H])c([H])c(OC(F)(F)F)c2[H])c([H])c1[H]', '/mnt/storage/nobackup/nmb1063/code/gal/sars-cov-2-main-protease-al-study/rec_final.pdb', '/nobackup/nmb1063/sars-fegrow/gnina')
kwargs:    {}
Exception: "JSONDecodeError('Invalid control character at: line 96 column 141406 (char 3619649)')"

2024-01-16 12:01:58,212 - distributed.utils_perf - INFO - full garbage collection released 20.11 MiB from 465759 reference cycles (threshold: 9.54 MiB)
Warning (not error because allow_undefined_stereo=True): RDMol has unspecified stereochemistry. Bonds with undefined stereochemistry are:
 - Bond 11 (atoms 11-12 of element (C-N)

2024-01-16 12:02:01,038 - distributed.worker - WARNING - Compute Failed
Key:       evaluate-2f84b0e1-c272-4c98-983e-cc302ed51d7f
Function:  evaluate
args:      (<rdkit.Chem.rdchem.Mol object at 0x2afdeaa84e00>, 6, '[H]OC(=O)c1c(C([H])([H])N([H])C(=Nc2c([H])nc([H])c([H])c2[H])N([H])[H])c(C([H])([H])[H])nn1[H]', '/mnt/storage/nobackup/nmb1063/code/gal/sars-cov-2-main-protease-al-study/rec_final.pdb', '/nobackup/nmb1063/sars-fegrow/gnina')
kwargs:    {}
Exception: "JSONDecodeError('Invalid control character at: line 96 column 141406 (char 3619649)')"

2024-01-16 12:02:01,078 - distributed.worker - WARNING - Compute Failed
Key:       evaluate-35db27c2-90d7-45d1-af4f-7371d694d283
Function:  evaluate
args:      (<rdkit.Chem.rdchem.Mol object at 0x2b3af1953f40>, 6, '[H]c1nc([H])c(C([H])([H])N(c2c([H])c([H])c(C#N)c([H])c2[H])C([H])([H])[H])c([H])c1[H]', '/mnt/storage/nobackup/nmb1063/code/gal/sars-cov-2-main-protease-al-study/rec_final.pdb', '/nobackup/nmb1063/sars-fegrow/gnina')
kwargs:    {}
Exception: "JSONDecodeError('Invalid control character at: line 96 column 141406 (char 3619649)')"

2024-01-16 12:02:01,639 - distributed.worker - WARNING - Compute Failed
Key:       evaluate-a2c94b9a-d945-498d-8d81-6e4a78640876
Function:  evaluate
args:      (<rdkit.Chem.rdchem.Mol object at 0x2afdeaa84e00>, 6, '[H]c1nc([H])c(C2=C(B3OC(C([H])([H])[H])(C([H])([H])[H])C(C([H])([H])[H])(C([H])([H])[H])O3)C([H])([H])C([H])([H])C2([H])[H])c([H])c1[H]', '/mnt/storage/nobackup/nmb1063/code/gal/sars-cov-2-main-protease-al-study/rec_final.pdb', '/nobackup/nmb1063/sars-fegrow/gnina')
kwargs:    {}
Exception: "Exception('No Conformers')"

2024-01-16 12:02:06,530 - distributed.worker - WARNING - Compute Failed
Key:       evaluate-a3fa4663-d59d-46af-9ed0-e514f2264677
Function:  evaluate
args:      (<rdkit.Chem.rdchem.Mol object at 0x2afdeaa84e00>, 6, '[H]c1nc(-c2c(C([H])([H])[H])noc2C([H])([H])[H])n(-c2c([H])nc([H])c([H])c2[H])n1', '/mnt/storage/nobackup/nmb1063/code/gal/sars-cov-2-main-protease-al-study/rec_final.pdb', '/nobackup/nmb1063/sars-fegrow/gnina')
kwargs:    {}
Exception: "JSONDecodeError('Invalid control character at: line 96 column 141406 (char 3619649)')"

2024-01-16 12:02:06,794 - distributed.worker - WARNING - Compute Failed
Key:       evaluate-a0a28645-ec6b-4a12-8e7d-bb40dcfe4d8f
Function:  evaluate
args:      (<rdkit.Chem.rdchem.Mol object at 0x2b3af1953f40>, 6, '[H]c1nc(OC([H])([H])[H])c(N(C([H])([H])[H])S(=O)(=O)c2c([H])nc([H])c([H])c2[H])c([H])c1[H]', '/mnt/storage/nobackup/nmb1063/code/gal/sars-cov-2-main-protease-al-study/rec_final.pdb', '/nobackup/nmb1063/sars-fegrow/gnina')
kwargs:    {}
Exception: "JSONDecodeError('Invalid control character at: line 96 column 141406 (char 3619649)')"

2024-01-16 12:02:10,167 - distributed.worker - WARNING - Compute Failed
Key:       evaluate-b559042c-0a5c-4f6b-904d-bc570a2d8d62
Function:  evaluate
args:      (<rdkit.Chem.rdchem.Mol object at 0x2afdeaa84e00>, 6, '[H]c1nc([H])c(-c2c([H])nsc2-c2c([H])c([H])c(OC([H])(C([H])([H])[H])C([H])([H])[H])c([H])c2[H])c([H])c1[H]', '/mnt/storage/nobackup/nmb1063/code/gal/sars-cov-2-main-protease-al-study/rec_final.pdb', '/nobackup/nmb1063/sars-fegrow/gnina')
kwargs:    {}
Exception: "JSONDecodeError('Invalid control character at: line 96 column 141406 (char 3619649)')"

2024-01-16 12:02:10,427 - distributed.worker - WARNING - Compute Failed
Key:       evaluate-aedd5a2f-e777-4b75-b456-b317f221380a
Function:  evaluate
args:      (<rdkit.Chem.rdchem.Mol object at 0x2b3af1953f40>, 6, '[H]c1nc(-n2c([H])c([H])c([H])c2C([H])([H])c2c([H])nc([H])c([H])c2[H])nc(C(F)(F)F)c1[H]', '/mnt/storage/nobackup/nmb1063/code/gal/sars-cov-2-main-protease-al-study/rec_final.pdb', '/nobackup/nmb1063/sars-fegrow/gnina')
kwargs:    {}
Exception: "JSONDecodeError('Invalid control character at: line 96 column 141406 (char 3619649)')"

2024-01-16 12:02:13,749 - distributed.worker - WARNING - Compute Failed
Key:       evaluate-b7783b66-ab1c-41ed-ba9c-ae1e41270c17
Function:  evaluate
args:      (<rdkit.Chem.rdchem.Mol object at 0x2afdeaa84e00>, 6, '[H]c1nc([H])c(C2=C(C([H])([H])c3c([H])c([H])c([H])c(Cl)c3[H])C(=O)N([H])C2([H])[H])c([H])c1[H]', '/mnt/storage/nobackup/nmb1063/code/gal/sars-cov-2-main-protease-al-study/rec_final.pdb', '/nobackup/nmb1063/sars-fegrow/gnina')
kwargs:    {}
Exception: "JSONDecodeError('Invalid control character at: line 96 column 141406 (char 3619649)')"

2024-01-16 12:02:16,846 - distributed.worker - WARNING - Compute Failed
Key:       evaluate-b5e241a6-b9ca-4084-a465-9dddc1bfddfd
Function:  evaluate
args:      (<rdkit.Chem.rdchem.Mol object at 0x2b3af1953f40>, 6, '[H]c1nc([H])c(C2=NN(N3C([H])([H])C([H])([H])[C@@]([H])(N(C([H])([H])[H])C([H])([H])[H])C3([H])[H])C(=O)C2([H])[H])c([H])c1[H]', '/mnt/storage/nobackup/nmb1063/code/gal/sars-cov-2-main-protease-al-study/rec_final.pdb', '/nobackup/nmb1063/sars-fegrow/gnina')
kwargs:    {}
Exception: "JSONDecodeError('Invalid control character at: line 96 column 141406 (char 3619649)')"

Warning (not error because allow_undefined_stereo=True): RDMol has unspecified stereochemistry. Bonds with undefined stereochemistry are:
 - Bond 4 (atoms 3-5 of element (C-C)

2024-01-16 12:02:19,663 - distributed.worker - WARNING - Compute Failed
Key:       evaluate-c88e56c3-f751-4cbd-b364-1e27877b40a3
Function:  evaluate
args:      (<rdkit.Chem.rdchem.Mol object at 0x2afdeaa84e00>, 6, '[H]C1=C(C([H])=C([H])c2c([H])c([H])c([H])c([H])c2[H])C([H])([H])C([H])([H])[C@]1([H])c1c([H])nc([H])c([H])c1[H]', '/mnt/storage/nobackup/nmb1063/code/gal/sars-cov-2-main-protease-al-study/rec_final.pdb', '/nobackup/nmb1063/sars-fegrow/gnina')
kwargs:    {}
Exception: "JSONDecodeError('Invalid control character at: line 96 column 141406 (char 3619649)')"

2024-01-16 12:02:19,872 - distributed.worker - WARNING - Compute Failed
Key:       evaluate-ca8f1403-4092-45df-a97a-3ef11e96507e
Function:  evaluate
args:      (<rdkit.Chem.rdchem.Mol object at 0x2b3af1953f40>, 6, '[H]c1nc([H])c([C@]2([H])[C@@]([H])(C(=O)c3c([H])c([H])c(OC([H])([H])[H])c([H])c3[H])C([H])([H])[C@@]3([H])S[C@]2([H])C([H])([H])C3([H])[H])c([H])c1[H]', '/mnt/storage/nobackup/nmb1063/code/gal/sars-cov-2-main-protease-al-study/rec_final.pdb', '/nobackup/nmb1063/sars-fegrow/gnina')
kwargs:    {}
Exception: "Exception('No Conformers')"

2024-01-16 12:02:22,563 - distributed.worker - WARNING - Compute Failed
Key:       evaluate-d6cc08f4-86e9-46f2-9d4c-eb70d1aae619
Function:  evaluate
args:      (<rdkit.Chem.rdchem.Mol object at 0x2afdeaa84e00>, 6, '[H]c1nc([H])c(-n2nnc([H])c2[C@@]2([H])C([H])([H])[C@]2([H])c2c([H])c([H])c([H])c([H])c2[H])c([H])c1[H]', '/mnt/storage/nobackup/nmb1063/code/gal/sars-cov-2-main-protease-al-study/rec_final.pdb', '/nobackup/nmb1063/sars-fegrow/gnina')
kwargs:    {}
Exception: "JSONDecodeError('Invalid control character at: line 96 column 141406 (char 3619649)')"

Warning (not error because allow_undefined_stereo=True): RDMol has unspecified stereochemistry. Bonds with undefined stereochemistry are:
 - Bond 1 (atoms 1-2 of element (C-C)

Warning (not error because allow_undefined_stereo=True): RDMol has unspecified stereochemistry. Bonds with undefined stereochemistry are:
 - Bond 1 (atoms 1-2 of element (N-C)

2024-01-16 12:02:25,741 - distributed.worker - WARNING - Compute Failed
Key:       evaluate-d6d6d4f4-2c01-4be3-b0d6-35521dc7d04d
Function:  evaluate
args:      (<rdkit.Chem.rdchem.Mol object at 0x2b3af1953f40>, 6, '[H]C(=C1SC(=O)N([H])C1=O)N1C([H])([H])C([H])([H])OC([H])([H])[C@]1([H])c1c([H])nc([H])c([H])c1[H]', '/mnt/storage/nobackup/nmb1063/code/gal/sars-cov-2-main-protease-al-study/rec_final.pdb', '/nobackup/nmb1063/sars-fegrow/gnina')
kwargs:    {}
Exception: "JSONDecodeError('Invalid control character at: line 96 column 141406 (char 3619649)')"

2024-01-16 12:02:26,064 - distributed.worker - WARNING - Compute Failed
Key:       evaluate-ec22b449-52f2-424f-b651-f11dd5ba8694
Function:  evaluate
args:      (<rdkit.Chem.rdchem.Mol object at 0x2afdeaa84e00>, 6, '[H]N=c1sc([H])c(-c2c([H])nc([H])c([H])c2[H])n1N([H])S(=O)(=O)c1c([H])c([H])c([H])c([H])c1[H]', '/mnt/storage/nobackup/nmb1063/code/gal/sars-cov-2-main-protease-al-study/rec_final.pdb', '/nobackup/nmb1063/sars-fegrow/gnina')
kwargs:    {}
Exception: "JSONDecodeError('Invalid control character at: line 96 column 141406 (char 3619649)')"

2024-01-16 12:02:27,029 - distributed.worker - WARNING - Compute Failed
Key:       evaluate-fc22f3fe-21b3-4a81-9dc4-aedc3f967743
Function:  evaluate
args:      (<rdkit.Chem.rdchem.Mol object at 0x2b3af1953f40>, 6, '[H]c1nc([H])c(N2C([H])([H])C([H])(C(=O)c3nc(OC([H])([H])[H])c([H])c([H])c3[H])C2([H])[H])c([H])c1[H]', '/mnt/storage/nobackup/nmb1063/code/gal/sars-cov-2-main-protease-al-study/rec_final.pdb', '/nobackup/nmb1063/sars-fegrow/gnina')
kwargs:    {}
Exception: "JSONDecodeError('Invalid control character at: line 96 column 141406 (char 3619649)')"

slurmstepd: error: *** JOB 19761823 ON sb091 CANCELLED AT 2024-01-16T12:18:12 ***
