hostname sb036.cluster
ipconfig 1: lo: <LOOPBACK,UP,LOWER_UP> mtu 65536 qdisc noqueue state UNKNOWN group default qlen 1000 link/loopback 00:00:00:00:00:00 brd 00:00:00:00:00:00 inet 127.0.0.1/8 scope host lo valid_lft forever preferred_lft forever inet6 ::1/128 scope host valid_lft forever preferred_lft forever 2: enp4s0f0: <BROADCAST,MULTICAST,UP,LOWER_UP> mtu 9000 qdisc mq state UP group default qlen 1000 link/ether a0:8c:f8:74:c9:10 brd ff:ff:ff:ff:ff:ff inet 10.3.81.116/22 brd 10.3.83.255 scope global enp4s0f0 valid_lft forever preferred_lft forever inet6 fe80::a28c:f8ff:fe74:c910/64 scope link valid_lft forever preferred_lft forever 3: enp4s0f1: <BROADCAST,MULTICAST> mtu 1500 qdisc noop state DOWN group default qlen 1000 link/ether a0:8c:f8:74:c9:11 brd ff:ff:ff:ff:ff:ff 4: enp4s0f2: <BROADCAST,MULTICAST> mtu 1500 qdisc noop state DOWN group default qlen 1000 link/ether a0:8c:f8:74:c9:12 brd ff:ff:ff:ff:ff:ff 5: enp4s0f3: <BROADCAST,MULTICAST> mtu 1500 qdisc noop state DOWN group default qlen 1000 link/ether a0:8c:f8:74:c9:13 brd ff:ff:ff:ff:ff:ff 6: ib0: <BROADCAST,MULTICAST,UP,LOWER_UP> mtu 4092 qdisc pfifo_fast state UP group default qlen 256 link/infiniband 80:00:00:29:fe:80:00:00:00:00:00:00:38:bc:01:03:00:4c:f3:b0 brd 00:ff:ff:ff:ff:12:40:1b:ff:ff:00:00:00:00:00:00:ff:ff:ff:ff inet 10.3.89.116/22 brd 10.3.91.255 scope global ib0 valid_lft forever preferred_lft forever inet 10.3.97.116/22 brd 10.3.99.255 scope global ib0:1 valid_lft forever preferred_lft forever inet6 fe80::3abc:103:4c:f3b0/64 scope link valid_lft forever preferred_lft forever 7: ib1: <NO-CARRIER,BROADCAST,MULTICAST,UP> mtu 4092 qdisc pfifo_fast state DOWN group default qlen 256 link/infiniband 80:00:00:29:fe:80:00:00:00:00:00:00:38:bc:01:03:00:4c:f3:b1 brd 00:ff:ff:ff:ff:12:40:1b:ff:ff:00:00:00:00:00:00:ff:ff:ff:ff
2024-01-19 07:55:54,371 - distributed.nanny - INFO -         Start Nanny at: 'tcp://10.3.89.116:33428'
2024-01-19 07:55:54,402 - distributed.nanny - INFO -         Start Nanny at: 'tcp://10.3.89.116:37461'
2024-01-19 07:55:55,923 - distributed.diskutils - INFO - Found stale lock file and directory '/scratch/dask-worker-space/worker-fnb7w7ux', purging
2024-01-19 07:55:55,923 - distributed.diskutils - INFO - Found stale lock file and directory '/scratch/dask-worker-space/worker-suda6cfh', purging
2024-01-19 07:55:58,581 - distributed.worker - INFO -       Start worker at:    tcp://10.3.89.116:45907
2024-01-19 07:55:58,581 - distributed.worker - INFO -       Start worker at:    tcp://10.3.89.116:36206
2024-01-19 07:55:58,581 - distributed.worker - INFO -          Listening to:    tcp://10.3.89.116:45907
2024-01-19 07:55:58,581 - distributed.worker - INFO -          Listening to:    tcp://10.3.89.116:36206
2024-01-19 07:55:58,581 - distributed.worker - INFO -           Worker name:         SLURMCluster-471-0
2024-01-19 07:55:58,581 - distributed.worker - INFO -           Worker name:         SLURMCluster-471-1
2024-01-19 07:55:58,581 - distributed.worker - INFO -          dashboard at:          10.3.89.116:33087
2024-01-19 07:55:58,581 - distributed.worker - INFO -          dashboard at:          10.3.89.116:45560
2024-01-19 07:55:58,581 - distributed.worker - INFO - Waiting to connect to:     tcp://10.3.88.12:42763
2024-01-19 07:55:58,581 - distributed.worker - INFO - Waiting to connect to:     tcp://10.3.88.12:42763
2024-01-19 07:55:58,581 - distributed.worker - INFO - -------------------------------------------------
2024-01-19 07:55:58,581 - distributed.worker - INFO - -------------------------------------------------
2024-01-19 07:55:58,581 - distributed.worker - INFO -               Threads:                          2
2024-01-19 07:55:58,581 - distributed.worker - INFO -               Threads:                          2
2024-01-19 07:55:58,582 - distributed.worker - INFO -                Memory:                  10.24 GiB
2024-01-19 07:55:58,582 - distributed.worker - INFO -                Memory:                  10.24 GiB
2024-01-19 07:55:58,582 - distributed.worker - INFO -       Local Directory: /scratch/dask-worker-space/worker-ueq3t3fj
2024-01-19 07:55:58,582 - distributed.worker - INFO -       Local Directory: /scratch/dask-worker-space/worker-qkg_7yqa
2024-01-19 07:55:58,582 - distributed.worker - INFO - -------------------------------------------------
2024-01-19 07:55:58,582 - distributed.worker - INFO - -------------------------------------------------
2024-01-19 07:55:58,618 - distributed.worker - INFO -         Registered to:     tcp://10.3.88.12:42763
2024-01-19 07:55:58,618 - distributed.worker - INFO - -------------------------------------------------
2024-01-19 07:55:58,619 - distributed.core - INFO - Starting established connection to tcp://10.3.88.12:42763
2024-01-19 07:55:58,622 - distributed.worker - INFO -         Registered to:     tcp://10.3.88.12:42763
2024-01-19 07:55:58,622 - distributed.worker - INFO - -------------------------------------------------
2024-01-19 07:55:58,623 - distributed.core - INFO - Starting established connection to tcp://10.3.88.12:42763
2024-01-19 07:58:58,574 - distributed.core - INFO - Event loop was unresponsive in Worker for 4.03s.  This is often caused by long-running GIL-holding functions or moving large chunks of data. This can cause timeouts and instability.
2024-01-19 07:58:58,574 - distributed.core - INFO - Event loop was unresponsive in Worker for 4.03s.  This is often caused by long-running GIL-holding functions or moving large chunks of data. This can cause timeouts and instability.
2024-01-19 08:04:39,773 - distributed.core - INFO - Event loop was unresponsive in Worker for 39.71s.  This is often caused by long-running GIL-holding functions or moving large chunks of data. This can cause timeouts and instability.
/mnt/storage/nobackup/nmb1063/mamba/envs/fegrow/lib/python3.9/site-packages/parmed/structure.py:1775: UnitStrippedWarning: The unit of the quantity is stripped when downcasting to ndarray.
  coords = np.array(value, dtype=np.float64, copy=False, subok=True)
/mnt/storage/nobackup/nmb1063/mamba/envs/fegrow/lib/python3.9/site-packages/torchani/__init__.py:55: UserWarning: Dependency not satisfied, torchani.ase will not be available
  warnings.warn("Dependency not satisfied, torchani.ase will not be available")
Warning: importing 'simtk.openmm' is deprecated.  Import 'openmm' instead.
2024-01-19 08:05:37,761 - distributed.worker - WARNING - Compute Failed
Key:       evaluate-755103ad-ea05-46c9-950e-75fb59504781
Function:  evaluate
args:      (<rdkit.Chem.rdchem.Mol object at 0x2aacb73aa810>, 6, '[H]c1nc([H])c(-n2c([H])c(-c3nc([H])c(F)c([H])c3[H])n([H])c2=S)c([H])c1[H]', '/mnt/storage/nobackup/nmb1063/code/gal/sars-cov-2-main-protease-al-study/rec_final.pdb', '/nobackup/nmb1063/sars-fegrow/gnina')
kwargs:    {}
Exception: 'RuntimeError("Can\'t redefine method: forward on class: __torch__.torchani.aev.AEVComputer (of Python compilation unit at: 0x2aacbdb1c6e0)")'

TIME changed dir: 0.0s
TIME changed dir: 0.0s
Generated 8 conformers. 
Removed 4 conformers. 
Generated 40 conformers. 
Removed 30 conformers. 
using ani2x
using ani2x
/mnt/storage/nobackup/nmb1063/mamba/envs/fegrow/lib/python3.9/site-packages/torchani/resources/
/mnt/storage/nobackup/nmb1063/mamba/envs/fegrow/lib/python3.9/site-packages/torchani/resources/
failed to equip `nnpops` with error: No module named 'NNPOps'
failed to equip `nnpops` with error: No module named 'NNPOps'
Optimising conformer:   0%|                              | 0/10 [00:00<?, ?it/s][W BinaryOps.cpp:601] Warning: floor_divide is deprecated, and will be removed in a future version of pytorch. It currently rounds toward 0 (like the 'trunc' function NOT 'floor'). This results in incorrect rounding for negative values.
To keep the current behavior, use torch.div(a, b, rounding_mode='trunc'), or for actual floor division, use torch.div(a, b, rounding_mode='floor'). (function operator())
Optimising conformer:  10%|██▏                   | 1/10 [00:03<00:33,  3.67s/it]Optimising conformer:  20%|████▍                 | 2/10 [00:05<00:19,  2.49s/it]Optimising conformer:  30%|██████▌               | 3/10 [00:08<00:18,  2.65s/it]Optimising conformer:  40%|████████▊             | 4/10 [00:11<00:17,  2.84s/it]Optimising conformer:  50%|███████████           | 5/10 [00:12<00:12,  2.42s/it]Optimising conformer:  60%|█████████████▏        | 6/10 [00:15<00:10,  2.54s/it]Optimising conformer:  70%|███████████████▍      | 7/10 [00:18<00:07,  2.52s/it]Optimising conformer:  80%|█████████████████▌    | 8/10 [00:20<00:05,  2.53s/it]Optimising conformer:  90%|███████████████████▊  | 9/10 [00:22<00:02,  2.36s/it]Optimising conformer: 100%|█████████████████████| 10/10 [00:26<00:00,  2.68s/it]Optimising conformer: 100%|█████████████████████| 10/10 [00:26<00:00,  2.62s/it]
2024-01-19 09:24:30,747 - distributed.worker - ERROR - Failed to communicate with scheduler during heartbeat.
Traceback (most recent call last):
  File "/mnt/storage/nobackup/nmb1063/mamba/envs/fegrow/lib/python3.9/site-packages/tornado/iostream.py", line 861, in _read_to_buffer
    bytes_read = self.read_from_fd(buf)
  File "/mnt/storage/nobackup/nmb1063/mamba/envs/fegrow/lib/python3.9/site-packages/tornado/iostream.py", line 1116, in read_from_fd
    return self.socket.recv_into(buf, len(buf))
TimeoutError: [Errno 110] Connection timed out

The above exception was the direct cause of the following exception:

Traceback (most recent call last):
  File "/mnt/storage/nobackup/nmb1063/mamba/envs/fegrow/lib/python3.9/site-packages/distributed/worker.py", line 1237, in heartbeat
    response = await retry_operation(
  File "/mnt/storage/nobackup/nmb1063/mamba/envs/fegrow/lib/python3.9/site-packages/distributed/utils_comm.py", line 434, in retry_operation
    return await retry(
  File "/mnt/storage/nobackup/nmb1063/mamba/envs/fegrow/lib/python3.9/site-packages/distributed/utils_comm.py", line 413, in retry
    return await coro()
  File "/mnt/storage/nobackup/nmb1063/mamba/envs/fegrow/lib/python3.9/site-packages/distributed/core.py", line 1227, in send_recv_from_rpc
    return await send_recv(comm=comm, op=key, **kwargs)
  File "/mnt/storage/nobackup/nmb1063/mamba/envs/fegrow/lib/python3.9/site-packages/distributed/core.py", line 986, in send_recv
    response = await comm.read(deserializers=deserializers)
  File "/mnt/storage/nobackup/nmb1063/mamba/envs/fegrow/lib/python3.9/site-packages/distributed/comm/tcp.py", line 241, in read
    convert_stream_closed_error(self, e)
  File "/mnt/storage/nobackup/nmb1063/mamba/envs/fegrow/lib/python3.9/site-packages/distributed/comm/tcp.py", line 142, in convert_stream_closed_error
    raise CommClosedError(f"in {obj}: {exc.__class__.__name__}: {exc}") from exc
distributed.comm.core.CommClosedError: in <TCP (closed) ConnectionPool.heartbeat_worker local=tcp://10.3.89.116:43352 remote=tcp://10.3.88.12:42763>: TimeoutError: [Errno 110] Connection timed out
2024-01-19 09:24:31,002 - distributed.worker - ERROR - Failed to communicate with scheduler during heartbeat.
Traceback (most recent call last):
  File "/mnt/storage/nobackup/nmb1063/mamba/envs/fegrow/lib/python3.9/site-packages/tornado/iostream.py", line 861, in _read_to_buffer
    bytes_read = self.read_from_fd(buf)
  File "/mnt/storage/nobackup/nmb1063/mamba/envs/fegrow/lib/python3.9/site-packages/tornado/iostream.py", line 1116, in read_from_fd
    return self.socket.recv_into(buf, len(buf))
TimeoutError: [Errno 110] Connection timed out

The above exception was the direct cause of the following exception:

Traceback (most recent call last):
  File "/mnt/storage/nobackup/nmb1063/mamba/envs/fegrow/lib/python3.9/site-packages/distributed/worker.py", line 1237, in heartbeat
    response = await retry_operation(
  File "/mnt/storage/nobackup/nmb1063/mamba/envs/fegrow/lib/python3.9/site-packages/distributed/utils_comm.py", line 434, in retry_operation
    return await retry(
  File "/mnt/storage/nobackup/nmb1063/mamba/envs/fegrow/lib/python3.9/site-packages/distributed/utils_comm.py", line 413, in retry
    return await coro()
  File "/mnt/storage/nobackup/nmb1063/mamba/envs/fegrow/lib/python3.9/site-packages/distributed/core.py", line 1227, in send_recv_from_rpc
    return await send_recv(comm=comm, op=key, **kwargs)
  File "/mnt/storage/nobackup/nmb1063/mamba/envs/fegrow/lib/python3.9/site-packages/distributed/core.py", line 986, in send_recv
    response = await comm.read(deserializers=deserializers)
  File "/mnt/storage/nobackup/nmb1063/mamba/envs/fegrow/lib/python3.9/site-packages/distributed/comm/tcp.py", line 241, in read
    convert_stream_closed_error(self, e)
  File "/mnt/storage/nobackup/nmb1063/mamba/envs/fegrow/lib/python3.9/site-packages/distributed/comm/tcp.py", line 142, in convert_stream_closed_error
    raise CommClosedError(f"in {obj}: {exc.__class__.__name__}: {exc}") from exc
distributed.comm.core.CommClosedError: in <TCP (closed) ConnectionPool.heartbeat_worker local=tcp://10.3.89.116:43354 remote=tcp://10.3.88.12:42763>: TimeoutError: [Errno 110] Connection timed out
2024-01-19 09:24:50,202 - distributed.core - INFO - Connection to tcp://10.3.88.12:42763 has been closed.
2024-01-19 09:24:50,203 - distributed.worker - INFO - Stopping worker at tcp://10.3.89.116:36206. Reason: worker-handle-scheduler-connection-broken
2024-01-19 09:24:50,202 - distributed.core - INFO - Connection to tcp://10.3.88.12:42763 has been closed.
2024-01-19 09:24:50,203 - distributed.worker - INFO - Stopping worker at tcp://10.3.89.116:45907. Reason: worker-handle-scheduler-connection-broken
2024-01-19 09:24:50,208 - distributed.nanny - INFO - Closing Nanny gracefully at 'tcp://10.3.89.116:37461'. Reason: worker-handle-scheduler-connection-broken
2024-01-19 09:24:50,209 - distributed.nanny - INFO - Closing Nanny gracefully at 'tcp://10.3.89.116:33428'. Reason: worker-handle-scheduler-connection-broken
2024-01-19 09:24:50,221 - distributed.worker - ERROR - Failed to communicate with scheduler during heartbeat.
Traceback (most recent call last):
  File "/mnt/storage/nobackup/nmb1063/mamba/envs/fegrow/lib/python3.9/site-packages/distributed/core.py", line 1389, in _connect
    comm = await connect(
  File "/mnt/storage/nobackup/nmb1063/mamba/envs/fegrow/lib/python3.9/site-packages/distributed/comm/core.py", line 291, in connect
    comm = await asyncio.wait_for(
  File "/mnt/storage/nobackup/nmb1063/mamba/envs/fegrow/lib/python3.9/asyncio/tasks.py", line 466, in wait_for
    await waiter
asyncio.exceptions.CancelledError

During handling of the above exception, another exception occurred:

Traceback (most recent call last):
  File "/mnt/storage/nobackup/nmb1063/mamba/envs/fegrow/lib/python3.9/site-packages/distributed/worker.py", line 1237, in heartbeat
    response = await retry_operation(
  File "/mnt/storage/nobackup/nmb1063/mamba/envs/fegrow/lib/python3.9/site-packages/distributed/utils_comm.py", line 434, in retry_operation
    return await retry(
  File "/mnt/storage/nobackup/nmb1063/mamba/envs/fegrow/lib/python3.9/site-packages/distributed/utils_comm.py", line 413, in retry
    return await coro()
  File "/mnt/storage/nobackup/nmb1063/mamba/envs/fegrow/lib/python3.9/site-packages/distributed/core.py", line 1224, in send_recv_from_rpc
    comm = await self.pool.connect(self.addr)
  File "/mnt/storage/nobackup/nmb1063/mamba/envs/fegrow/lib/python3.9/site-packages/distributed/core.py", line 1468, in connect
    return await connect_attempt
  File "/mnt/storage/nobackup/nmb1063/mamba/envs/fegrow/lib/python3.9/site-packages/distributed/core.py", line 1412, in _connect
    raise CommClosedError(reason)
distributed.comm.core.CommClosedError: ConnectionPool closing.
2024-01-19 09:24:50,229 - distributed.nanny - INFO - Worker closed
2024-01-19 09:24:50,217 - distributed.worker - ERROR - Failed to communicate with scheduler during heartbeat.
Traceback (most recent call last):
  File "/mnt/storage/nobackup/nmb1063/mamba/envs/fegrow/lib/python3.9/site-packages/distributed/core.py", line 1389, in _connect
    comm = await connect(
  File "/mnt/storage/nobackup/nmb1063/mamba/envs/fegrow/lib/python3.9/site-packages/distributed/comm/core.py", line 291, in connect
    comm = await asyncio.wait_for(
  File "/mnt/storage/nobackup/nmb1063/mamba/envs/fegrow/lib/python3.9/asyncio/tasks.py", line 466, in wait_for
    await waiter
asyncio.exceptions.CancelledError

During handling of the above exception, another exception occurred:

Traceback (most recent call last):
  File "/mnt/storage/nobackup/nmb1063/mamba/envs/fegrow/lib/python3.9/site-packages/distributed/worker.py", line 1237, in heartbeat
    response = await retry_operation(
  File "/mnt/storage/nobackup/nmb1063/mamba/envs/fegrow/lib/python3.9/site-packages/distributed/utils_comm.py", line 434, in retry_operation
    return await retry(
  File "/mnt/storage/nobackup/nmb1063/mamba/envs/fegrow/lib/python3.9/site-packages/distributed/utils_comm.py", line 413, in retry
    return await coro()
  File "/mnt/storage/nobackup/nmb1063/mamba/envs/fegrow/lib/python3.9/site-packages/distributed/core.py", line 1224, in send_recv_from_rpc
    comm = await self.pool.connect(self.addr)
  File "/mnt/storage/nobackup/nmb1063/mamba/envs/fegrow/lib/python3.9/site-packages/distributed/core.py", line 1468, in connect
    return await connect_attempt
  File "/mnt/storage/nobackup/nmb1063/mamba/envs/fegrow/lib/python3.9/site-packages/distributed/core.py", line 1412, in _connect
    raise CommClosedError(reason)
distributed.comm.core.CommClosedError: ConnectionPool closing.
2024-01-19 09:24:50,230 - distributed.nanny - INFO - Worker closed
2024-01-19 09:24:52,238 - distributed.nanny - ERROR - Worker process died unexpectedly
TIME Completed the molecule generation in 94.9s.
2024-01-19 09:24:52,804 - distributed.nanny - INFO - Closing Nanny at 'tcp://10.3.89.116:37461'. Reason: nanny-close-gracefully
2024-01-19 09:24:54,923 - distributed.nanny - INFO - Closing Nanny at 'tcp://10.3.89.116:33428'. Reason: nanny-close-gracefully
2024-01-19 09:24:54,925 - distributed.dask_worker - INFO - End worker
