hostname sb030.cluster
ipconfig 1: lo: <LOOPBACK,UP,LOWER_UP> mtu 65536 qdisc noqueue state UNKNOWN group default qlen 1000 link/loopback 00:00:00:00:00:00 brd 00:00:00:00:00:00 inet 127.0.0.1/8 scope host lo valid_lft forever preferred_lft forever inet6 ::1/128 scope host valid_lft forever preferred_lft forever 2: enp4s0f0: <BROADCAST,MULTICAST,UP,LOWER_UP> mtu 9000 qdisc mq state UP group default qlen 1000 link/ether a0:8c:f8:34:c9:e8 brd ff:ff:ff:ff:ff:ff inet 10.3.81.110/22 brd 10.3.83.255 scope global enp4s0f0 valid_lft forever preferred_lft forever inet6 fe80::a28c:f8ff:fe34:c9e8/64 scope link valid_lft forever preferred_lft forever 3: enp4s0f1: <BROADCAST,MULTICAST> mtu 1500 qdisc noop state DOWN group default qlen 1000 link/ether a0:8c:f8:34:c9:e9 brd ff:ff:ff:ff:ff:ff 4: enp4s0f2: <BROADCAST,MULTICAST> mtu 1500 qdisc noop state DOWN group default qlen 1000 link/ether a0:8c:f8:34:c9:ea brd ff:ff:ff:ff:ff:ff 5: enp4s0f3: <BROADCAST,MULTICAST> mtu 1500 qdisc noop state DOWN group default qlen 1000 link/ether a0:8c:f8:34:c9:eb brd ff:ff:ff:ff:ff:ff 6: ib0: <BROADCAST,MULTICAST,UP,LOWER_UP> mtu 4092 qdisc pfifo_fast state UP group default qlen 256 link/infiniband 80:00:00:29:fe:80:00:00:00:00:00:00:38:bc:01:03:00:4c:f3:10 brd 00:ff:ff:ff:ff:12:40:1b:ff:ff:00:00:00:00:00:00:ff:ff:ff:ff inet 10.3.89.110/22 brd 10.3.91.255 scope global ib0 valid_lft forever preferred_lft forever inet 10.3.97.110/22 brd 10.3.99.255 scope global ib0:1 valid_lft forever preferred_lft forever inet6 fe80::3abc:103:4c:f310/64 scope link valid_lft forever preferred_lft forever 7: ib1: <NO-CARRIER,BROADCAST,MULTICAST,UP> mtu 4092 qdisc pfifo_fast state DOWN group default qlen 256 link/infiniband 80:00:00:29:fe:80:00:00:00:00:00:00:38:bc:01:03:00:4c:f3:11 brd 00:ff:ff:ff:ff:12:40:1b:ff:ff:00:00:00:00:00:00:ff:ff:ff:ff
2024-01-19 07:55:54,091 - distributed.nanny - INFO -         Start Nanny at: 'tcp://10.3.89.110:36711'
2024-01-19 07:55:54,105 - distributed.nanny - INFO -         Start Nanny at: 'tcp://10.3.89.110:45761'
2024-01-19 07:55:58,452 - distributed.worker - INFO -       Start worker at:    tcp://10.3.89.110:43435
2024-01-19 07:55:58,452 - distributed.worker - INFO -       Start worker at:    tcp://10.3.89.110:33577
2024-01-19 07:55:58,455 - distributed.worker - INFO -          Listening to:    tcp://10.3.89.110:43435
2024-01-19 07:55:58,455 - distributed.worker - INFO -          Listening to:    tcp://10.3.89.110:33577
2024-01-19 07:55:58,455 - distributed.worker - INFO -           Worker name:          SLURMCluster-95-1
2024-01-19 07:55:58,455 - distributed.worker - INFO -           Worker name:          SLURMCluster-95-0
2024-01-19 07:55:58,455 - distributed.worker - INFO -          dashboard at:          10.3.89.110:39650
2024-01-19 07:55:58,455 - distributed.worker - INFO -          dashboard at:          10.3.89.110:38737
2024-01-19 07:55:58,455 - distributed.worker - INFO - Waiting to connect to:     tcp://10.3.88.12:42763
2024-01-19 07:55:58,455 - distributed.worker - INFO - Waiting to connect to:     tcp://10.3.88.12:42763
2024-01-19 07:55:58,455 - distributed.worker - INFO - -------------------------------------------------
2024-01-19 07:55:58,455 - distributed.worker - INFO - -------------------------------------------------
2024-01-19 07:55:58,455 - distributed.worker - INFO -               Threads:                          2
2024-01-19 07:55:58,455 - distributed.worker - INFO -               Threads:                          2
2024-01-19 07:55:58,455 - distributed.worker - INFO -                Memory:                  10.24 GiB
2024-01-19 07:55:58,455 - distributed.worker - INFO -                Memory:                  10.24 GiB
2024-01-19 07:55:58,455 - distributed.worker - INFO -       Local Directory: /scratch/dask-worker-space/worker-sh9v67yv
2024-01-19 07:55:58,455 - distributed.worker - INFO -       Local Directory: /scratch/dask-worker-space/worker-vps7ont1
2024-01-19 07:55:58,455 - distributed.worker - INFO - -------------------------------------------------
2024-01-19 07:55:58,455 - distributed.worker - INFO - -------------------------------------------------
2024-01-19 07:55:58,486 - distributed.worker - INFO -         Registered to:     tcp://10.3.88.12:42763
2024-01-19 07:55:58,487 - distributed.worker - INFO - -------------------------------------------------
2024-01-19 07:55:58,487 - distributed.core - INFO - Starting established connection to tcp://10.3.88.12:42763
2024-01-19 07:55:58,507 - distributed.worker - INFO -         Registered to:     tcp://10.3.88.12:42763
2024-01-19 07:55:58,507 - distributed.worker - INFO - -------------------------------------------------
2024-01-19 07:55:58,508 - distributed.core - INFO - Starting established connection to tcp://10.3.88.12:42763
2024-01-19 08:04:05,243 - distributed.core - INFO - Event loop was unresponsive in Worker for 5.09s.  This is often caused by long-running GIL-holding functions or moving large chunks of data. This can cause timeouts and instability.
/mnt/storage/nobackup/nmb1063/mamba/envs/fegrow/lib/python3.9/site-packages/parmed/structure.py:1775: UnitStrippedWarning: The unit of the quantity is stripped when downcasting to ndarray.
  coords = np.array(value, dtype=np.float64, copy=False, subok=True)
/mnt/storage/nobackup/nmb1063/mamba/envs/fegrow/lib/python3.9/site-packages/parmed/structure.py:1775: UnitStrippedWarning: The unit of the quantity is stripped when downcasting to ndarray.
  coords = np.array(value, dtype=np.float64, copy=False, subok=True)
/mnt/storage/nobackup/nmb1063/mamba/envs/fegrow/lib/python3.9/site-packages/torchani/__init__.py:55: UserWarning: Dependency not satisfied, torchani.ase will not be available
  warnings.warn("Dependency not satisfied, torchani.ase will not be available")
Warning: importing 'simtk.openmm' is deprecated.  Import 'openmm' instead.
2024-01-19 08:04:59,932 - distributed.worker - WARNING - Compute Failed
Key:       evaluate-50289298-243c-4872-8367-165f52e18626
Function:  evaluate
args:      (<rdkit.Chem.rdchem.Mol object at 0x2ae5edec89f0>, 6, '[H]c1nc([H])c(-c2nc3sc([H])c(C([H])([H])C4([H])C([H])([H])C4([H])[H])n3n2)c([H])c1[H]', '/mnt/storage/nobackup/nmb1063/code/gal/sars-cov-2-main-protease-al-study/rec_final.pdb', '/nobackup/nmb1063/sars-fegrow/gnina')
kwargs:    {}
Exception: 'RuntimeError("Can\'t redefine method: forward on class: __torch__.torchani.aev.AEVComputer (of Python compilation unit at: 0x2ae6bdf49af0)")'

TIME changed dir: 0.0s
TIME changed dir: 0.0s
Generated 14 conformers. 
Removed 7 conformers. 
Generated 38 conformers. 
Removed 32 conformers. 
using ani2x
using ani2x
/mnt/storage/nobackup/nmb1063/mamba/envs/fegrow/lib/python3.9/site-packages/torchani/resources/
/mnt/storage/nobackup/nmb1063/mamba/envs/fegrow/lib/python3.9/site-packages/torchani/resources/
failed to equip `nnpops` with error: No module named 'NNPOps'
failed to equip `nnpops` with error: No module named 'NNPOps'
Optimising conformer:   0%|                               | 0/6 [00:00<?, ?it/s][W BinaryOps.cpp:601] Warning: floor_divide is deprecated, and will be removed in a future version of pytorch. It currently rounds toward 0 (like the 'trunc' function NOT 'floor'). This results in incorrect rounding for negative values.
To keep the current behavior, use torch.div(a, b, rounding_mode='trunc'), or for actual floor division, use torch.div(a, b, rounding_mode='floor'). (function operator())
Optimising conformer:  17%|███▊                   | 1/6 [00:03<00:18,  3.73s/it]Optimising conformer:  33%|███████▋               | 2/6 [00:06<00:11,  2.91s/it]Optimising conformer:  50%|███████████▌           | 3/6 [00:08<00:07,  2.57s/it]Optimising conformer:  67%|███████████████▎       | 4/6 [00:10<00:04,  2.36s/it]Optimising conformer:  83%|███████████████████▏   | 5/6 [00:12<00:02,  2.33s/it]Optimising conformer: 100%|███████████████████████| 6/6 [00:14<00:00,  2.34s/it]Optimising conformer: 100%|███████████████████████| 6/6 [00:14<00:00,  2.49s/it]
2024-01-19 08:16:17,861 - distributed.utils_perf - INFO - full garbage collection released 21.84 MiB from 476517 reference cycles (threshold: 9.54 MiB)
2024-01-19 09:24:30,676 - distributed.worker - ERROR - Failed to communicate with scheduler during heartbeat.
Traceback (most recent call last):
  File "/mnt/storage/nobackup/nmb1063/mamba/envs/fegrow/lib/python3.9/site-packages/tornado/iostream.py", line 861, in _read_to_buffer
    bytes_read = self.read_from_fd(buf)
  File "/mnt/storage/nobackup/nmb1063/mamba/envs/fegrow/lib/python3.9/site-packages/tornado/iostream.py", line 1116, in read_from_fd
    return self.socket.recv_into(buf, len(buf))
TimeoutError: [Errno 110] Connection timed out

The above exception was the direct cause of the following exception:

Traceback (most recent call last):
  File "/mnt/storage/nobackup/nmb1063/mamba/envs/fegrow/lib/python3.9/site-packages/distributed/worker.py", line 1237, in heartbeat
    response = await retry_operation(
  File "/mnt/storage/nobackup/nmb1063/mamba/envs/fegrow/lib/python3.9/site-packages/distributed/utils_comm.py", line 434, in retry_operation
    return await retry(
  File "/mnt/storage/nobackup/nmb1063/mamba/envs/fegrow/lib/python3.9/site-packages/distributed/utils_comm.py", line 413, in retry
    return await coro()
  File "/mnt/storage/nobackup/nmb1063/mamba/envs/fegrow/lib/python3.9/site-packages/distributed/core.py", line 1227, in send_recv_from_rpc
    return await send_recv(comm=comm, op=key, **kwargs)
  File "/mnt/storage/nobackup/nmb1063/mamba/envs/fegrow/lib/python3.9/site-packages/distributed/core.py", line 986, in send_recv
    response = await comm.read(deserializers=deserializers)
  File "/mnt/storage/nobackup/nmb1063/mamba/envs/fegrow/lib/python3.9/site-packages/distributed/comm/tcp.py", line 241, in read
    convert_stream_closed_error(self, e)
  File "/mnt/storage/nobackup/nmb1063/mamba/envs/fegrow/lib/python3.9/site-packages/distributed/comm/tcp.py", line 142, in convert_stream_closed_error
    raise CommClosedError(f"in {obj}: {exc.__class__.__name__}: {exc}") from exc
distributed.comm.core.CommClosedError: in <TCP (closed) ConnectionPool.heartbeat_worker local=tcp://10.3.89.110:59354 remote=tcp://10.3.88.12:42763>: TimeoutError: [Errno 110] Connection timed out
2024-01-19 09:24:30,676 - distributed.worker - ERROR - Failed to communicate with scheduler during heartbeat.
Traceback (most recent call last):
  File "/mnt/storage/nobackup/nmb1063/mamba/envs/fegrow/lib/python3.9/site-packages/tornado/iostream.py", line 861, in _read_to_buffer
    bytes_read = self.read_from_fd(buf)
  File "/mnt/storage/nobackup/nmb1063/mamba/envs/fegrow/lib/python3.9/site-packages/tornado/iostream.py", line 1116, in read_from_fd
    return self.socket.recv_into(buf, len(buf))
TimeoutError: [Errno 110] Connection timed out

The above exception was the direct cause of the following exception:

Traceback (most recent call last):
  File "/mnt/storage/nobackup/nmb1063/mamba/envs/fegrow/lib/python3.9/site-packages/distributed/worker.py", line 1237, in heartbeat
    response = await retry_operation(
  File "/mnt/storage/nobackup/nmb1063/mamba/envs/fegrow/lib/python3.9/site-packages/distributed/utils_comm.py", line 434, in retry_operation
    return await retry(
  File "/mnt/storage/nobackup/nmb1063/mamba/envs/fegrow/lib/python3.9/site-packages/distributed/utils_comm.py", line 413, in retry
    return await coro()
  File "/mnt/storage/nobackup/nmb1063/mamba/envs/fegrow/lib/python3.9/site-packages/distributed/core.py", line 1227, in send_recv_from_rpc
    return await send_recv(comm=comm, op=key, **kwargs)
  File "/mnt/storage/nobackup/nmb1063/mamba/envs/fegrow/lib/python3.9/site-packages/distributed/core.py", line 986, in send_recv
    response = await comm.read(deserializers=deserializers)
  File "/mnt/storage/nobackup/nmb1063/mamba/envs/fegrow/lib/python3.9/site-packages/distributed/comm/tcp.py", line 241, in read
    convert_stream_closed_error(self, e)
  File "/mnt/storage/nobackup/nmb1063/mamba/envs/fegrow/lib/python3.9/site-packages/distributed/comm/tcp.py", line 142, in convert_stream_closed_error
    raise CommClosedError(f"in {obj}: {exc.__class__.__name__}: {exc}") from exc
distributed.comm.core.CommClosedError: in <TCP (closed) ConnectionPool.heartbeat_worker local=tcp://10.3.89.110:59344 remote=tcp://10.3.88.12:42763>: TimeoutError: [Errno 110] Connection timed out
2024-01-19 09:24:50,066 - distributed.core - INFO - Connection to tcp://10.3.88.12:42763 has been closed.
2024-01-19 09:24:50,068 - distributed.worker - INFO - Stopping worker at tcp://10.3.89.110:43435. Reason: worker-handle-scheduler-connection-broken
2024-01-19 09:24:50,073 - distributed.nanny - INFO - Closing Nanny gracefully at 'tcp://10.3.89.110:45761'. Reason: worker-handle-scheduler-connection-broken
2024-01-19 09:24:50,081 - distributed.worker - ERROR - Failed to communicate with scheduler during heartbeat.
Traceback (most recent call last):
  File "/mnt/storage/nobackup/nmb1063/mamba/envs/fegrow/lib/python3.9/site-packages/distributed/core.py", line 1389, in _connect
    comm = await connect(
  File "/mnt/storage/nobackup/nmb1063/mamba/envs/fegrow/lib/python3.9/site-packages/distributed/comm/core.py", line 291, in connect
    comm = await asyncio.wait_for(
  File "/mnt/storage/nobackup/nmb1063/mamba/envs/fegrow/lib/python3.9/asyncio/tasks.py", line 466, in wait_for
    await waiter
asyncio.exceptions.CancelledError

During handling of the above exception, another exception occurred:

Traceback (most recent call last):
  File "/mnt/storage/nobackup/nmb1063/mamba/envs/fegrow/lib/python3.9/site-packages/distributed/worker.py", line 1237, in heartbeat
    response = await retry_operation(
  File "/mnt/storage/nobackup/nmb1063/mamba/envs/fegrow/lib/python3.9/site-packages/distributed/utils_comm.py", line 434, in retry_operation
    return await retry(
  File "/mnt/storage/nobackup/nmb1063/mamba/envs/fegrow/lib/python3.9/site-packages/distributed/utils_comm.py", line 413, in retry
    return await coro()
  File "/mnt/storage/nobackup/nmb1063/mamba/envs/fegrow/lib/python3.9/site-packages/distributed/core.py", line 1224, in send_recv_from_rpc
    comm = await self.pool.connect(self.addr)
  File "/mnt/storage/nobackup/nmb1063/mamba/envs/fegrow/lib/python3.9/site-packages/distributed/core.py", line 1468, in connect
    return await connect_attempt
  File "/mnt/storage/nobackup/nmb1063/mamba/envs/fegrow/lib/python3.9/site-packages/distributed/core.py", line 1412, in _connect
    raise CommClosedError(reason)
distributed.comm.core.CommClosedError: ConnectionPool closing.
2024-01-19 09:24:50,090 - distributed.nanny - INFO - Worker closed
2024-01-19 09:24:50,130 - distributed.core - INFO - Connection to tcp://10.3.88.12:42763 has been closed.
2024-01-19 09:24:50,133 - distributed.worker - INFO - Stopping worker at tcp://10.3.89.110:33577. Reason: worker-handle-scheduler-connection-broken
2024-01-19 09:24:50,136 - distributed.nanny - INFO - Closing Nanny gracefully at 'tcp://10.3.89.110:36711'. Reason: worker-handle-scheduler-connection-broken
2024-01-19 09:24:50,139 - distributed.worker - ERROR - Failed to communicate with scheduler during heartbeat.
Traceback (most recent call last):
  File "/mnt/storage/nobackup/nmb1063/mamba/envs/fegrow/lib/python3.9/site-packages/distributed/core.py", line 1389, in _connect
    comm = await connect(
  File "/mnt/storage/nobackup/nmb1063/mamba/envs/fegrow/lib/python3.9/site-packages/distributed/comm/core.py", line 291, in connect
    comm = await asyncio.wait_for(
  File "/mnt/storage/nobackup/nmb1063/mamba/envs/fegrow/lib/python3.9/asyncio/tasks.py", line 466, in wait_for
    await waiter
asyncio.exceptions.CancelledError

During handling of the above exception, another exception occurred:

Traceback (most recent call last):
  File "/mnt/storage/nobackup/nmb1063/mamba/envs/fegrow/lib/python3.9/site-packages/distributed/worker.py", line 1237, in heartbeat
    response = await retry_operation(
  File "/mnt/storage/nobackup/nmb1063/mamba/envs/fegrow/lib/python3.9/site-packages/distributed/utils_comm.py", line 434, in retry_operation
    return await retry(
  File "/mnt/storage/nobackup/nmb1063/mamba/envs/fegrow/lib/python3.9/site-packages/distributed/utils_comm.py", line 413, in retry
    return await coro()
  File "/mnt/storage/nobackup/nmb1063/mamba/envs/fegrow/lib/python3.9/site-packages/distributed/core.py", line 1224, in send_recv_from_rpc
    comm = await self.pool.connect(self.addr)
  File "/mnt/storage/nobackup/nmb1063/mamba/envs/fegrow/lib/python3.9/site-packages/distributed/core.py", line 1468, in connect
    return await connect_attempt
  File "/mnt/storage/nobackup/nmb1063/mamba/envs/fegrow/lib/python3.9/site-packages/distributed/core.py", line 1412, in _connect
    raise CommClosedError(reason)
distributed.comm.core.CommClosedError: ConnectionPool closing.
2024-01-19 09:24:50,145 - distributed.nanny - INFO - Worker closed
2024-01-19 09:24:52,100 - distributed.nanny - ERROR - Worker process died unexpectedly
2024-01-19 09:24:52,146 - distributed.nanny - ERROR - Worker process died unexpectedly
TIME Completed the molecule generation in 75.7s.
2024-01-19 09:24:52,583 - distributed.nanny - INFO - Closing Nanny at 'tcp://10.3.89.110:45761'. Reason: nanny-close-gracefully
2024-01-19 09:24:54,748 - distributed.nanny - INFO - Closing Nanny at 'tcp://10.3.89.110:36711'. Reason: nanny-close-gracefully
2024-01-19 09:24:54,754 - distributed.dask_worker - INFO - End worker
