hostname sb038.cluster
ipconfig 1: lo: <LOOPBACK,UP,LOWER_UP> mtu 65536 qdisc noqueue state UNKNOWN group default qlen 1000 link/loopback 00:00:00:00:00:00 brd 00:00:00:00:00:00 inet 127.0.0.1/8 scope host lo valid_lft forever preferred_lft forever inet6 ::1/128 scope host valid_lft forever preferred_lft forever 2: enp4s0f0: <BROADCAST,MULTICAST,UP,LOWER_UP> mtu 9000 qdisc mq state UP group default qlen 1000 link/ether a0:8c:f8:34:c9:98 brd ff:ff:ff:ff:ff:ff inet 10.3.81.118/22 brd 10.3.83.255 scope global enp4s0f0 valid_lft forever preferred_lft forever inet6 fe80::a28c:f8ff:fe34:c998/64 scope link valid_lft forever preferred_lft forever 3: enp4s0f1: <BROADCAST,MULTICAST> mtu 1500 qdisc noop state DOWN group default qlen 1000 link/ether a0:8c:f8:34:c9:99 brd ff:ff:ff:ff:ff:ff 4: enp4s0f2: <BROADCAST,MULTICAST> mtu 1500 qdisc noop state DOWN group default qlen 1000 link/ether a0:8c:f8:34:c9:9a brd ff:ff:ff:ff:ff:ff 5: enp4s0f3: <BROADCAST,MULTICAST> mtu 1500 qdisc noop state DOWN group default qlen 1000 link/ether a0:8c:f8:34:c9:9b brd ff:ff:ff:ff:ff:ff 6: ib0: <BROADCAST,MULTICAST,UP,LOWER_UP> mtu 4092 qdisc pfifo_fast state UP group default qlen 256 link/infiniband 80:00:00:29:fe:80:00:00:00:00:00:00:38:bc:01:03:00:4c:f3:c0 brd 00:ff:ff:ff:ff:12:40:1b:ff:ff:00:00:00:00:00:00:ff:ff:ff:ff inet 10.3.89.118/22 brd 10.3.91.255 scope global ib0 valid_lft forever preferred_lft forever inet 10.3.97.118/22 brd 10.3.99.255 scope global ib0:1 valid_lft forever preferred_lft forever inet6 fe80::3abc:103:4c:f3c0/64 scope link valid_lft forever preferred_lft forever 7: ib1: <BROADCAST,MULTICAST> mtu 4092 qdisc noop state DOWN group default qlen 256 link/infiniband 80:00:00:29:fe:80:00:00:00:00:00:00:38:bc:01:03:00:4c:f3:c1 brd 00:ff:ff:ff:ff:12:40:1b:ff:ff:00:00:00:00:00:00:ff:ff:ff:ff
2024-01-19 07:55:54,064 - distributed.nanny - INFO -         Start Nanny at: 'tcp://10.3.89.118:44008'
2024-01-19 07:55:54,082 - distributed.nanny - INFO -         Start Nanny at: 'tcp://10.3.89.118:36952'
2024-01-19 07:55:58,373 - distributed.worker - INFO -       Start worker at:    tcp://10.3.89.118:34788
2024-01-19 07:55:58,373 - distributed.worker - INFO -       Start worker at:    tcp://10.3.89.118:45888
2024-01-19 07:55:58,374 - distributed.worker - INFO -          Listening to:    tcp://10.3.89.118:34788
2024-01-19 07:55:58,374 - distributed.worker - INFO -          Listening to:    tcp://10.3.89.118:45888
2024-01-19 07:55:58,374 - distributed.worker - INFO -           Worker name:         SLURMCluster-391-1
2024-01-19 07:55:58,374 - distributed.worker - INFO -           Worker name:         SLURMCluster-391-0
2024-01-19 07:55:58,374 - distributed.worker - INFO -          dashboard at:          10.3.89.118:40643
2024-01-19 07:55:58,374 - distributed.worker - INFO -          dashboard at:          10.3.89.118:39980
2024-01-19 07:55:58,374 - distributed.worker - INFO - Waiting to connect to:     tcp://10.3.88.12:42763
2024-01-19 07:55:58,374 - distributed.worker - INFO - Waiting to connect to:     tcp://10.3.88.12:42763
2024-01-19 07:55:58,374 - distributed.worker - INFO - -------------------------------------------------
2024-01-19 07:55:58,374 - distributed.worker - INFO - -------------------------------------------------
2024-01-19 07:55:58,374 - distributed.worker - INFO -               Threads:                          2
2024-01-19 07:55:58,374 - distributed.worker - INFO -               Threads:                          2
2024-01-19 07:55:58,374 - distributed.worker - INFO -                Memory:                  10.24 GiB
2024-01-19 07:55:58,374 - distributed.worker - INFO -                Memory:                  10.24 GiB
2024-01-19 07:55:58,374 - distributed.worker - INFO -       Local Directory: /scratch/dask-worker-space/worker-iwgg_7k5
2024-01-19 07:55:58,375 - distributed.worker - INFO -       Local Directory: /scratch/dask-worker-space/worker-m62acyru
2024-01-19 07:55:58,375 - distributed.worker - INFO - -------------------------------------------------
2024-01-19 07:55:58,375 - distributed.worker - INFO - -------------------------------------------------
2024-01-19 07:55:58,412 - distributed.worker - INFO -         Registered to:     tcp://10.3.88.12:42763
2024-01-19 07:55:58,412 - distributed.worker - INFO - -------------------------------------------------
2024-01-19 07:55:58,412 - distributed.core - INFO - Starting established connection to tcp://10.3.88.12:42763
2024-01-19 07:55:58,421 - distributed.worker - INFO -         Registered to:     tcp://10.3.88.12:42763
2024-01-19 07:55:58,421 - distributed.worker - INFO - -------------------------------------------------
2024-01-19 07:55:58,422 - distributed.core - INFO - Starting established connection to tcp://10.3.88.12:42763
2024-01-19 07:58:58,538 - distributed.core - INFO - Event loop was unresponsive in Worker for 3.82s.  This is often caused by long-running GIL-holding functions or moving large chunks of data. This can cause timeouts and instability.
2024-01-19 07:58:58,575 - distributed.core - INFO - Event loop was unresponsive in Worker for 3.84s.  This is often caused by long-running GIL-holding functions or moving large chunks of data. This can cause timeouts and instability.
2024-01-19 08:04:39,772 - distributed.core - INFO - Event loop was unresponsive in Worker for 39.71s.  This is often caused by long-running GIL-holding functions or moving large chunks of data. This can cause timeouts and instability.
/mnt/storage/nobackup/nmb1063/mamba/envs/fegrow/lib/python3.9/site-packages/parmed/structure.py:1775: UnitStrippedWarning: The unit of the quantity is stripped when downcasting to ndarray.
  coords = np.array(value, dtype=np.float64, copy=False, subok=True)
/mnt/storage/nobackup/nmb1063/mamba/envs/fegrow/lib/python3.9/site-packages/torchani/__init__.py:55: UserWarning: Dependency not satisfied, torchani.ase will not be available
  warnings.warn("Dependency not satisfied, torchani.ase will not be available")
Warning: importing 'simtk.openmm' is deprecated.  Import 'openmm' instead.
TIME changed dir: 0.0s
TIME changed dir: 0.0s
Generated 10 conformers. 
Removed 6 conformers. 
Generated 17 conformers. 
Removed 9 conformers. 
using ani2x
/mnt/storage/nobackup/nmb1063/mamba/envs/fegrow/lib/python3.9/site-packages/torchani/resources/
failed to equip `nnpops` with error: No module named 'NNPOps'
Optimising conformer:   0%|                               | 0/8 [00:00<?, ?it/s][W BinaryOps.cpp:601] Warning: floor_divide is deprecated, and will be removed in a future version of pytorch. It currently rounds toward 0 (like the 'trunc' function NOT 'floor'). This results in incorrect rounding for negative values.
To keep the current behavior, use torch.div(a, b, rounding_mode='trunc'), or for actual floor division, use torch.div(a, b, rounding_mode='floor'). (function operator())
Optimising conformer:  12%|██▉                    | 1/8 [00:03<00:21,  3.13s/it]Optimising conformer:  25%|█████▊                 | 2/8 [00:05<00:15,  2.55s/it]Optimising conformer:  38%|████████▋              | 3/8 [00:07<00:11,  2.21s/it]Optimising conformer:  50%|███████████▌           | 4/8 [00:09<00:09,  2.29s/it]Optimising conformer:  62%|██████████████▍        | 5/8 [00:11<00:06,  2.26s/it]Optimising conformer:  75%|█████████████████▎     | 6/8 [00:14<00:05,  2.52s/it]Optimising conformer:  88%|████████████████████▏  | 7/8 [00:16<00:02,  2.29s/it]Optimising conformer: 100%|███████████████████████| 8/8 [00:18<00:00,  2.23s/it]Optimising conformer: 100%|███████████████████████| 8/8 [00:18<00:00,  2.33s/it]
TIME Completed the molecule generation in 76.8s.
using ani2x
/mnt/storage/nobackup/nmb1063/mamba/envs/fegrow/lib/python3.9/site-packages/torchani/resources/
failed to equip `nnpops` with error: No module named 'NNPOps'
Optimising conformer:   0%|                               | 0/4 [00:00<?, ?it/s]Optimising conformer:  25%|█████▊                 | 1/4 [00:03<00:09,  3.15s/it]Optimising conformer:  50%|███████████▌           | 2/4 [00:05<00:05,  2.58s/it]Optimising conformer:  75%|█████████████████▎     | 3/4 [00:07<00:02,  2.43s/it]Optimising conformer: 100%|███████████████████████| 4/4 [00:09<00:00,  2.34s/it]Optimising conformer: 100%|███████████████████████| 4/4 [00:09<00:00,  2.45s/it]
2024-01-19 09:24:30,574 - distributed.worker - ERROR - Failed to communicate with scheduler during heartbeat.
Traceback (most recent call last):
  File "/mnt/storage/nobackup/nmb1063/mamba/envs/fegrow/lib/python3.9/site-packages/tornado/iostream.py", line 861, in _read_to_buffer
    bytes_read = self.read_from_fd(buf)
  File "/mnt/storage/nobackup/nmb1063/mamba/envs/fegrow/lib/python3.9/site-packages/tornado/iostream.py", line 1116, in read_from_fd
    return self.socket.recv_into(buf, len(buf))
TimeoutError: [Errno 110] Connection timed out

The above exception was the direct cause of the following exception:

Traceback (most recent call last):
  File "/mnt/storage/nobackup/nmb1063/mamba/envs/fegrow/lib/python3.9/site-packages/distributed/worker.py", line 1237, in heartbeat
    response = await retry_operation(
  File "/mnt/storage/nobackup/nmb1063/mamba/envs/fegrow/lib/python3.9/site-packages/distributed/utils_comm.py", line 434, in retry_operation
    return await retry(
  File "/mnt/storage/nobackup/nmb1063/mamba/envs/fegrow/lib/python3.9/site-packages/distributed/utils_comm.py", line 413, in retry
    return await coro()
  File "/mnt/storage/nobackup/nmb1063/mamba/envs/fegrow/lib/python3.9/site-packages/distributed/core.py", line 1227, in send_recv_from_rpc
    return await send_recv(comm=comm, op=key, **kwargs)
  File "/mnt/storage/nobackup/nmb1063/mamba/envs/fegrow/lib/python3.9/site-packages/distributed/core.py", line 986, in send_recv
    response = await comm.read(deserializers=deserializers)
  File "/mnt/storage/nobackup/nmb1063/mamba/envs/fegrow/lib/python3.9/site-packages/distributed/comm/tcp.py", line 241, in read
    convert_stream_closed_error(self, e)
  File "/mnt/storage/nobackup/nmb1063/mamba/envs/fegrow/lib/python3.9/site-packages/distributed/comm/tcp.py", line 142, in convert_stream_closed_error
    raise CommClosedError(f"in {obj}: {exc.__class__.__name__}: {exc}") from exc
distributed.comm.core.CommClosedError: in <TCP (closed) ConnectionPool.heartbeat_worker local=tcp://10.3.89.118:50338 remote=tcp://10.3.88.12:42763>: TimeoutError: [Errno 110] Connection timed out
2024-01-19 09:24:32,814 - distributed.worker - ERROR - Failed to communicate with scheduler during heartbeat.
Traceback (most recent call last):
  File "/mnt/storage/nobackup/nmb1063/mamba/envs/fegrow/lib/python3.9/site-packages/tornado/iostream.py", line 861, in _read_to_buffer
    bytes_read = self.read_from_fd(buf)
  File "/mnt/storage/nobackup/nmb1063/mamba/envs/fegrow/lib/python3.9/site-packages/tornado/iostream.py", line 1116, in read_from_fd
    return self.socket.recv_into(buf, len(buf))
TimeoutError: [Errno 110] Connection timed out

The above exception was the direct cause of the following exception:

Traceback (most recent call last):
  File "/mnt/storage/nobackup/nmb1063/mamba/envs/fegrow/lib/python3.9/site-packages/distributed/worker.py", line 1237, in heartbeat
    response = await retry_operation(
  File "/mnt/storage/nobackup/nmb1063/mamba/envs/fegrow/lib/python3.9/site-packages/distributed/utils_comm.py", line 434, in retry_operation
    return await retry(
  File "/mnt/storage/nobackup/nmb1063/mamba/envs/fegrow/lib/python3.9/site-packages/distributed/utils_comm.py", line 413, in retry
    return await coro()
  File "/mnt/storage/nobackup/nmb1063/mamba/envs/fegrow/lib/python3.9/site-packages/distributed/core.py", line 1227, in send_recv_from_rpc
    return await send_recv(comm=comm, op=key, **kwargs)
  File "/mnt/storage/nobackup/nmb1063/mamba/envs/fegrow/lib/python3.9/site-packages/distributed/core.py", line 986, in send_recv
    response = await comm.read(deserializers=deserializers)
  File "/mnt/storage/nobackup/nmb1063/mamba/envs/fegrow/lib/python3.9/site-packages/distributed/comm/tcp.py", line 241, in read
    convert_stream_closed_error(self, e)
  File "/mnt/storage/nobackup/nmb1063/mamba/envs/fegrow/lib/python3.9/site-packages/distributed/comm/tcp.py", line 142, in convert_stream_closed_error
    raise CommClosedError(f"in {obj}: {exc.__class__.__name__}: {exc}") from exc
distributed.comm.core.CommClosedError: in <TCP (closed) ConnectionPool.heartbeat_worker local=tcp://10.3.89.118:50334 remote=tcp://10.3.88.12:42763>: TimeoutError: [Errno 110] Connection timed out
2024-01-19 09:24:37,078 - distributed.core - INFO - Connection to tcp://10.3.88.12:42763 has been closed.
2024-01-19 09:24:37,078 - distributed.worker - INFO - Stopping worker at tcp://10.3.89.118:45888. Reason: worker-handle-scheduler-connection-broken
2024-01-19 09:24:37,078 - distributed.core - INFO - Connection to tcp://10.3.88.12:42763 has been closed.
2024-01-19 09:24:37,079 - distributed.worker - INFO - Stopping worker at tcp://10.3.89.118:34788. Reason: worker-handle-scheduler-connection-broken
2024-01-19 09:24:37,082 - distributed.nanny - INFO - Closing Nanny gracefully at 'tcp://10.3.89.118:44008'. Reason: worker-handle-scheduler-connection-broken
2024-01-19 09:24:37,083 - distributed.nanny - INFO - Closing Nanny gracefully at 'tcp://10.3.89.118:36952'. Reason: worker-handle-scheduler-connection-broken
2024-01-19 09:24:37,086 - distributed.worker - ERROR - Failed to communicate with scheduler during heartbeat.
Traceback (most recent call last):
  File "/mnt/storage/nobackup/nmb1063/mamba/envs/fegrow/lib/python3.9/site-packages/distributed/core.py", line 1389, in _connect
    comm = await connect(
  File "/mnt/storage/nobackup/nmb1063/mamba/envs/fegrow/lib/python3.9/site-packages/distributed/comm/core.py", line 291, in connect
    comm = await asyncio.wait_for(
  File "/mnt/storage/nobackup/nmb1063/mamba/envs/fegrow/lib/python3.9/asyncio/tasks.py", line 466, in wait_for
    await waiter
asyncio.exceptions.CancelledError

During handling of the above exception, another exception occurred:

Traceback (most recent call last):
  File "/mnt/storage/nobackup/nmb1063/mamba/envs/fegrow/lib/python3.9/site-packages/distributed/worker.py", line 1237, in heartbeat
    response = await retry_operation(
  File "/mnt/storage/nobackup/nmb1063/mamba/envs/fegrow/lib/python3.9/site-packages/distributed/utils_comm.py", line 434, in retry_operation
    return await retry(
  File "/mnt/storage/nobackup/nmb1063/mamba/envs/fegrow/lib/python3.9/site-packages/distributed/utils_comm.py", line 413, in retry
    return await coro()
  File "/mnt/storage/nobackup/nmb1063/mamba/envs/fegrow/lib/python3.9/site-packages/distributed/core.py", line 1224, in send_recv_from_rpc
    comm = await self.pool.connect(self.addr)
  File "/mnt/storage/nobackup/nmb1063/mamba/envs/fegrow/lib/python3.9/site-packages/distributed/core.py", line 1468, in connect
    return await connect_attempt
  File "/mnt/storage/nobackup/nmb1063/mamba/envs/fegrow/lib/python3.9/site-packages/distributed/core.py", line 1412, in _connect
    raise CommClosedError(reason)
distributed.comm.core.CommClosedError: ConnectionPool closing.
2024-01-19 09:24:37,091 - distributed.nanny - INFO - Worker closed
2024-01-19 09:24:37,089 - distributed.worker - ERROR - Failed to communicate with scheduler during heartbeat.
Traceback (most recent call last):
  File "/mnt/storage/nobackup/nmb1063/mamba/envs/fegrow/lib/python3.9/site-packages/distributed/core.py", line 1389, in _connect
    comm = await connect(
  File "/mnt/storage/nobackup/nmb1063/mamba/envs/fegrow/lib/python3.9/site-packages/distributed/comm/core.py", line 291, in connect
    comm = await asyncio.wait_for(
  File "/mnt/storage/nobackup/nmb1063/mamba/envs/fegrow/lib/python3.9/asyncio/tasks.py", line 466, in wait_for
    await waiter
asyncio.exceptions.CancelledError

During handling of the above exception, another exception occurred:

Traceback (most recent call last):
  File "/mnt/storage/nobackup/nmb1063/mamba/envs/fegrow/lib/python3.9/site-packages/distributed/worker.py", line 1237, in heartbeat
    response = await retry_operation(
  File "/mnt/storage/nobackup/nmb1063/mamba/envs/fegrow/lib/python3.9/site-packages/distributed/utils_comm.py", line 434, in retry_operation
    return await retry(
  File "/mnt/storage/nobackup/nmb1063/mamba/envs/fegrow/lib/python3.9/site-packages/distributed/utils_comm.py", line 413, in retry
    return await coro()
  File "/mnt/storage/nobackup/nmb1063/mamba/envs/fegrow/lib/python3.9/site-packages/distributed/core.py", line 1224, in send_recv_from_rpc
    comm = await self.pool.connect(self.addr)
  File "/mnt/storage/nobackup/nmb1063/mamba/envs/fegrow/lib/python3.9/site-packages/distributed/core.py", line 1468, in connect
    return await connect_attempt
  File "/mnt/storage/nobackup/nmb1063/mamba/envs/fegrow/lib/python3.9/site-packages/distributed/core.py", line 1412, in _connect
    raise CommClosedError(reason)
distributed.comm.core.CommClosedError: ConnectionPool closing.
2024-01-19 09:24:37,096 - distributed.nanny - INFO - Worker closed
2024-01-19 09:24:39,093 - distributed.nanny - ERROR - Worker process died unexpectedly
2024-01-19 09:24:39,100 - distributed.nanny - ERROR - Worker process died unexpectedly
TIME Completed the molecule generation in 117.2s.
2024-01-19 09:24:39,389 - distributed.nanny - INFO - Closing Nanny at 'tcp://10.3.89.118:44008'. Reason: nanny-close-gracefully
2024-01-19 09:24:42,473 - distributed.nanny - INFO - Closing Nanny at 'tcp://10.3.89.118:36952'. Reason: nanny-close-gracefully
2024-01-19 09:24:42,484 - distributed.dask_worker - INFO - End worker
